#
# A fatal error has been detected by the Java Runtime Environment:
#
#  SIGSEGV (0xb) at pc=0x00007fe432720526, pid=6322, tid=0x00007fe41b5da700
#
# JRE version: OpenJDK Runtime Environment (8.0_151-b12) (build 1.8.0_151-8u151-b12-1~deb9u1-b12)
# Java VM: OpenJDK 64-Bit Server VM (25.151-b12 mixed mode linux-amd64 compressed oops)
# Problematic frame:
# V  [libjvm.so+0x92a526]
#
# Failed to write core dump. Core dumps have been disabled. To enable core dumping, try "ulimit -c unlimited" before starting Java again
#
# If you would like to submit a bug report, please visit:
#   http://bugreport.java.com/bugreport/crash.jsp
#

---------------  T H R E A D  ---------------

Current thread (0x00007fe42c022800):  GCTaskThread [stack: 0x00007fe41b4da000,0x00007fe41b5db000] [id=6329]

siginfo: si_signo: 11 (SIGSEGV), si_code: 1 (SEGV_MAPERR), si_addr: 0x00000000000000e8

Registers:
RAX=0x0000000000000000, RBX=0x00000007bfd8f028, RCX=0x0000000000000000, RDX=0x00007fe432cf09e0
RSP=0x00007fe41b5d9ca0, RBP=0x00007fe41b5d9d20, RSI=0x00000007bfd8f028, RDI=0x00000007c0106088
R8 =0x00000007c01a9010, R9 =0x00007fe42c07e258, R10=0x0000000000000001, R11=0x00007fe432d18770
R12=0x0000000000000025, R13=0x00007fe42c07e1c0, R14=0x0000000000000000, R15=0x00007fe432cf09f0
RIP=0x00007fe432720526, EFLAGS=0x0000000000010246, CSGSFS=0x002b000000000033, ERR=0x0000000000000004
  TRAPNO=0x000000000000000e

Top of Stack: (sp=0x00007fe41b5d9ca0)
0x00007fe41b5d9ca0:   00000005cd386920 00000005cb77b2a8
0x00007fe41b5d9cb0:   00007fe42c07e1c0 00000005cb77b200
0x00007fe41b5d9cc0:   0000000500000000 0000000000000025
0x00007fe41b5d9cd0:   0000000000000025 00007fe42c07e1c0
0x00007fe41b5d9ce0:   00000007bfc987e8 3ccec02d6b923500
0x00007fe41b5d9cf0:   00007fe41b5d9d80 00007fe42c07e1c0
0x00007fe41b5d9d00:   00000007bfc98ac4 0000000000000001
0x00007fe41b5d9d10:   0000000000000000 00007fe432cf09f0
0x00007fe41b5d9d20:   00007fe41b5d9d80 00007fe43271fc48
0x00007fe41b5d9d30:   00007fe41b5d9d80 00007fe42c07e228
0x00007fe41b5d9d40:   00005fff0000e7ac 3ccec02d6b923500
0x00007fe41b5d9d50:   00007fe432c583b8 0000000000000001
0x00007fe41b5d9d60:   00007fe41b5d9dbc 00007fe41b5d9dc0
0x00007fe41b5d9d70:   0000000000000000 00007fe42c07f000
0x00007fe41b5d9d80:   00007fe41b5d9e00 00007fe432724402
0x00007fe41b5d9d90:   00007fe432cf09f0 00000005cb0a1f8c
0x00007fe41b5d9da0:   00007fe42c07e1c0 00007fe3c80e08e0
0x00007fe41b5d9db0:   00007fe42c0205e0 1e39ea032c0205e0
0x00007fe41b5d9dc0:   00000005cb0a1f8d 3ccec02d6b923500
0x00007fe41b5d9dd0:   00007fe41b5d9e00 0000000000000001
0x00007fe41b5d9de0:   00007fe3c80e08e0 00007fe4328db5e3
0x00007fe41b5d9df0:   00007fe42c022800 00007fe432d0e748
0x00007fe41b5d9e00:   00007fe41b5d9f10 00007fe43239b5b2
0x00007fe41b5d9e10:   00000000000003d8 00007fe42c0233c8
0x00007fe41b5d9e20:   00007fe42c022ff0 00007fe41b5d9ea0
0x00007fe41b5d9e30:   00007fe42c022fa0 00007fe42c022fe0
0x00007fe41b5d9e40:   00007fe41b5d9e58 0000000000000000
0x00007fe41b5d9e50:   00007fe432d145cc 0000000000000000
0x00007fe41b5d9e60:   00007fe42c022800 00007fe42c0233d0
0x00007fe41b5d9e70:   00007fe42c023410 00007fe42c023420
0x00007fe41b5d9e80:   00007fe42c0234f8 00000000000000d8
0x00007fe41b5d9e90:   00007fe42c023630 00007fe42c022800 

Instructions: (pc=0x00007fe432720526)
0x00007fe432720506:   48 8d 05 53 04 5c 00 4c 8b 33 80 38 00 0f 84 c6
0x00007fe432720516:   fd ff ff e9 f2 fd ff ff 66 90 48 8b 07 48 89 de
0x00007fe432720526:   ff 90 e8 00 00 00 89 c1 e9 74 fb ff ff 0f 1f 44
0x00007fe432720536:   00 00 49 89 45 08 4d 89 fe 45 31 d2 e9 35 ff ff 

Register to memory mapping:

RAX=0x0000000000000000 is an unknown value
RBX=0x00000007bfd8f028 is an oop

[error occurred during error reporting (printing register info), id 0xb]

Stack: [0x00007fe41b4da000,0x00007fe41b5db000],  sp=0x00007fe41b5d9ca0,  free space=1023k
Native frames: (J=compiled Java code, j=interpreted, Vv=VM code, C=native code)
V  [libjvm.so+0x92a526]
V  [libjvm.so+0x929c48]
V  [libjvm.so+0x92e402]
V  [libjvm.so+0x5a55b2]
V  [libjvm.so+0x8b8102]


---------------  P R O C E S S  ---------------

Java Threads: ( => current thread )
  0x00007fe42c00c000 JavaThread "DestroyJavaVM" [_thread_blocked, id=6327, stack(0x00007fe433a1f000,0x00007fe433b20000)]
  0x00007fe42cc0f000 JavaThread "Animation Thread" [_thread_blocked, id=6359, stack(0x00007fe39ae5e000,0x00007fe39af5f000)]
  0x00007fe394002800 JavaThread "Thread-1" daemon [_thread_in_native, id=6354, stack(0x00007fe39b262000,0x00007fe39ba63000)]
  0x00007fe42cc0c800 JavaThread "AWT-EventQueue-1" [_thread_blocked, id=6358, stack(0x00007fe39af5f000,0x00007fe39b060000)]
  0x00007fe42cc0a000 JavaThread "AWT-Shutdown" [_thread_blocked, id=6357, stack(0x00007fe39b060000,0x00007fe39b161000)]
  0x00007fe42cb65000 JavaThread "AWT-XAWT" daemon [_thread_in_native, id=6351, stack(0x00007fe400096000,0x00007fe400197000)]
  0x00007fe42cb44800 JavaThread "Java2D Disposer" daemon [_thread_blocked, id=6350, stack(0x00007fe4100ab000,0x00007fe4101ac000)]
  0x00007fe3b0091800 JavaThread "threadDeathWatcher-3-1" daemon [_thread_blocked, id=6349, stack(0x00007fe410e27000,0x00007fe410f28000)]
  0x00007fe42ca8d800 JavaThread "nioEventLoopGroup-2-1" [_thread_in_native, id=6348, stack(0x00007fe411564000,0x00007fe411665000)]
  0x00007fe42c0cd800 JavaThread "Service Thread" daemon [_thread_blocked, id=6345, stack(0x00007fe412c53000,0x00007fe412d54000)]
  0x00007fe42c0c1000 JavaThread "C1 CompilerThread3" daemon [_thread_blocked, id=6344, stack(0x00007fe412d54000,0x00007fe412e55000)]
  0x00007fe42c0bc800 JavaThread "C2 CompilerThread2" daemon [_thread_blocked, id=6343, stack(0x00007fe412e55000,0x00007fe412f56000)]
  0x00007fe42c0ba800 JavaThread "C2 CompilerThread1" daemon [_thread_blocked, id=6342, stack(0x00007fe412f56000,0x00007fe413057000)]
  0x00007fe42c0b7800 JavaThread "C2 CompilerThread0" daemon [_thread_blocked, id=6341, stack(0x00007fe413057000,0x00007fe413158000)]
  0x00007fe42c0b5800 JavaThread "Signal Dispatcher" daemon [_thread_blocked, id=6340, stack(0x00007fe413158000,0x00007fe413259000)]
  0x00007fe42c08d800 JavaThread "Finalizer" daemon [_thread_blocked, id=6339, stack(0x00007fe4133f4000,0x00007fe4134f5000)]
  0x00007fe42c089000 JavaThread "Reference Handler" daemon [_thread_blocked, id=6338, stack(0x00007fe4134f5000,0x00007fe4135f6000)]

Other Threads:
  0x00007fe42c081800 VMThread [stack: 0x00007fe4135f6000,0x00007fe4136f7000] [id=6337]
  0x00007fe42c0d0000 WatcherThread [stack: 0x00007fe412b52000,0x00007fe412c53000] [id=6346]

=>0x00007fe42c022800 (exited) GCTaskThread [stack: 0x00007fe41b4da000,0x00007fe41b5db000] [id=6329]

VM state:at safepoint (normal execution)

VM Mutex/Monitor currently owned by a thread:  ([mutex/lock_event])
[0x00007fe42c0080a0] Threads_lock - owner thread: 0x00007fe42c081800
[0x00007fe42c0085a0] Heap_lock - owner thread: 0x00007fe42cc0f000

Heap:
 PSYoungGen      total 1640960K, used 1640512K [0x0000000718b80000, 0x00000007bfe80000, 0x00000007c0000000)
  eden space 1639936K, 100% used [0x0000000718b80000,0x000000077cd00000,0x000000077cd00000)
  from space 1024K, 56% used [0x00000007bfd80000,0x00000007bfe10110,0x00000007bfe80000)
  to   space 1024K, 59% used [0x00000007bfc80000,0x00000007bfd18110,0x00000007bfd80000)
 ParOldGen       total 233472K, used 69364K [0x00000005ca200000, 0x00000005d8600000, 0x0000000718b80000)
  object space 233472K, 29% used [0x00000005ca200000,0x00000005ce5bd398,0x00000005d8600000)
 Metaspace       used 33051K, capacity 33496K, committed 33792K, reserved 1079296K
  class space    used 3627K, capacity 3776K, committed 3840K, reserved 1048576K

Card table byte_map: [0x00007fe41c050000,0x00007fe41d000000] byte_map_base: 0x00007fe4191ff000

Marking Bits: (ParMarkBitMap*) 0x00007fe432d182c0
 Begin Bits: [0x00007fe3dc510000, 0x00007fe3e4288000)
 End Bits:   [0x00007fe3e4288000, 0x00007fe3ec000000)

Polling page: 0x00007fe433b3d000

CodeCache: size=245760Kb used=11959Kb max_used=11970Kb free=233800Kb
 bounds [0x00007fe41d000000, 0x00007fe41dbe0000, 0x00007fe42c000000]
 total_blobs=4444 nmethods=3688 adapters=669
 compilation: enabled

Compilation events (10 events):
Event: 190.581 Thread 0x00007fe42c0ba800 4490       4       io.netty.buffer.AbstractByteBuf::readBytes (12 bytes)
Event: 190.586 Thread 0x00007fe42c0ba800 nmethod 4490 0x00007fe41d877fd0 code [0x00007fe41d8781a0, 0x00007fe41d878838]
Event: 191.166 Thread 0x00007fe42c0bc800 4491   !   4       sun.font.AttributeValues::merge (131 bytes)
Event: 191.177 Thread 0x00007fe42c0bc800 nmethod 4491 0x00007fe41d672150 code [0x00007fe41d672380, 0x00007fe41d672f80]
Event: 191.425 Thread 0x00007fe42c0b7800 4492       4       java.nio.DirectByteBuffer::<init> (35 bytes)
Event: 191.426 Thread 0x00007fe42c0b7800 nmethod 4492 0x00007fe41d7173d0 code [0x00007fe41d717540, 0x00007fe41d7177d8]
Event: 191.933 Thread 0x00007fe42c0c1000 4494   !   3       io.netty.util.ThreadDeathWatcher$Watcher::notifyWatchees (82 bytes)
Event: 191.934 Thread 0x00007fe42c0c1000 nmethod 4494 0x00007fe41d2694d0 code [0x00007fe41d269720, 0x00007fe41d26a498]
Event: 191.934 Thread 0x00007fe42c0c1000 4493       3       io.netty.util.ThreadDeathWatcher$Watcher::fetchWatchees (55 bytes)
Event: 191.934 Thread 0x00007fe42c0c1000 nmethod 4493 0x00007fe41d2957d0 code [0x00007fe41d295980, 0x00007fe41d295f68]

GC Heap History (10 events):
Event: 191.315 GC heap after
Heap after GC invocations=993 (full 1):
 PSYoungGen      total 1968640K, used 539K [0x0000000718b80000, 0x00000007bff00000, 0x00000007c0000000)
  eden space 1967616K, 0% used [0x0000000718b80000,0x0000000718b80000,0x0000000790d00000)
  from space 1024K, 52% used [0x00000007bfe00000,0x00000007bfe86e78,0x00000007bff00000)
  to   space 1024K, 0% used [0x00000007bfd00000,0x00000007bfd00000,0x00000007bfe00000)
 ParOldGen       total 233472K, used 68860K [0x00000005ca200000, 0x00000005d8600000, 0x0000000718b80000)
  object space 233472K, 29% used [0x00000005ca200000,0x00000005ce53f398,0x00000005d8600000)
 Metaspace       used 33049K, capacity 33496K, committed 33792K, reserved 1079296K
  class space    used 3627K, capacity 3776K, committed 3840K, reserved 1048576K
}
Event: 191.487 GC heap before
{Heap before GC invocations=994 (full 1):
 PSYoungGen      total 1968640K, used 1968155K [0x0000000718b80000, 0x00000007bff00000, 0x00000007c0000000)
  eden space 1967616K, 100% used [0x0000000718b80000,0x0000000790d00000,0x0000000790d00000)
  from space 1024K, 52% used [0x00000007bfe00000,0x00000007bfe86e78,0x00000007bff00000)
  to   space 1024K, 0% used [0x00000007bfd00000,0x00000007bfd00000,0x00000007bfe00000)
 ParOldGen       total 233472K, used 68860K [0x00000005ca200000, 0x00000005d8600000, 0x0000000718b80000)
  object space 233472K, 29% used [0x00000005ca200000,0x00000005ce53f398,0x00000005d8600000)
 Metaspace       used 33049K, capacity 33496K, committed 33792K, reserved 1079296K
  class space    used 3627K, capacity 3776K, committed 3840K, reserved 1048576K
Event: 191.489 GC heap after
Heap after GC invocations=994 (full 1):
 PSYoungGen      total 1880576K, used 575K [0x0000000718b80000, 0x00000007bfe80000, 0x00000007c0000000)
  eden space 1879552K, 0% used [0x0000000718b80000,0x0000000718b80000,0x000000078b700000)
  from space 1024K, 56% used [0x00000007bfd00000,0x00000007bfd8fef8,0x00000007bfe00000)
  to   space 512K, 0% used [0x00000007bfe00000,0x00000007bfe00000,0x00000007bfe80000)
 ParOldGen       total 233472K, used 68860K [0x00000005ca200000, 0x00000005d8600000, 0x0000000718b80000)
  object space 233472K, 29% used [0x00000005ca200000,0x00000005ce53f398,0x00000005d8600000)
 Metaspace       used 33049K, capacity 33496K, committed 33792K, reserved 1079296K
  class space    used 3627K, capacity 3776K, committed 3840K, reserved 1048576K
}
Event: 191.647 GC heap before
{Heap before GC invocations=995 (full 1):
 PSYoungGen      total 1880576K, used 1880127K [0x0000000718b80000, 0x00000007bfe80000, 0x00000007c0000000)
  eden space 1879552K, 100% used [0x0000000718b80000,0x000000078b700000,0x000000078b700000)
  from space 1024K, 56% used [0x00000007bfd00000,0x00000007bfd8fef8,0x00000007bfe00000)
  to   space 512K, 0% used [0x00000007bfe00000,0x00000007bfe00000,0x00000007bfe80000)
 ParOldGen       total 233472K, used 68860K [0x00000005ca200000, 0x00000005d8600000, 0x0000000718b80000)
  object space 233472K, 29% used [0x00000005ca200000,0x00000005ce53f398,0x00000005d8600000)
 Metaspace       used 33049K, capacity 33496K, committed 33792K, reserved 1079296K
  class space    used 3627K, capacity 3776K, committed 3840K, reserved 1048576K
Event: 191.649 GC heap after
Heap after GC invocations=995 (full 1):
 PSYoungGen      total 1796096K, used 160K [0x0000000718b80000, 0x00000007bfe80000, 0x00000007c0000000)
  eden space 1795584K, 0% used [0x0000000718b80000,0x0000000718b80000,0x0000000786500000)
  from space 512K, 31% used [0x00000007bfe00000,0x00000007bfe28000,0x00000007bfe80000)
  to   space 1024K, 0% used [0x00000007bfc80000,0x00000007bfc80000,0x00000007bfd80000)
 ParOldGen       total 233472K, used 69276K [0x00000005ca200000, 0x00000005d8600000, 0x0000000718b80000)
  object space 233472K, 29% used [0x00000005ca200000,0x00000005ce5a7398,0x00000005d8600000)
 Metaspace       used 33049K, capacity 33496K, committed 33792K, reserved 1079296K
  class space    used 3627K, capacity 3776K, committed 3840K, reserved 1048576K
}
Event: 191.797 GC heap before
{Heap before GC invocations=996 (full 1):
 PSYoungGen      total 1796096K, used 1795744K [0x0000000718b80000, 0x00000007bfe80000, 0x00000007c0000000)
  eden space 1795584K, 100% used [0x0000000718b80000,0x0000000786500000,0x0000000786500000)
  from space 512K, 31% used [0x00000007bfe00000,0x00000007bfe28000,0x00000007bfe80000)
  to   space 1024K, 0% used [0x00000007bfc80000,0x00000007bfc80000,0x00000007bfd80000)
 ParOldGen       total 233472K, used 69276K [0x00000005ca200000, 0x00000005d8600000, 0x0000000718b80000)
  object space 233472K, 29% used [0x00000005ca200000,0x00000005ce5a7398,0x00000005d8600000)
 Metaspace       used 33049K, capacity 33496K, committed 33792K, reserved 1079296K
  class space    used 3627K, capacity 3776K, committed 3840K, reserved 1048576K
Event: 191.798 GC heap after
Heap after GC invocations=996 (full 1):
 PSYoungGen      total 1716736K, used 192K [0x0000000718b80000, 0x00000007bfe80000, 0x00000007c0000000)
  eden space 1715712K, 0% used [0x0000000718b80000,0x0000000718b80000,0x0000000781700000)
  from space 1024K, 18% used [0x00000007bfc80000,0x00000007bfcb0000,0x00000007bfd80000)
  to   space 1024K, 0% used [0x00000007bfd80000,0x00000007bfd80000,0x00000007bfe80000)
 ParOldGen       total 233472K, used 69316K [0x00000005ca200000, 0x00000005d8600000, 0x0000000718b80000)
  object space 233472K, 29% used [0x00000005ca200000,0x00000005ce5b1398,0x00000005d8600000)
 Metaspace       used 33049K, capacity 33496K, committed 33792K, reserved 1079296K
  class space    used 3627K, capacity 3776K, committed 3840K, reserved 1048576K
}
Event: 191.951 GC heap before
{Heap before GC invocations=997 (full 1):
 PSYoungGen      total 1716736K, used 1715904K [0x0000000718b80000, 0x00000007bfe80000, 0x00000007c0000000)
  eden space 1715712K, 100% used [0x0000000718b80000,0x0000000781700000,0x0000000781700000)
  from space 1024K, 18% used [0x00000007bfc80000,0x00000007bfcb0000,0x00000007bfd80000)
  to   space 1024K, 0% used [0x00000007bfd80000,0x00000007bfd80000,0x00000007bfe80000)
 ParOldGen       total 233472K, used 69316K [0x00000005ca200000, 0x00000005d8600000, 0x0000000718b80000)
  object space 233472K, 29% used [0x00000005ca200000,0x00000005ce5b1398,0x00000005d8600000)
 Metaspace       used 33051K, capacity 33496K, committed 33792K, reserved 1079296K
  class space    used 3627K, capacity 3776K, committed 3840K, reserved 1048576K
Event: 191.952 GC heap after
Heap after GC invocations=997 (full 1):
 PSYoungGen      total 1640960K, used 576K [0x0000000718b80000, 0x00000007bfe80000, 0x00000007c0000000)
  eden space 1639936K, 0% used [0x0000000718b80000,0x0000000718b80000,0x000000077cd00000)
  from space 1024K, 56% used [0x00000007bfd80000,0x00000007bfe10110,0x00000007bfe80000)
  to   space 1024K, 0% used [0x00000007bfc80000,0x00000007bfc80000,0x00000007bfd80000)
 ParOldGen       total 233472K, used 69348K [0x00000005ca200000, 0x00000005d8600000, 0x0000000718b80000)
  object space 233472K, 29% used [0x00000005ca200000,0x00000005ce5b9398,0x00000005d8600000)
 Metaspace       used 33051K, capacity 33496K, committed 33792K, reserved 1079296K
  class space    used 3627K, capacity 3776K, committed 3840K, reserved 1048576K
}
Event: 192.084 GC heap before
{Heap before GC invocations=998 (full 1):
 PSYoungGen      total 1640960K, used 1640512K [0x0000000718b80000, 0x00000007bfe80000, 0x00000007c0000000)
  eden space 1639936K, 100% used [0x0000000718b80000,0x000000077cd00000,0x000000077cd00000)
  from space 1024K, 56% used [0x00000007bfd80000,0x00000007bfe10110,0x00000007bfe80000)
  to   space 1024K, 0% used [0x00000007bfc80000,0x00000007bfc80000,0x00000007bfd80000)
 ParOldGen       total 233472K, used 69348K [0x00000005ca200000, 0x00000005d8600000, 0x0000000718b80000)
  object space 233472K, 29% used [0x00000005ca200000,0x00000005ce5b9398,0x00000005d8600000)
 Metaspace       used 33051K, capacity 33496K, committed 33792K, reserved 1079296K
  class space    used 3627K, capacity 3776K, committed 3840K, reserved 1048576K

Deoptimization events (10 events):
Event: 55.022 Thread 0x00007fe42cc0f000 Uncommon trap: reason=unstable_if action=reinterpret pc=0x00007fe41d6e3338 method=sun.font.FileFontStrike.getGlyphImagePtr(I)J @ 21
Event: 78.340 Thread 0x00007fe42cc0f000 Uncommon trap: reason=unstable_if action=reinterpret pc=0x00007fe41d6438c8 method=sun.font.CompositeGlyphMapper.charsToGlyphs(I[C[I)V @ 136
Event: 78.340 Thread 0x00007fe42cc0f000 Uncommon trap: reason=unstable_if action=reinterpret pc=0x00007fe41da1d34c method=sun.font.FileFontStrike.getGlyphImagePtr(I)J @ 21
Event: 95.862 Thread 0x00007fe42ca8d800 Uncommon trap: reason=class_check action=maybe_recompile pc=0x00007fe41d5ddb7c method=com.google.common.collect.TransformedIterator.<init>(Ljava/util/Iterator;)V @ 9
Event: 95.862 Thread 0x00007fe42ca8d800 Uncommon trap: reason=class_check action=maybe_recompile pc=0x00007fe41d5ddb7c method=com.google.common.collect.TransformedIterator.<init>(Ljava/util/Iterator;)V @ 9
Event: 95.862 Thread 0x00007fe42ca8d800 Uncommon trap: reason=class_check action=maybe_recompile pc=0x00007fe41d5ddb7c method=com.google.common.collect.TransformedIterator.<init>(Ljava/util/Iterator;)V @ 9
Event: 95.862 Thread 0x00007fe42ca8d800 Uncommon trap: reason=class_check action=maybe_recompile pc=0x00007fe41d5ddb7c method=com.google.common.collect.TransformedIterator.<init>(Ljava/util/Iterator;)V @ 9
Event: 95.862 Thread 0x00007fe42ca8d800 Uncommon trap: reason=class_check action=maybe_recompile pc=0x00007fe41da92920 method=com.google.common.collect.TransformedIterator.<init>(Ljava/util/Iterator;)V @ 9
Event: 118.974 Thread 0x00007fe42cc0c800 Uncommon trap: reason=unstable_if action=reinterpret pc=0x00007fe41db508b4 method=java.security.AccessControlContext.optimize()Ljava/security/AccessControlContext; @ 263
Event: 141.609 Thread 0x00007fe42ca8d800 Uncommon trap: reason=unstable_if action=reinterpret pc=0x00007fe41db2da48 method=sun.misc.FloatingDecimal$BinaryToASCIIBuffer.dtoa(IJIZ)V @ 379

Internal exceptions (10 events):
Event: 0.604 Thread 0x00007fe42c00c000 Exception <a 'java/lang/UnsatisfiedLinkError': io.netty.internal.tcnative.Library.aprMajorVersion()I> (0x000000071d43a470) thrown at [/build/openjdk-8-8u151-b12/src/hotspot/src/share/vm/prims/nativeLookup.cpp, line 378]
Event: 1.072 Thread 0x00007fe42ca8d800 Exception <a 'java/lang/ArrayIndexOutOfBoundsException': 128> (0x0000000719c37f00) thrown at [/build/openjdk-8-8u151-b12/src/hotspot/src/share/vm/interpreter/interpreterRuntime.cpp, line 366]
Event: 1.156 Thread 0x00007fe42c00c000 Exception <a 'java/io/FileNotFoundException'> (0x000000071a851098) thrown at [/build/openjdk-8-8u151-b12/src/hotspot/src/share/vm/prims/jni.cpp, line 709]
Event: 1.164 Thread 0x00007fe42c00c000 Exception <a 'java/lang/ClassNotFoundException': sun/dc/DuctusRenderingEngine> (0x000000071a884180) thrown at [/build/openjdk-8-8u151-b12/src/hotspot/src/share/vm/classfile/systemDictionary.cpp, line 210]
Event: 1.520 Thread 0x00007fe42c00c000 Implicit null exception at 0x00007fe41d2189f5 to 0x00007fe41d218db5
Event: 1.522 Thread 0x00007fe42c00c000 Implicit null exception at 0x00007fe41d1d5676 to 0x00007fe41d1d5a35
Event: 1.525 Thread 0x00007fe42c00c000 Implicit null exception at 0x00007fe41d296ff5 to 0x00007fe41d297205
Event: 1.525 Thread 0x00007fe42c00c000 Implicit null exception at 0x00007fe41d3a59bb to 0x00007fe41d3a5e69
Event: 1.526 Thread 0x00007fe42c00c000 Implicit null exception at 0x00007fe41d27c32f to 0x00007fe41d27c399
Event: 1.663 Thread 0x00007fe42cc0c800 Exception <a 'java/lang/UnsupportedOperationException': > (0x000000071b5c45a0) thrown at [/build/openjdk-8-8u151-b12/src/hotspot/src/share/vm/prims/jni.cpp, line 735]

Events (10 events):
Event: 191.487 Executing VM operation: ParallelGCFailedAllocation
Event: 191.489 Executing VM operation: ParallelGCFailedAllocation done
Event: 191.647 Executing VM operation: ParallelGCFailedAllocation
Event: 191.649 Executing VM operation: ParallelGCFailedAllocation done
Event: 191.797 Executing VM operation: ParallelGCFailedAllocation
Event: 191.798 Executing VM operation: ParallelGCFailedAllocation done
Event: 191.934 Thread 0x00007fe42c0c1000 flushing nmethod 0x00007fe41d2c1110
Event: 191.951 Executing VM operation: ParallelGCFailedAllocation
Event: 191.952 Executing VM operation: ParallelGCFailedAllocation done
Event: 192.084 Executing VM operation: ParallelGCFailedAllocation


Dynamic libraries:
5ca200000-5d8600000 rw-p 00000000 00:00 0 
5d8600000-718b80000 ---p 00000000 00:00 0 
718b80000-7bfe80000 rw-p 00000000 00:00 0 
7bfe80000-7c0000000 ---p 00000000 00:00 0 
7c0000000-7c03c0000 rw-p 00000000 00:00 0 
7c03c0000-800000000 ---p 00000000 00:00 0 
564f96c74000-564f96c75000 r-xp 00000000 08:01 6161625                    /usr/lib/jvm/java-8-openjdk-amd64/jre/bin/java
564f96e74000-564f96e75000 r--p 00000000 08:01 6161625                    /usr/lib/jvm/java-8-openjdk-amd64/jre/bin/java
564f96e75000-564f96e76000 rw-p 00001000 08:01 6161625                    /usr/lib/jvm/java-8-openjdk-amd64/jre/bin/java
564f985bc000-564f985dd000 rw-p 00000000 00:00 0                          [heap]
7fe37c000000-7fe37c096000 rw-p 00000000 00:00 0 
7fe37c096000-7fe380000000 ---p 00000000 00:00 0 
7fe384000000-7fe384021000 rw-p 00000000 00:00 0 
7fe384021000-7fe388000000 ---p 00000000 00:00 0 
7fe388000000-7fe3881a3000 rw-p 00000000 00:00 0 
7fe3881a3000-7fe38c000000 ---p 00000000 00:00 0 
7fe38c000000-7fe38c041000 rw-p 00000000 00:00 0 
7fe38c041000-7fe390000000 ---p 00000000 00:00 0 
7fe390000000-7fe390021000 rw-p 00000000 00:00 0 
7fe390021000-7fe394000000 ---p 00000000 00:00 0 
7fe394000000-7fe394021000 rw-p 00000000 00:00 0 
7fe394021000-7fe398000000 ---p 00000000 00:00 0 
7fe39a6da000-7fe39a81a000 rw-p 00000000 00:00 0 
7fe39a81a000-7fe39a8da000 ---p 00000000 00:00 0 
7fe39a8da000-7fe39ac5e000 rw-s 00000000 00:05 160956418                  /SYSV00000000 (deleted)
7fe39ac5e000-7fe39ae5e000 rw-p 00000000 00:00 0 
7fe39ae5e000-7fe39ae61000 ---p 00000000 00:00 0 
7fe39ae61000-7fe39af5f000 rw-p 00000000 00:00 0 
7fe39af5f000-7fe39af62000 ---p 00000000 00:00 0 
7fe39af62000-7fe39b060000 rw-p 00000000 00:00 0 
7fe39b060000-7fe39b063000 ---p 00000000 00:00 0 
7fe39b063000-7fe39b161000 rw-p 00000000 00:00 0 
7fe39b161000-7fe39b164000 ---p 00000000 00:00 0 
7fe39b164000-7fe39b262000 rw-p 00000000 00:00 0 
7fe39b262000-7fe39b265000 ---p 00000000 00:00 0 
7fe39b265000-7fe39bc63000 rw-p 00000000 00:00 0 
7fe39bc63000-7fe39bc67000 r-xp 00000000 08:01 7077985                    /lib/x86_64-linux-gnu/libuuid.so.1.3.0
7fe39bc67000-7fe39be66000 ---p 00004000 08:01 7077985                    /lib/x86_64-linux-gnu/libuuid.so.1.3.0
7fe39be66000-7fe39be67000 r--p 00003000 08:01 7077985                    /lib/x86_64-linux-gnu/libuuid.so.1.3.0
7fe39be67000-7fe39be68000 rw-p 00004000 08:01 7077985                    /lib/x86_64-linux-gnu/libuuid.so.1.3.0
7fe39be68000-7fe39be93000 r-xp 00000000 08:01 5513175                    /usr/lib/x86_64-linux-gnu/libgraphite2.so.3.0.1
7fe39be93000-7fe39c092000 ---p 0002b000 08:01 5513175                    /usr/lib/x86_64-linux-gnu/libgraphite2.so.3.0.1
7fe39c092000-7fe39c094000 r--p 0002a000 08:01 5513175                    /usr/lib/x86_64-linux-gnu/libgraphite2.so.3.0.1
7fe39c094000-7fe39c095000 rw-p 0002c000 08:01 5513175                    /usr/lib/x86_64-linux-gnu/libgraphite2.so.3.0.1
7fe39c095000-7fe39c0d6000 r-xp 00000000 08:01 7077967                    /lib/x86_64-linux-gnu/libblkid.so.1.1.0
7fe39c0d6000-7fe39c2d5000 ---p 00041000 08:01 7077967                    /lib/x86_64-linux-gnu/libblkid.so.1.1.0
7fe39c2d5000-7fe39c2d9000 r--p 00040000 08:01 7077967                    /lib/x86_64-linux-gnu/libblkid.so.1.1.0
7fe39c2d9000-7fe39c2da000 rw-p 00044000 08:01 7077967                    /lib/x86_64-linux-gnu/libblkid.so.1.1.0
7fe39c2da000-7fe39c2db000 rw-p 00000000 00:00 0 
7fe39c2db000-7fe39c2ee000 r-xp 00000000 08:01 7077938                    /lib/x86_64-linux-gnu/libgpg-error.so.0.21.0
7fe39c2ee000-7fe39c4ed000 ---p 00013000 08:01 7077938                    /lib/x86_64-linux-gnu/libgpg-error.so.0.21.0
7fe39c4ed000-7fe39c4ee000 r--p 00012000 08:01 7077938                    /lib/x86_64-linux-gnu/libgpg-error.so.0.21.0
7fe39c4ee000-7fe39c4ef000 rw-p 00013000 08:01 7077938                    /lib/x86_64-linux-gnu/libgpg-error.so.0.21.0
7fe39c4ef000-7fe39c4f6000 r-xp 00000000 08:01 5513169                    /usr/lib/x86_64-linux-gnu/libdatrie.so.1.3.3
7fe39c4f6000-7fe39c6f5000 ---p 00007000 08:01 5513169                    /usr/lib/x86_64-linux-gnu/libdatrie.so.1.3.3
7fe39c6f5000-7fe39c6f6000 r--p 00006000 08:01 5513169                    /usr/lib/x86_64-linux-gnu/libdatrie.so.1.3.3
7fe39c6f6000-7fe39c6f7000 rw-p 00007000 08:01 5513169                    /usr/lib/x86_64-linux-gnu/libdatrie.so.1.3.3
7fe39c6f7000-7fe39c78a000 r-xp 00000000 08:01 5513179                    /usr/lib/x86_64-linux-gnu/libharfbuzz.so.0.10400.2
7fe39c78a000-7fe39c989000 ---p 00093000 08:01 5513179                    /usr/lib/x86_64-linux-gnu/libharfbuzz.so.0.10400.2
7fe39c989000-7fe39c98b000 r--p 00092000 08:01 5513179                    /usr/lib/x86_64-linux-gnu/libharfbuzz.so.0.10400.2
7fe39c98b000-7fe39c98c000 rw-p 00094000 08:01 5513179                    /usr/lib/x86_64-linux-gnu/libharfbuzz.so.0.10400.2
7fe39c98c000-7fe39c9b3000 r-xp 00000000 08:01 7078523                    /lib/x86_64-linux-gnu/libexpat.so.1.6.2
7fe39c9b3000-7fe39cbb3000 ---p 00027000 08:01 7078523                    /lib/x86_64-linux-gnu/libexpat.so.1.6.2
7fe39cbb3000-7fe39cbb5000 r--p 00027000 08:01 7078523                    /lib/x86_64-linux-gnu/libexpat.so.1.6.2
7fe39cbb5000-7fe39cbb6000 rw-p 00029000 08:01 7078523                    /lib/x86_64-linux-gnu/libexpat.so.1.6.2
7fe39cbb6000-7fe39cc00000 r-xp 00000000 08:01 7077973                    /lib/x86_64-linux-gnu/libmount.so.1.1.0
7fe39cc00000-7fe39ce00000 ---p 0004a000 08:01 7077973                    /lib/x86_64-linux-gnu/libmount.so.1.1.0
7fe39ce00000-7fe39ce01000 r--p 0004a000 08:01 7077973                    /lib/x86_64-linux-gnu/libmount.so.1.1.0
7fe39ce01000-7fe39ce02000 rw-p 0004b000 08:01 7077973                    /lib/x86_64-linux-gnu/libmount.so.1.1.0
7fe39ce02000-7fe39ce04000 rw-p 00000000 00:00 0 
7fe39ce04000-7fe39cf0b000 r-xp 00000000 08:01 7081100                    /lib/x86_64-linux-gnu/libgcrypt.so.20.1.6
7fe39cf0b000-7fe39d10b000 ---p 00107000 08:01 7081100                    /lib/x86_64-linux-gnu/libgcrypt.so.20.1.6
7fe39d10b000-7fe39d10d000 r--p 00107000 08:01 7081100                    /lib/x86_64-linux-gnu/libgcrypt.so.20.1.6
7fe39d10d000-7fe39d114000 rw-p 00109000 08:01 7081100                    /lib/x86_64-linux-gnu/libgcrypt.so.20.1.6
7fe39d114000-7fe39d125000 r-xp 00000000 08:01 5505948                    /usr/lib/x86_64-linux-gnu/liblz4.so.1.7.1
7fe39d125000-7fe39d324000 ---p 00011000 08:01 5505948                    /usr/lib/x86_64-linux-gnu/liblz4.so.1.7.1
7fe39d324000-7fe39d325000 r--p 00010000 08:01 5505948                    /usr/lib/x86_64-linux-gnu/liblz4.so.1.7.1
7fe39d325000-7fe39d326000 rw-p 00011000 08:01 5505948                    /usr/lib/x86_64-linux-gnu/liblz4.so.1.7.1
7fe39d326000-7fe39d34b000 r-xp 00000000 08:01 7077933                    /lib/x86_64-linux-gnu/liblzma.so.5.2.2
7fe39d34b000-7fe39d54a000 ---p 00025000 08:01 7077933                    /lib/x86_64-linux-gnu/liblzma.so.5.2.2
7fe39d54a000-7fe39d54b000 r--p 00024000 08:01 7077933                    /lib/x86_64-linux-gnu/liblzma.so.5.2.2
7fe39d54b000-7fe39d54c000 rw-p 00025000 08:01 7077933                    /lib/x86_64-linux-gnu/liblzma.so.5.2.2
7fe39d54c000-7fe39d571000 r-xp 00000000 08:01 7078001                    /lib/x86_64-linux-gnu/libselinux.so.1
7fe39d571000-7fe39d770000 ---p 00025000 08:01 7078001                    /lib/x86_64-linux-gnu/libselinux.so.1
7fe39d770000-7fe39d771000 r--p 00024000 08:01 7078001                    /lib/x86_64-linux-gnu/libselinux.so.1
7fe39d771000-7fe39d772000 rw-p 00025000 08:01 7078001                    /lib/x86_64-linux-gnu/libselinux.so.1
7fe39d772000-7fe39d774000 rw-p 00000000 00:00 0 
7fe39d774000-7fe39d7e6000 r-xp 00000000 08:01 7077925                    /lib/x86_64-linux-gnu/libpcre.so.3.13.3
7fe39d7e6000-7fe39d9e5000 ---p 00072000 08:01 7077925                    /lib/x86_64-linux-gnu/libpcre.so.3.13.3
7fe39d9e5000-7fe39d9e6000 r--p 00071000 08:01 7077925                    /lib/x86_64-linux-gnu/libpcre.so.3.13.3
7fe39d9e6000-7fe39d9e7000 rw-p 00072000 08:01 7077925                    /lib/x86_64-linux-gnu/libpcre.so.3.13.3
7fe39d9e7000-7fe39d9ee000 r-xp 00000000 08:01 5509383                    /usr/lib/x86_64-linux-gnu/libffi.so.6.0.4
7fe39d9ee000-7fe39dbee000 ---p 00007000 08:01 5509383                    /usr/lib/x86_64-linux-gnu/libffi.so.6.0.4
7fe39dbee000-7fe39dbef000 r--p 00007000 08:01 5509383                    /usr/lib/x86_64-linux-gnu/libffi.so.6.0.4
7fe39dbef000-7fe39dbf0000 rw-p 00008000 08:01 5509383                    /usr/lib/x86_64-linux-gnu/libffi.so.6.0.4
7fe39dbf0000-7fe39dbfc000 r-xp 00000000 08:01 5513143                    /usr/lib/x86_64-linux-gnu/libxcb-render.so.0.0.0
7fe39dbfc000-7fe39ddfc000 ---p 0000c000 08:01 5513143                    /usr/lib/x86_64-linux-gnu/libxcb-render.so.0.0.0
7fe39ddfc000-7fe39ddfd000 r--p 0000c000 08:01 5513143                    /usr/lib/x86_64-linux-gnu/libxcb-render.so.0.0.0
7fe39ddfd000-7fe39ddfe000 rw-p 0000d000 08:01 5513143                    /usr/lib/x86_64-linux-gnu/libxcb-render.so.0.0.0
7fe39ddfe000-7fe39de00000 r-xp 00000000 08:01 5513145                    /usr/lib/x86_64-linux-gnu/libxcb-shm.so.0.0.0
7fe39de00000-7fe39e000000 ---p 00002000 08:01 5513145                    /usr/lib/x86_64-linux-gnu/libxcb-shm.so.0.0.0
7fe39e000000-7fe39e001000 r--p 00002000 08:01 5513145                    /usr/lib/x86_64-linux-gnu/libxcb-shm.so.0.0.0
7fe39e001000-7fe39e002000 rw-p 00003000 08:01 5513145                    /usr/lib/x86_64-linux-gnu/libxcb-shm.so.0.0.0
7fe39e002000-7fe39e0a0000 r-xp 00000000 08:01 5513140                    /usr/lib/x86_64-linux-gnu/libpixman-1.so.0.34.0
7fe39e0a0000-7fe39e2a0000 ---p 0009e000 08:01 5513140                    /usr/lib/x86_64-linux-gnu/libpixman-1.so.0.34.0
7fe39e2a0000-7fe39e2a8000 r--p 0009e000 08:01 5513140                    /usr/lib/x86_64-linux-gnu/libpixman-1.so.0.34.0
7fe39e2a8000-7fe39e2a9000 rw-p 000a6000 08:01 5513140                    /usr/lib/x86_64-linux-gnu/libpixman-1.so.0.34.0
7fe39e2a9000-7fe39e2b1000 r-xp 00000000 08:01 5513171                    /usr/lib/x86_64-linux-gnu/libthai.so.0.3.0
7fe39e2b1000-7fe39e4b1000 ---p 00008000 08:01 5513171                    /usr/lib/x86_64-linux-gnu/libthai.so.0.3.0
7fe39e4b1000-7fe39e4b2000 r--p 00008000 08:01 5513171                    /usr/lib/x86_64-linux-gnu/libthai.so.0.3.0
7fe39e4b2000-7fe39e4b3000 rw-p 00009000 08:01 5513171                    /usr/lib/x86_64-linux-gnu/libthai.so.0.3.0
7fe39e4b3000-7fe39e4c7000 r-xp 00000000 08:01 5513181                    /usr/lib/x86_64-linux-gnu/libpangoft2-1.0.so.0.4000.5
7fe39e4c7000-7fe39e6c7000 ---p 00014000 08:01 5513181                    /usr/lib/x86_64-linux-gnu/libpangoft2-1.0.so.0.4000.5
7fe39e6c7000-7fe39e6c8000 r--p 00014000 08:01 5513181                    /usr/lib/x86_64-linux-gnu/libpangoft2-1.0.so.0.4000.5
7fe39e6c8000-7fe39e6c9000 rw-p 00015000 08:01 5513181                    /usr/lib/x86_64-linux-gnu/libpangoft2-1.0.so.0.4000.5
7fe39e6c9000-7fe39e7b2000 r-xp 00000000 08:01 5514878                    /usr/lib/x86_64-linux-gnu/libepoxy.so.0.0.0
7fe39e7b2000-7fe39e9b1000 ---p 000e9000 08:01 5514878                    /usr/lib/x86_64-linux-gnu/libepoxy.so.0.0.0
7fe39e9b1000-7fe39e9b8000 r--p 000e8000 08:01 5514878                    /usr/lib/x86_64-linux-gnu/libepoxy.so.0.0.0
7fe39e9b8000-7fe39e9bf000 rw-p 000ef000 08:01 5514878                    /usr/lib/x86_64-linux-gnu/libepoxy.so.0.0.0
7fe39e9bf000-7fe39e9cc000 r-xp 00000000 08:01 5514935                    /usr/lib/x86_64-linux-gnu/libwayland-client.so.0.3.0
7fe39e9cc000-7fe39ebcb000 ---p 0000d000 08:01 5514935                    /usr/lib/x86_64-linux-gnu/libwayland-client.so.0.3.0
7fe39ebcb000-7fe39ebcd000 r--p 0000c000 08:01 5514935                    /usr/lib/x86_64-linux-gnu/libwayland-client.so.0.3.0
7fe39ebcd000-7fe39ebce000 rw-p 0000e000 08:01 5514935                    /usr/lib/x86_64-linux-gnu/libwayland-client.so.0.3.0
7fe39ebce000-7fe39ebcf000 r-xp 00000000 08:01 5514949                    /usr/lib/x86_64-linux-gnu/libwayland-egl.so.1.0.0
7fe39ebcf000-7fe39edce000 ---p 00001000 08:01 5514949                    /usr/lib/x86_64-linux-gnu/libwayland-egl.so.1.0.0
7fe39edce000-7fe39edcf000 r--p 00000000 08:01 5514949                    /usr/lib/x86_64-linux-gnu/libwayland-egl.so.1.0.0
7fe39edcf000-7fe39edd0000 rw-p 00001000 08:01 5514949                    /usr/lib/x86_64-linux-gnu/libwayland-egl.so.1.0.0
7fe39edd0000-7fe39edd4000 r-xp 00000000 08:01 5514937                    /usr/lib/x86_64-linux-gnu/libwayland-cursor.so.0.0.0
7fe39edd4000-7fe39efd3000 ---p 00004000 08:01 5514937                    /usr/lib/x86_64-linux-gnu/libwayland-cursor.so.0.0.0
7fe39efd3000-7fe39efd4000 r--p 00003000 08:01 5514937                    /usr/lib/x86_64-linux-gnu/libwayland-cursor.so.0.0.0
7fe39efd4000-7fe39efd8000 rw-p 00004000 08:01 5514937                    /usr/lib/x86_64-linux-gnu/libwayland-cursor.so.0.0.0
7fe39efd8000-7fe39f016000 r-xp 00000000 08:01 5514958                    /usr/lib/x86_64-linux-gnu/libxkbcommon.so.0.0.0
7fe39f016000-7fe39f215000 ---p 0003e000 08:01 5514958                    /usr/lib/x86_64-linux-gnu/libxkbcommon.so.0.0.0
7fe39f215000-7fe39f217000 r--p 0003d000 08:01 5514958                    /usr/lib/x86_64-linux-gnu/libxkbcommon.so.0.0.0
7fe39f217000-7fe39f218000 rw-p 0003f000 08:01 5514958                    /usr/lib/x86_64-linux-gnu/libxkbcommon.so.0.0.0
7fe39f218000-7fe39f21a000 r-xp 00000000 08:01 5513683                    /usr/lib/x86_64-linux-gnu/libXdamage.so.1.1.0
7fe39f21a000-7fe39f419000 ---p 00002000 08:01 5513683                    /usr/lib/x86_64-linux-gnu/libXdamage.so.1.1.0
7fe39f419000-7fe39f41a000 r--p 00001000 08:01 5513683                    /usr/lib/x86_64-linux-gnu/libXdamage.so.1.1.0
7fe39f41a000-7fe39f41b000 rw-p 00002000 08:01 5513683                    /usr/lib/x86_64-linux-gnu/libXdamage.so.1.1.0
7fe39f41b000-7fe39f41d000 r-xp 00000000 08:01 5514952                    /usr/lib/x86_64-linux-gnu/libXcomposite.so.1.0.0
7fe39f41d000-7fe39f61c000 ---p 00002000 08:01 5514952                    /usr/lib/x86_64-linux-gnu/libXcomposite.so.1.0.0
7fe39f61c000-7fe39f61d000 r--p 00001000 08:01 5514952                    /usr/lib/x86_64-linux-gnu/libXcomposite.so.1.0.0
7fe39f61d000-7fe39f61e000 rw-p 00002000 08:01 5514952                    /usr/lib/x86_64-linux-gnu/libXcomposite.so.1.0.0
7fe39f61e000-7fe39f628000 r-xp 00000000 08:01 5512639                    /usr/lib/x86_64-linux-gnu/libXrandr.so.2.2.0
7fe39f628000-7fe39f827000 ---p 0000a000 08:01 5512639                    /usr/lib/x86_64-linux-gnu/libXrandr.so.2.2.0
7fe39f827000-7fe39f828000 r--p 00009000 08:01 5512639                    /usr/lib/x86_64-linux-gnu/libXrandr.so.2.2.0
7fe39f828000-7fe39f829000 rw-p 0000a000 08:01 5512639                    /usr/lib/x86_64-linux-gnu/libXrandr.so.2.2.0
7fe39f829000-7fe39f82b000 r-xp 00000000 08:01 5512635                    /usr/lib/x86_64-linux-gnu/libXinerama.so.1.0.0
7fe39f82b000-7fe39fa2a000 ---p 00002000 08:01 5512635                    /usr/lib/x86_64-linux-gnu/libXinerama.so.1.0.0
7fe39fa2a000-7fe39fa2b000 r--p 00001000 08:01 5512635                    /usr/lib/x86_64-linux-gnu/libXinerama.so.1.0.0
7fe39fa2b000-7fe39fa2c000 rw-p 00002000 08:01 5512635                    /usr/lib/x86_64-linux-gnu/libXinerama.so.1.0.0
7fe39fa2c000-7fe39fa68000 r-xp 00000000 08:01 5513138                    /usr/lib/x86_64-linux-gnu/libfontconfig.so.1.8.0
7fe39fa68000-7fe39fc67000 ---p 0003c000 08:01 5513138                    /usr/lib/x86_64-linux-gnu/libfontconfig.so.1.8.0
7fe39fc67000-7fe39fc69000 r--p 0003b000 08:01 5513138                    /usr/lib/x86_64-linux-gnu/libfontconfig.so.1.8.0
7fe39fc69000-7fe39fc6a000 rw-p 0003d000 08:01 5513138                    /usr/lib/x86_64-linux-gnu/libfontconfig.so.1.8.0
7fe39fc6a000-7fe39fdf7000 r-xp 00000000 08:01 5512954                    /usr/lib/x86_64-linux-gnu/libgio-2.0.so.0.5000.3
7fe39fdf7000-7fe39fff7000 ---p 0018d000 08:01 5512954                    /usr/lib/x86_64-linux-gnu/libgio-2.0.so.0.5000.3
7fe39fff7000-7fe39fffc000 r--p 0018d000 08:01 5512954                    /usr/lib/x86_64-linux-gnu/libgio-2.0.so.0.5000.3
7fe39fffc000-7fe39ffff000 rw-p 00192000 08:01 5512954                    /usr/lib/x86_64-linux-gnu/libgio-2.0.so.0.5000.3
7fe39ffff000-7fe3a0000000 rw-p 00000000 00:00 0 
7fe3a0000000-7fe3a0021000 rw-p 00000000 00:00 0 
7fe3a0021000-7fe3a4000000 ---p 00000000 00:00 0 
7fe3a4000000-7fe3a4021000 rw-p 00000000 00:00 0 
7fe3a4021000-7fe3a8000000 ---p 00000000 00:00 0 
7fe3a8000000-7fe3a8021000 rw-p 00000000 00:00 0 
7fe3a8021000-7fe3ac000000 ---p 00000000 00:00 0 
7fe3ac060000-7fe3ac06b000 r--s 00000000 08:01 4329677                    /var/cache/fontconfig/945677eb7aeaf62f1d50efc3fb3ec7d8-le64.cache-4
7fe3ac06b000-7fe3ac06e000 ---p 00000000 00:00 0 
7fe3ac06e000-7fe3ac16c000 rw-p 00000000 00:00 0 
7fe3ac16c000-7fe3ac16f000 r-xp 00000000 08:01 5512955                    /usr/lib/x86_64-linux-gnu/libgmodule-2.0.so.0.5000.3
7fe3ac16f000-7fe3ac36e000 ---p 00003000 08:01 5512955                    /usr/lib/x86_64-linux-gnu/libgmodule-2.0.so.0.5000.3
7fe3ac36e000-7fe3ac36f000 r--p 00002000 08:01 5512955                    /usr/lib/x86_64-linux-gnu/libgmodule-2.0.so.0.5000.3
7fe3ac36f000-7fe3ac370000 rw-p 00003000 08:01 5512955                    /usr/lib/x86_64-linux-gnu/libgmodule-2.0.so.0.5000.3
7fe3ac370000-7fe3ac482000 r-xp 00000000 08:01 7078562                    /lib/x86_64-linux-gnu/libglib-2.0.so.0.5000.3
7fe3ac482000-7fe3ac681000 ---p 00112000 08:01 7078562                    /lib/x86_64-linux-gnu/libglib-2.0.so.0.5000.3
7fe3ac681000-7fe3ac682000 r--p 00111000 08:01 7078562                    /lib/x86_64-linux-gnu/libglib-2.0.so.0.5000.3
7fe3ac682000-7fe3ac683000 rw-p 00112000 08:01 7078562                    /lib/x86_64-linux-gnu/libglib-2.0.so.0.5000.3
7fe3ac683000-7fe3ac684000 rw-p 00000000 00:00 0 
7fe3ac684000-7fe3ac6d6000 r-xp 00000000 08:01 5512956                    /usr/lib/x86_64-linux-gnu/libgobject-2.0.so.0.5000.3
7fe3ac6d6000-7fe3ac8d5000 ---p 00052000 08:01 5512956                    /usr/lib/x86_64-linux-gnu/libgobject-2.0.so.0.5000.3
7fe3ac8d5000-7fe3ac8d6000 r--p 00051000 08:01 5512956                    /usr/lib/x86_64-linux-gnu/libgobject-2.0.so.0.5000.3
7fe3ac8d6000-7fe3ac8d7000 rw-p 00052000 08:01 5512956                    /usr/lib/x86_64-linux-gnu/libgobject-2.0.so.0.5000.3
7fe3ac8d7000-7fe3ac9e5000 r-xp 00000000 08:01 5513147                    /usr/lib/x86_64-linux-gnu/libcairo.so.2.11400.8
7fe3ac9e5000-7fe3acbe5000 ---p 0010e000 08:01 5513147                    /usr/lib/x86_64-linux-gnu/libcairo.so.2.11400.8
7fe3acbe5000-7fe3acbe8000 r--p 0010e000 08:01 5513147                    /usr/lib/x86_64-linux-gnu/libcairo.so.2.11400.8
7fe3acbe8000-7fe3acbe9000 rw-p 00111000 08:01 5513147                    /usr/lib/x86_64-linux-gnu/libcairo.so.2.11400.8
7fe3acbe9000-7fe3acbeb000 rw-p 00000000 00:00 0 
7fe3acbeb000-7fe3acbf1000 r-xp 00000000 08:01 5513938                    /usr/lib/x86_64-linux-gnu/libcairo-gobject.so.2.11400.8
7fe3acbf1000-7fe3acdf1000 ---p 00006000 08:01 5513938                    /usr/lib/x86_64-linux-gnu/libcairo-gobject.so.2.11400.8
7fe3acdf1000-7fe3acdf3000 r--p 00006000 08:01 5513938                    /usr/lib/x86_64-linux-gnu/libcairo-gobject.so.2.11400.8
7fe3acdf3000-7fe3acdf4000 rw-p 00008000 08:01 5513938                    /usr/lib/x86_64-linux-gnu/libcairo-gobject.so.2.11400.8
7fe3acdf4000-7fe3ace16000 r-xp 00000000 08:01 5536028                    /usr/lib/x86_64-linux-gnu/libgdk_pixbuf-2.0.so.0.3600.5
7fe3ace16000-7fe3ad016000 ---p 00022000 08:01 5536028                    /usr/lib/x86_64-linux-gnu/libgdk_pixbuf-2.0.so.0.3600.5
7fe3ad016000-7fe3ad017000 r--p 00022000 08:01 5536028                    /usr/lib/x86_64-linux-gnu/libgdk_pixbuf-2.0.so.0.3600.5
7fe3ad017000-7fe3ad018000 rw-p 00023000 08:01 5536028                    /usr/lib/x86_64-linux-gnu/libgdk_pixbuf-2.0.so.0.3600.5
7fe3ad018000-7fe3ad061000 r-xp 00000000 08:01 5513173                    /usr/lib/x86_64-linux-gnu/libpango-1.0.so.0.4000.5
7fe3ad061000-7fe3ad260000 ---p 00049000 08:01 5513173                    /usr/lib/x86_64-linux-gnu/libpango-1.0.so.0.4000.5
7fe3ad260000-7fe3ad263000 r--p 00048000 08:01 5513173                    /usr/lib/x86_64-linux-gnu/libpango-1.0.so.0.4000.5
7fe3ad263000-7fe3ad264000 rw-p 0004b000 08:01 5513173                    /usr/lib/x86_64-linux-gnu/libpango-1.0.so.0.4000.5
7fe3ad264000-7fe3ad270000 r-xp 00000000 08:01 5513183                    /usr/lib/x86_64-linux-gnu/libpangocairo-1.0.so.0.4000.5
7fe3ad270000-7fe3ad46f000 ---p 0000c000 08:01 5513183                    /usr/lib/x86_64-linux-gnu/libpangocairo-1.0.so.0.4000.5
7fe3ad46f000-7fe3ad470000 r--p 0000b000 08:01 5513183                    /usr/lib/x86_64-linux-gnu/libpangocairo-1.0.so.0.4000.5
7fe3ad470000-7fe3ad471000 rw-p 0000c000 08:01 5513183                    /usr/lib/x86_64-linux-gnu/libpangocairo-1.0.so.0.4000.5
7fe3ad471000-7fe3ad55f000 r-xp 00000000 08:01 5514966                    /usr/lib/x86_64-linux-gnu/libgdk-3.so.0.2200.11
7fe3ad55f000-7fe3ad75e000 ---p 000ee000 08:01 5514966                    /usr/lib/x86_64-linux-gnu/libgdk-3.so.0.2200.11
7fe3ad75e000-7fe3ad764000 r--p 000ed000 08:01 5514966                    /usr/lib/x86_64-linux-gnu/libgdk-3.so.0.2200.11
7fe3ad764000-7fe3ad767000 rw-p 000f3000 08:01 5514966                    /usr/lib/x86_64-linux-gnu/libgdk-3.so.0.2200.11
7fe3ad767000-7fe3ad768000 rw-p 00000000 00:00 0 
7fe3ad768000-7fe3ad818000 r-xp 00000000 08:01 5515331                    /usr/lib/x86_64-linux-gnu/libgdk-x11-2.0.so.0.2400.31
7fe3ad818000-7fe3ada17000 ---p 000b0000 08:01 5515331                    /usr/lib/x86_64-linux-gnu/libgdk-x11-2.0.so.0.2400.31
7fe3ada17000-7fe3ada1b000 r--p 000af000 08:01 5515331                    /usr/lib/x86_64-linux-gnu/libgdk-x11-2.0.so.0.2400.31
7fe3ada1b000-7fe3ada1d000 rw-p 000b3000 08:01 5515331                    /usr/lib/x86_64-linux-gnu/libgdk-x11-2.0.so.0.2400.31
7fe3ada1d000-7fe3ada1e000 r-xp 00000000 08:01 5512957                    /usr/lib/x86_64-linux-gnu/libgthread-2.0.so.0.5000.3
7fe3ada1e000-7fe3adc1d000 ---p 00001000 08:01 5512957                    /usr/lib/x86_64-linux-gnu/libgthread-2.0.so.0.5000.3
7fe3adc1d000-7fe3adc1e000 r--p 00000000 08:01 5512957                    /usr/lib/x86_64-linux-gnu/libgthread-2.0.so.0.5000.3
7fe3adc1e000-7fe3adc1f000 rw-p 00001000 08:01 5512957                    /usr/lib/x86_64-linux-gnu/libgthread-2.0.so.0.5000.3
7fe3adc1f000-7fe3adc6c000 r-xp 00000000 08:01 7078006                    /lib/x86_64-linux-gnu/libdbus-1.so.3.14.13
7fe3adc6c000-7fe3ade6c000 ---p 0004d000 08:01 7078006                    /lib/x86_64-linux-gnu/libdbus-1.so.3.14.13
7fe3ade6c000-7fe3ade6e000 r--p 0004d000 08:01 7078006                    /lib/x86_64-linux-gnu/libdbus-1.so.3.14.13
7fe3ade6e000-7fe3ade6f000 rw-p 0004f000 08:01 7078006                    /lib/x86_64-linux-gnu/libdbus-1.so.3.14.13
7fe3ade6f000-7fe3ade9c000 r-xp 00000000 08:01 5509325                    /usr/lib/x86_64-linux-gnu/libatspi.so.0.0.1
7fe3ade9c000-7fe3ae09c000 ---p 0002d000 08:01 5509325                    /usr/lib/x86_64-linux-gnu/libatspi.so.0.0.1
7fe3ae09c000-7fe3ae09f000 r--p 0002d000 08:01 5509325                    /usr/lib/x86_64-linux-gnu/libatspi.so.0.0.1
7fe3ae09f000-7fe3ae0a0000 rw-p 00030000 08:01 5509325                    /usr/lib/x86_64-linux-gnu/libatspi.so.0.0.1
7fe3ae0a0000-7fe3ae0cd000 r-xp 00000000 08:01 5514872                    /usr/lib/x86_64-linux-gnu/libatk-bridge-2.0.so.0.0.0
7fe3ae0cd000-7fe3ae2cc000 ---p 0002d000 08:01 5514872                    /usr/lib/x86_64-linux-gnu/libatk-bridge-2.0.so.0.0.0
7fe3ae2cc000-7fe3ae2cd000 r--p 0002c000 08:01 5514872                    /usr/lib/x86_64-linux-gnu/libatk-bridge-2.0.so.0.0.0
7fe3ae2cd000-7fe3ae2cf000 rw-p 0002d000 08:01 5514872                    /usr/lib/x86_64-linux-gnu/libatk-bridge-2.0.so.0.0.0
7fe3ae2cf000-7fe3ae2f2000 r-xp 00000000 08:01 5513936                    /usr/lib/x86_64-linux-gnu/libatk-1.0.so.0.22209.1
7fe3ae2f2000-7fe3ae4f1000 ---p 00023000 08:01 5513936                    /usr/lib/x86_64-linux-gnu/libatk-1.0.so.0.22209.1
7fe3ae4f1000-7fe3ae4f4000 r--p 00022000 08:01 5513936                    /usr/lib/x86_64-linux-gnu/libatk-1.0.so.0.22209.1
7fe3ae4f4000-7fe3ae4f5000 rw-p 00025000 08:01 5513936                    /usr/lib/x86_64-linux-gnu/libatk-1.0.so.0.22209.1
7fe3ae4f5000-7fe3ae50a000 r-xp 00000000 08:01 6161397                    /usr/lib/x86_64-linux-gnu/jni/libatk-wrapper.so.6.0.0
7fe3ae50a000-7fe3ae70a000 ---p 00015000 08:01 6161397                    /usr/lib/x86_64-linux-gnu/jni/libatk-wrapper.so.6.0.0
7fe3ae70a000-7fe3ae70b000 r--p 00015000 08:01 6161397                    /usr/lib/x86_64-linux-gnu/jni/libatk-wrapper.so.6.0.0
7fe3ae70b000-7fe3ae70c000 rw-p 00016000 08:01 6161397                    /usr/lib/x86_64-linux-gnu/jni/libatk-wrapper.so.6.0.0
7fe3ae70c000-7fe3ae711000 r-xp 00000000 08:01 5513681                    /usr/lib/x86_64-linux-gnu/libXfixes.so.3.1.0
7fe3ae711000-7fe3ae910000 ---p 00005000 08:01 5513681                    /usr/lib/x86_64-linux-gnu/libXfixes.so.3.1.0
7fe3ae910000-7fe3ae911000 r--p 00004000 08:01 5513681                    /usr/lib/x86_64-linux-gnu/libXfixes.so.3.1.0
7fe3ae911000-7fe3ae912000 rw-p 00005000 08:01 5513681                    /usr/lib/x86_64-linux-gnu/libXfixes.so.3.1.0
7fe3ae912000-7fe3ae91c000 r-xp 00000000 08:01 5514954                    /usr/lib/x86_64-linux-gnu/libXcursor.so.1.0.2
7fe3ae91c000-7fe3aeb1b000 ---p 0000a000 08:01 5514954                    /usr/lib/x86_64-linux-gnu/libXcursor.so.1.0.2
7fe3aeb1b000-7fe3aeb1c000 r--p 00009000 08:01 5514954                    /usr/lib/x86_64-linux-gnu/libXcursor.so.1.0.2
7fe3aeb1c000-7fe3aeb1d000 rw-p 0000a000 08:01 5514954                    /usr/lib/x86_64-linux-gnu/libXcursor.so.1.0.2
7fe3aeb1d000-7fe3aeb4e000 r-xp 00000000 08:01 5512615                    /usr/lib/x86_64-linux-gnu/libpng16.so.16.28.0
7fe3aeb4e000-7fe3aed4e000 ---p 00031000 08:01 5512615                    /usr/lib/x86_64-linux-gnu/libpng16.so.16.28.0
7fe3aed4e000-7fe3aed4f000 r--p 00031000 08:01 5512615                    /usr/lib/x86_64-linux-gnu/libpng16.so.16.28.0
7fe3aed4f000-7fe3aed50000 rw-p 00032000 08:01 5512615                    /usr/lib/x86_64-linux-gnu/libpng16.so.16.28.0
7fe3aed50000-7fe3aedf8000 r-xp 00000000 08:01 5513134                    /usr/lib/x86_64-linux-gnu/libfreetype.so.6.12.3
7fe3aedf8000-7fe3aeff8000 ---p 000a8000 08:01 5513134                    /usr/lib/x86_64-linux-gnu/libfreetype.so.6.12.3
7fe3aeff8000-7fe3aeffe000 r--p 000a8000 08:01 5513134                    /usr/lib/x86_64-linux-gnu/libfreetype.so.6.12.3
7fe3aeffe000-7fe3aefff000 rw-p 000ae000 08:01 5513134                    /usr/lib/x86_64-linux-gnu/libfreetype.so.6.12.3
7fe3aefff000-7fe3b0000000 rw-p 00000000 00:00 0 
7fe3b0000000-7fe3b00d8000 rw-p 00000000 00:00 0 
7fe3b00d8000-7fe3b4000000 ---p 00000000 00:00 0 
7fe3b4000000-7fe3b4021000 rw-p 00000000 00:00 0 
7fe3b4021000-7fe3b8000000 ---p 00000000 00:00 0 
7fe3b8000000-7fe3b8021000 rw-p 00000000 00:00 0 
7fe3b8021000-7fe3bc000000 ---p 00000000 00:00 0 
7fe3bc000000-7fe3bc021000 rw-p 00000000 00:00 0 
7fe3bc021000-7fe3c0000000 ---p 00000000 00:00 0 
7fe3c0000000-7fe3c074a000 rw-p 00000000 00:00 0 
7fe3c074a000-7fe3c4000000 ---p 00000000 00:00 0 
7fe3c4000000-7fe3c4547000 rw-p 00000000 00:00 0 
7fe3c4547000-7fe3c8000000 ---p 00000000 00:00 0 
7fe3c8000000-7fe3c94b6000 rw-p 00000000 00:00 0 
7fe3c94b6000-7fe3cc000000 ---p 00000000 00:00 0 
7fe3cc000000-7fe3cd608000 rw-p 00000000 00:00 0 
7fe3cd608000-7fe3d0000000 ---p 00000000 00:00 0 
7fe3d0000000-7fe3d0021000 rw-p 00000000 00:00 0 
7fe3d0021000-7fe3d4000000 ---p 00000000 00:00 0 
7fe3d4000000-7fe3d4021000 rw-p 00000000 00:00 0 
7fe3d4021000-7fe3d8000000 ---p 00000000 00:00 0 
7fe3d8000000-7fe3d8021000 rw-p 00000000 00:00 0 
7fe3d8021000-7fe3dc000000 ---p 00000000 00:00 0 
7fe3dc0bc000-7fe3dc10d000 r-xp 00000000 08:01 6164787                    /usr/lib/jvm/java-8-openjdk-amd64/jre/lib/amd64/libfontmanager.so
7fe3dc10d000-7fe3dc30d000 ---p 00051000 08:01 6164787                    /usr/lib/jvm/java-8-openjdk-amd64/jre/lib/amd64/libfontmanager.so
7fe3dc30d000-7fe3dc30f000 r--p 00051000 08:01 6164787                    /usr/lib/jvm/java-8-openjdk-amd64/jre/lib/amd64/libfontmanager.so
7fe3dc30f000-7fe3dc310000 rw-p 00053000 08:01 6164787                    /usr/lib/jvm/java-8-openjdk-amd64/jre/lib/amd64/libfontmanager.so
7fe3dc310000-7fe3dc510000 rw-p 00000000 00:00 0 
7fe3dc510000-7fe3ec000000 rw-p 00000000 00:00 0 
7fe3ec000000-7fe3ec021000 rw-p 00000000 00:00 0 
7fe3ec021000-7fe3f0000000 ---p 00000000 00:00 0 
7fe3f0000000-7fe3f0021000 rw-p 00000000 00:00 0 
7fe3f0021000-7fe3f4000000 ---p 00000000 00:00 0 
7fe3f4000000-7fe3f4021000 rw-p 00000000 00:00 0 
7fe3f4021000-7fe3f8000000 ---p 00000000 00:00 0 
7fe3f8000000-7fe3f8021000 rw-p 00000000 00:00 0 
7fe3f8021000-7fe3fc000000 ---p 00000000 00:00 0 
7fe3fc000000-7fe3fc021000 rw-p 00000000 00:00 0 
7fe3fc021000-7fe400000000 ---p 00000000 00:00 0 
7fe400006000-7fe40000c000 r--s 00000000 08:01 4333863                    /var/cache/fontconfig/3047814df9a2f067bd2d96a2b9c36e5a-le64.cache-4
7fe40000c000-7fe400090000 r-xp 00000000 08:01 7077982                    /lib/x86_64-linux-gnu/libsystemd.so.0.17.0
7fe400090000-7fe400091000 ---p 00084000 08:01 7077982                    /lib/x86_64-linux-gnu/libsystemd.so.0.17.0
7fe400091000-7fe400094000 r--p 00084000 08:01 7077982                    /lib/x86_64-linux-gnu/libsystemd.so.0.17.0
7fe400094000-7fe400095000 rw-p 00087000 08:01 7077982                    /lib/x86_64-linux-gnu/libsystemd.so.0.17.0
7fe400095000-7fe400096000 rw-p 00000000 00:00 0 
7fe400096000-7fe400099000 ---p 00000000 00:00 0 
7fe400099000-7fe400197000 rw-p 00000000 00:00 0 
7fe400197000-7fe4001aa000 r-xp 00000000 08:01 7078412                    /lib/x86_64-linux-gnu/libbsd.so.0.8.3
7fe4001aa000-7fe4003aa000 ---p 00013000 08:01 7078412                    /lib/x86_64-linux-gnu/libbsd.so.0.8.3
7fe4003aa000-7fe4003ab000 r--p 00013000 08:01 7078412                    /lib/x86_64-linux-gnu/libbsd.so.0.8.3
7fe4003ab000-7fe4003ac000 rw-p 00014000 08:01 7078412                    /lib/x86_64-linux-gnu/libbsd.so.0.8.3
7fe4003ac000-7fe4003ad000 rw-p 00000000 00:00 0 
7fe4003ad000-7fe4003b2000 r-xp 00000000 08:01 5512624                    /usr/lib/x86_64-linux-gnu/libXdmcp.so.6.0.0
7fe4003b2000-7fe4005b1000 ---p 00005000 08:01 5512624                    /usr/lib/x86_64-linux-gnu/libXdmcp.so.6.0.0
7fe4005b1000-7fe4005b2000 r--p 00004000 08:01 5512624                    /usr/lib/x86_64-linux-gnu/libXdmcp.so.6.0.0
7fe4005b2000-7fe4005b3000 rw-p 00005000 08:01 5512624                    /usr/lib/x86_64-linux-gnu/libXdmcp.so.6.0.0
7fe4005b3000-7fe4005b6000 r-xp 00000000 08:01 5512622                    /usr/lib/x86_64-linux-gnu/libXau.so.6.0.0
7fe4005b6000-7fe4007b5000 ---p 00003000 08:01 5512622                    /usr/lib/x86_64-linux-gnu/libXau.so.6.0.0
7fe4007b5000-7fe4007b6000 r--p 00002000 08:01 5512622                    /usr/lib/x86_64-linux-gnu/libXau.so.6.0.0
7fe4007b6000-7fe4007b7000 rw-p 00003000 08:01 5512622                    /usr/lib/x86_64-linux-gnu/libXau.so.6.0.0
7fe4007b7000-7fe4007de000 r-xp 00000000 08:01 5512626                    /usr/lib/x86_64-linux-gnu/libxcb.so.1.1.0
7fe4007de000-7fe4009dd000 ---p 00027000 08:01 5512626                    /usr/lib/x86_64-linux-gnu/libxcb.so.1.1.0
7fe4009dd000-7fe4009de000 r--p 00026000 08:01 5512626                    /usr/lib/x86_64-linux-gnu/libxcb.so.1.1.0
7fe4009de000-7fe4009df000 rw-p 00027000 08:01 5512626                    /usr/lib/x86_64-linux-gnu/libxcb.so.1.1.0
7fe4009df000-7fe4009ee000 r-xp 00000000 08:01 5514956                    /usr/lib/x86_64-linux-gnu/libXi.so.6.1.0
7fe4009ee000-7fe400bed000 ---p 0000f000 08:01 5514956                    /usr/lib/x86_64-linux-gnu/libXi.so.6.1.0
7fe400bed000-7fe400bee000 r--p 0000e000 08:01 5514956                    /usr/lib/x86_64-linux-gnu/libXi.so.6.1.0
7fe400bee000-7fe400bef000 rw-p 0000f000 08:01 5514956                    /usr/lib/x86_64-linux-gnu/libXi.so.6.1.0
7fe400bef000-7fe400bf4000 r-xp 00000000 08:01 5515174                    /usr/lib/x86_64-linux-gnu/libXtst.so.6.1.0
7fe400bf4000-7fe400df3000 ---p 00005000 08:01 5515174                    /usr/lib/x86_64-linux-gnu/libXtst.so.6.1.0
7fe400df3000-7fe400df4000 r--p 00004000 08:01 5515174                    /usr/lib/x86_64-linux-gnu/libXtst.so.6.1.0
7fe400df4000-7fe400df5000 rw-p 00005000 08:01 5515174                    /usr/lib/x86_64-linux-gnu/libXtst.so.6.1.0
7fe400df5000-7fe400dfe000 r-xp 00000000 08:01 5512637                    /usr/lib/x86_64-linux-gnu/libXrender.so.1.3.0
7fe400dfe000-7fe400ffd000 ---p 00009000 08:01 5512637                    /usr/lib/x86_64-linux-gnu/libXrender.so.1.3.0
7fe400ffd000-7fe400ffe000 r--p 00008000 08:01 5512637                    /usr/lib/x86_64-linux-gnu/libXrender.so.1.3.0
7fe400ffe000-7fe400fff000 rw-p 00009000 08:01 5512637                    /usr/lib/x86_64-linux-gnu/libXrender.so.1.3.0
7fe400fff000-7fe404000000 rw-p 00000000 00:00 0 
7fe404000000-7fe404021000 rw-p 00000000 00:00 0 
7fe404021000-7fe408000000 ---p 00000000 00:00 0 
7fe408000000-7fe408021000 rw-p 00000000 00:00 0 
7fe408021000-7fe40c000000 ---p 00000000 00:00 0 
7fe40c000000-7fe40c021000 rw-p 00000000 00:00 0 
7fe40c021000-7fe410000000 ---p 00000000 00:00 0 
7fe410002000-7fe410003000 r--s 00000000 08:01 4333869                    /var/cache/fontconfig/4794a0821666d79190d59a36cb4f44b5-le64.cache-4
7fe410003000-7fe410004000 r--s 00000000 08:01 4333864                    /var/cache/fontconfig/0bd3dc0958fa2205aaaa8ebb13e2872b-le64.cache-4
7fe410004000-7fe41000c000 r--s 00000000 08:01 4341265                    /var/cache/fontconfig/bf3b770c553c462765856025a94f1ce6-le64.cache-4
7fe41000c000-7fe41000f000 r--s 00000000 08:01 4333838                    /var/cache/fontconfig/e49e89034d371f0f9de17aab02136486-le64.cache-4
7fe41000f000-7fe410011000 r--s 00000000 08:01 4333773                    /var/cache/fontconfig/4b14b093aebc79c320de5e86ae1d3314-le64.cache-4
7fe410011000-7fe41001d000 r--s 00000000 08:01 4333755                    /var/cache/fontconfig/d589a48862398ed80a3d6066f4f56f4c-le64.cache-4
7fe41001d000-7fe410024000 r--s 00000000 08:01 4333498                    /var/cache/fontconfig/53d14c92082a93e67d5078324eb314ca-le64.cache-4
7fe410024000-7fe41005a000 r--s 00000000 08:01 13393321                   /home/floris/.cache/fontconfig/03a9fe84ab9dd0bf59ea5a511fc506db-le64.cache-4
7fe410072000-7fe410075000 ---p 00000000 00:00 0 
7fe410075000-7fe4100ab000 rw-p 00000000 00:00 0 
7fe4100ab000-7fe4100ae000 ---p 00000000 00:00 0 
7fe4100ae000-7fe4101ac000 rw-p 00000000 00:00 0 
7fe4101ac000-7fe4102e6000 r-xp 00000000 08:01 5512630                    /usr/lib/x86_64-linux-gnu/libX11.so.6.3.0
7fe4102e6000-7fe4104e6000 ---p 0013a000 08:01 5512630                    /usr/lib/x86_64-linux-gnu/libX11.so.6.3.0
7fe4104e6000-7fe4104e7000 r--p 0013a000 08:01 5512630                    /usr/lib/x86_64-linux-gnu/libX11.so.6.3.0
7fe4104e7000-7fe4104ec000 rw-p 0013b000 08:01 5512630                    /usr/lib/x86_64-linux-gnu/libX11.so.6.3.0
7fe4104ec000-7fe4104fd000 r-xp 00000000 08:01 5512633                    /usr/lib/x86_64-linux-gnu/libXext.so.6.4.0
7fe4104fd000-7fe4106fc000 ---p 00011000 08:01 5512633                    /usr/lib/x86_64-linux-gnu/libXext.so.6.4.0
7fe4106fc000-7fe4106fd000 r--p 00010000 08:01 5512633                    /usr/lib/x86_64-linux-gnu/libXext.so.6.4.0
7fe4106fd000-7fe4106fe000 rw-p 00011000 08:01 5512633                    /usr/lib/x86_64-linux-gnu/libXext.so.6.4.0
7fe4106fe000-7fe410752000 r-xp 00000000 08:01 6164785                    /usr/lib/jvm/java-8-openjdk-amd64/jre/lib/amd64/libawt_xawt.so
7fe410752000-7fe410951000 ---p 00054000 08:01 6164785                    /usr/lib/jvm/java-8-openjdk-amd64/jre/lib/amd64/libawt_xawt.so
7fe410951000-7fe410952000 r--p 00053000 08:01 6164785                    /usr/lib/jvm/java-8-openjdk-amd64/jre/lib/amd64/libawt_xawt.so
7fe410952000-7fe410955000 rw-p 00054000 08:01 6164785                    /usr/lib/jvm/java-8-openjdk-amd64/jre/lib/amd64/libawt_xawt.so
7fe410955000-7fe410956000 rw-p 00000000 00:00 0 
7fe410956000-7fe4109f6000 r-xp 00000000 08:01 6164783                    /usr/lib/jvm/java-8-openjdk-amd64/jre/lib/amd64/libawt.so
7fe4109f6000-7fe410bf6000 ---p 000a0000 08:01 6164783                    /usr/lib/jvm/java-8-openjdk-amd64/jre/lib/amd64/libawt.so
7fe410bf6000-7fe410bf7000 r--p 000a0000 08:01 6164783                    /usr/lib/jvm/java-8-openjdk-amd64/jre/lib/amd64/libawt.so
7fe410bf7000-7fe410c02000 rw-p 000a1000 08:01 6164783                    /usr/lib/jvm/java-8-openjdk-amd64/jre/lib/amd64/libawt.so
7fe410c02000-7fe410e27000 rw-p 00000000 00:00 0 
7fe410e27000-7fe410e2a000 ---p 00000000 00:00 0 
7fe410e2a000-7fe410f28000 rw-p 00000000 00:00 0 
7fe410f28000-7fe410f3c000 r-xp 00000000 08:01 7077912                    /lib/x86_64-linux-gnu/libresolv-2.24.so
7fe410f3c000-7fe41113b000 ---p 00014000 08:01 7077912                    /lib/x86_64-linux-gnu/libresolv-2.24.so
7fe41113b000-7fe41113c000 r--p 00013000 08:01 7077912                    /lib/x86_64-linux-gnu/libresolv-2.24.so
7fe41113c000-7fe41113d000 rw-p 00014000 08:01 7077912                    /lib/x86_64-linux-gnu/libresolv-2.24.so
7fe41113d000-7fe41113f000 rw-p 00000000 00:00 0 
7fe41113f000-7fe411144000 r-xp 00000000 08:01 7077905                    /lib/x86_64-linux-gnu/libnss_dns-2.24.so
7fe411144000-7fe411343000 ---p 00005000 08:01 7077905                    /lib/x86_64-linux-gnu/libnss_dns-2.24.so
7fe411343000-7fe411344000 r--p 00004000 08:01 7077905                    /lib/x86_64-linux-gnu/libnss_dns-2.24.so
7fe411344000-7fe411345000 rw-p 00005000 08:01 7077905                    /lib/x86_64-linux-gnu/libnss_dns-2.24.so
7fe411345000-7fe411347000 r-xp 00000000 08:01 7079681                    /lib/x86_64-linux-gnu/libnss_mdns4_minimal.so.2
7fe411347000-7fe411546000 ---p 00002000 08:01 7079681                    /lib/x86_64-linux-gnu/libnss_mdns4_minimal.so.2
7fe411546000-7fe411547000 r--p 00001000 08:01 7079681                    /lib/x86_64-linux-gnu/libnss_mdns4_minimal.so.2
7fe411547000-7fe411548000 rw-p 00002000 08:01 7079681                    /lib/x86_64-linux-gnu/libnss_mdns4_minimal.so.2
7fe411548000-7fe41154c000 r--s 00000000 08:01 4328780                    /var/cache/fontconfig/246184dc75a16901ca37d96895904249-le64.cache-4
7fe41154c000-7fe41154e000 r--s 00000000 08:01 4327930                    /var/cache/fontconfig/62f91419b9ebdb6975e7e41ab6412357-le64.cache-4
7fe41154e000-7fe41155b000 r--s 00000000 08:01 4335362                    /var/cache/fontconfig/e13b20fdb08344e0e664864cc2ede53d-le64.cache-4
7fe411564000-7fe411567000 ---p 00000000 00:00 0 
7fe411567000-7fe411865000 rw-p 00000000 00:00 0 
7fe411865000-7fe411a65000 rw-p 00000000 00:00 0 
7fe411a65000-7fe411a8d000 r-xp 00000000 08:01 6164815                    /usr/lib/jvm/java-8-openjdk-amd64/jre/lib/amd64/libsunec.so
7fe411a8d000-7fe411c8d000 ---p 00028000 08:01 6164815                    /usr/lib/jvm/java-8-openjdk-amd64/jre/lib/amd64/libsunec.so
7fe411c8d000-7fe411c91000 r--p 00028000 08:01 6164815                    /usr/lib/jvm/java-8-openjdk-amd64/jre/lib/amd64/libsunec.so
7fe411c91000-7fe411c92000 rw-p 0002c000 08:01 6164815                    /usr/lib/jvm/java-8-openjdk-amd64/jre/lib/amd64/libsunec.so
7fe411c92000-7fe411c97000 r--s 0009a000 08:01 6164850                    /usr/lib/jvm/java-8-openjdk-amd64/jre/lib/jsse.jar
7fe411c97000-7fe411e97000 rw-p 00000000 00:00 0 
7fe411e97000-7fe411e9a000 r--s 00015000 08:01 6164848                    /usr/lib/jvm/java-8-openjdk-amd64/jre/lib/jce.jar
7fe411e9a000-7fe41209a000 rw-p 00000000 00:00 0 
7fe41209a000-7fe41229a000 rw-p 00000000 00:00 0 
7fe41229a000-7fe4122ab000 r-xp 00000000 08:01 6164811                    /usr/lib/jvm/java-8-openjdk-amd64/jre/lib/amd64/libnio.so
7fe4122ab000-7fe4124ab000 ---p 00011000 08:01 6164811                    /usr/lib/jvm/java-8-openjdk-amd64/jre/lib/amd64/libnio.so
7fe4124ab000-7fe4124ac000 r--p 00011000 08:01 6164811                    /usr/lib/jvm/java-8-openjdk-amd64/jre/lib/amd64/libnio.so
7fe4124ac000-7fe4124ad000 rw-p 00012000 08:01 6164811                    /usr/lib/jvm/java-8-openjdk-amd64/jre/lib/amd64/libnio.so
7fe4124ad000-7fe4126ad000 rw-p 00000000 00:00 0 
7fe4126ad000-7fe4126c4000 r-xp 00000000 08:01 6164810                    /usr/lib/jvm/java-8-openjdk-amd64/jre/lib/amd64/libnet.so
7fe4126c4000-7fe4128c3000 ---p 00017000 08:01 6164810                    /usr/lib/jvm/java-8-openjdk-amd64/jre/lib/amd64/libnet.so
7fe4128c3000-7fe4128c4000 r--p 00016000 08:01 6164810                    /usr/lib/jvm/java-8-openjdk-amd64/jre/lib/amd64/libnet.so
7fe4128c4000-7fe4128c5000 rw-p 00017000 08:01 6164810                    /usr/lib/jvm/java-8-openjdk-amd64/jre/lib/amd64/libnet.so
7fe4128c5000-7fe4128ce000 r-xp 00000000 08:01 6164808                    /usr/lib/jvm/java-8-openjdk-amd64/jre/lib/amd64/libmanagement.so
7fe4128ce000-7fe412acd000 ---p 00009000 08:01 6164808                    /usr/lib/jvm/java-8-openjdk-amd64/jre/lib/amd64/libmanagement.so
7fe412acd000-7fe412ace000 r--p 00008000 08:01 6164808                    /usr/lib/jvm/java-8-openjdk-amd64/jre/lib/amd64/libmanagement.so
7fe412ace000-7fe412acf000 rw-p 00009000 08:01 6164808                    /usr/lib/jvm/java-8-openjdk-amd64/jre/lib/amd64/libmanagement.so
7fe412acf000-7fe412ad2000 r--s 00012000 08:01 2889758                    /home/floris/.m2/repository/org/knowm/xchange/xchange-bitfinex/4.3.0/xchange-bitfinex-4.3.0.jar
7fe412ad2000-7fe412ad6000 r--s 00041000 08:01 4066040                    /home/floris/.m2/repository/com/fasterxml/jackson/core/jackson-core/2.8.6/jackson-core-2.8.6.jar
7fe412ad6000-7fe412ae7000 r--s 0011d000 08:01 4066038                    /home/floris/.m2/repository/com/fasterxml/jackson/core/jackson-databind/2.8.6/jackson-databind-2.8.6.jar
7fe412ae7000-7fe412b26000 r--s 0033f000 08:01 4066036                    /home/floris/.m2/repository/io/netty/netty-all/4.1.11.Final/netty-all-4.1.11.Final.jar
7fe412b26000-7fe412b52000 r--s 001b9000 08:01 3806205                    /home/floris/.m2/repository/io/reactivex/rxjava2/rxjava/2.0.4/rxjava-2.0.4.jar
7fe412b52000-7fe412b53000 ---p 00000000 00:00 0 
7fe412b53000-7fe412c53000 rw-p 00000000 00:00 0 
7fe412c53000-7fe412c56000 ---p 00000000 00:00 0 
7fe412c56000-7fe412d54000 rw-p 00000000 00:00 0 
7fe412d54000-7fe412d57000 ---p 00000000 00:00 0 
7fe412d57000-7fe412e55000 rw-p 00000000 00:00 0 
7fe412e55000-7fe412e58000 ---p 00000000 00:00 0 
7fe412e58000-7fe412f56000 rw-p 00000000 00:00 0 
7fe412f56000-7fe412f59000 ---p 00000000 00:00 0 
7fe412f59000-7fe413057000 rw-p 00000000 00:00 0 
7fe413057000-7fe41305a000 ---p 00000000 00:00 0 
7fe41305a000-7fe413158000 rw-p 00000000 00:00 0 
7fe413158000-7fe41315b000 ---p 00000000 00:00 0 
7fe41315b000-7fe413259000 rw-p 00000000 00:00 0 
7fe413259000-7fe4133f4000 r--p 00000000 08:01 5505318                    /usr/lib/locale/locale-archive
7fe4133f4000-7fe4133f7000 ---p 00000000 00:00 0 
7fe4133f7000-7fe4134f5000 rw-p 00000000 00:00 0 
7fe4134f5000-7fe4134f8000 ---p 00000000 00:00 0 
7fe4134f8000-7fe4135f6000 rw-p 00000000 00:00 0 
7fe4135f6000-7fe4135f7000 ---p 00000000 00:00 0 
7fe4135f7000-7fe414000000 rw-p 00000000 00:00 0 
7fe414000000-7fe414021000 rw-p 00000000 00:00 0 
7fe414021000-7fe418000000 ---p 00000000 00:00 0 
7fe418000000-7fe418001000 r--s 00000000 08:01 4333766                    /var/cache/fontconfig/3f7329c5293ffd510edef78f73874cfd-le64.cache-4
7fe418001000-7fe418004000 r--s 0000b000 08:01 3021270                    /home/floris/.m2/repository/com/fasterxml/jackson/core/jackson-annotations/2.8.0/jackson-annotations-2.8.0.jar
7fe418004000-7fe418006000 r--s 00002000 08:01 4066380                    /home/floris/.m2/repository/info/bitrich/xchange-stream/service-netty/4.3.0-SNAPSHOT/service-netty-4.3.0-SNAPSHOT.jar
7fe418006000-7fe418008000 r--s 00004000 08:01 4066165                    /home/floris/.m2/repository/info/bitrich/xchange-stream/xchange-bitfinex/4.3.0-SNAPSHOT/xchange-bitfinex-4.3.0-SNAPSHOT.jar
7fe418008000-7fe418009000 r--s 00000000 08:01 1052369                    /home/floris/.m2/repository/org/reactivestreams/reactive-streams/1.0.0/reactive-streams-1.0.0.jar
7fe418009000-7fe41800b000 r--s 0000a000 08:01 657594                     /home/floris/.m2/repository/commons-codec/commons-codec/1.3/commons-codec-1.3.jar
7fe41800b000-7fe41800e000 r--s 00009000 08:01 1181181                    /home/floris/.m2/repository/oauth/signpost/signpost-core/1.2.1.2/signpost-core-1.2.1.2.jar
7fe41800e000-7fe41800f000 r--s 00004000 08:01 1181179                    /home/floris/.m2/repository/net/iharder/base64/2.3.9/base64-2.3.9.jar
7fe41800f000-7fe418011000 r--s 00003000 08:01 2889756                    /home/floris/.m2/repository/com/google/code/findbugs/jsr305/3.0.2/jsr305-3.0.2.jar
7fe418011000-7fe418015000 r--s 0001c000 08:01 2889754                    /home/floris/.m2/repository/javax/ws/rs/javax.ws.rs-api/2.1/javax.ws.rs-api-2.1.jar
7fe418015000-7fe418017000 r--s 0000e000 08:01 2889748                    /home/floris/.m2/repository/com/github/mmazi/rescu/2.0.1/rescu-2.0.1.jar
7fe418017000-7fe41801c000 r--s 0001f000 08:01 2757825                    /home/floris/.m2/repository/org/knowm/xchange/xchange-core/4.3.0/xchange-core-4.3.0.jar
7fe41801c000-7fe41801d000 r--s 00000000 08:01 4066378                    /home/floris/.m2/repository/info/bitrich/xchange-stream/service-core/4.3.0-SNAPSHOT/service-core-4.3.0-SNAPSHOT.jar
7fe41801d000-7fe41801f000 r--s 00000000 08:01 4066377                    /home/floris/.m2/repository/info/bitrich/xchange-stream/xchange-stream-core/4.3.0-SNAPSHOT/xchange-stream-core-4.3.0-SNAPSHOT.jar
7fe41801f000-7fe418046000 r--s 001f6000 08:01 1180984                    /home/floris/.m2/repository/org/apache/commons/commons-math3/3.6.1/commons-math3-3.6.1.jar
7fe418046000-7fe418048000 r--s 00007000 08:01 3934414                    /home/floris/git/serenity/lib/grafica.jar
7fe418048000-7fe41804e000 r--s 000f3000 08:01 1318600                    /home/floris/.m2/repository/org/processing/core/3.3.6/core-3.3.6.jar
7fe41804e000-7fe418051000 r--s 00018000 08:01 4066210                    /home/floris/.m2/repository/org/java-websocket/Java-WebSocket/1.3.6/Java-WebSocket-1.3.6.jar
7fe418051000-7fe418057000 r--s 00033000 08:01 1049851                    /home/floris/.m2/repository/com/google/code/gson/gson/2.6.2/gson-2.6.2.jar
7fe418057000-7fe41805b000 r--s 00031000 08:01 3674890                    /home/floris/.m2/repository/commons-io/commons-io/2.6/commons-io-2.6.jar
7fe41805b000-7fe41805d000 r--s 00009000 08:01 657474                     /home/floris/.m2/repository/org/slf4j/slf4j-api/1.7.24/slf4j-api-1.7.24.jar
7fe41805d000-7fe418079000 r--s 0013c000 08:01 656438                     /home/floris/.m2/repository/org/apache/logging/log4j/log4j-core/2.8.2/log4j-core-2.8.2.jar
7fe418079000-7fe41807e000 r--s 00033000 08:01 656436                     /home/floris/.m2/repository/org/apache/logging/log4j/log4j-api/2.8.2/log4j-api-2.8.2.jar
7fe41807e000-7fe418082000 r--s 0000f000 08:01 1180023                    /home/floris/.m2/repository/org/eclipse/xtend/org.eclipse.xtend.lib.macro/2.12.0/org.eclipse.xtend.lib.macro-2.12.0.jar
7fe418082000-7fe4180ae000 r--s 00207000 08:01 920624                     /home/floris/.m2/repository/com/google/guava/guava/19.0-rc3/guava-19.0-rc3.jar
7fe4180ae000-7fe4180b3000 r--s 00024000 08:01 1179733                    /home/floris/.m2/repository/org/eclipse/xtend/org.eclipse.xtend.lib/2.12.0/org.eclipse.xtend.lib-2.12.0.jar
7fe4180b3000-7fe4180c6000 r--s 00346000 08:01 6164854                    /usr/lib/jvm/java-8-openjdk-amd64/jre/lib/resources.jar
7fe4180c6000-7fe4180e1000 r--s 001d6000 08:01 6164834                    /usr/lib/jvm/java-8-openjdk-amd64/jre/lib/ext/nashorn.jar
7fe4180e1000-7fe4180fc000 r--s 00394000 08:01 6164829                    /usr/lib/jvm/java-8-openjdk-amd64/jre/lib/ext/cldrdata.jar
7fe4180fc000-7fe419485000 rw-p 00000000 00:00 0 
7fe419485000-7fe419654000 r--s 03c21000 08:01 6164855                    /usr/lib/jvm/java-8-openjdk-amd64/jre/lib/rt.jar
7fe419654000-7fe41aed4000 rw-p 00000000 00:00 0 
7fe41aed4000-7fe41aed5000 ---p 00000000 00:00 0 
7fe41aed5000-7fe41afd5000 rw-p 00000000 00:00 0 
7fe41afd5000-7fe41afd6000 ---p 00000000 00:00 0 
7fe41afd6000-7fe41b0d6000 rw-p 00000000 00:00 0 
7fe41b0d6000-7fe41b0d7000 ---p 00000000 00:00 0 
7fe41b0d7000-7fe41b1d7000 rw-p 00000000 00:00 0 
7fe41b1d7000-7fe41b1d8000 ---p 00000000 00:00 0 
7fe41b1d8000-7fe41b2d8000 rw-p 00000000 00:00 0 
7fe41b2d8000-7fe41b2d9000 ---p 00000000 00:00 0 
7fe41b2d9000-7fe41b3d9000 rw-p 00000000 00:00 0 
7fe41b3d9000-7fe41b3da000 ---p 00000000 00:00 0 
7fe41b3da000-7fe41b4da000 rw-p 00000000 00:00 0 
7fe41b4da000-7fe41b4db000 ---p 00000000 00:00 0 
7fe41b4db000-7fe41b64d000 rw-p 00000000 00:00 0 
7fe41b64d000-7fe41c050000 ---p 00000000 00:00 0 
7fe41c050000-7fe41c0c2000 rw-p 00000000 00:00 0 
7fe41c0c2000-7fe41cac4000 ---p 00000000 00:00 0 
7fe41cac4000-7fe41cfff000 rw-p 00000000 00:00 0 
7fe41cfff000-7fe41d000000 rw-p 00000000 00:00 0 
7fe41d000000-7fe41dbe0000 rwxp 00000000 00:00 0 
7fe41dbe0000-7fe42c000000 ---p 00000000 00:00 0 
7fe42c000000-7fe42cc75000 rw-p 00000000 00:00 0 
7fe42cc75000-7fe430000000 ---p 00000000 00:00 0 
7fe430000000-7fe430001000 r--s 00005000 08:01 657472                     /home/floris/.m2/repository/org/apache/logging/log4j/log4j-slf4j-impl/2.8.2/log4j-slf4j-impl-2.8.2.jar
7fe430001000-7fe430003000 r--s 0000d000 08:01 657470                     /home/floris/.m2/repository/org/apache/logging/log4j/log4j-1.2-api/2.8.2/log4j-1.2-api-2.8.2.jar
7fe430003000-7fe430008000 r--s 002f9000 08:01 6164821                    /usr/lib/jvm/java-8-openjdk-amd64/jre/lib/charsets.jar
7fe430008000-7fe430009000 ---p 00000000 00:00 0 
7fe430009000-7fe430139000 rw-p 00000000 00:00 0 
7fe430139000-7fe4304c9000 ---p 00000000 00:00 0 
7fe4304c9000-7fe4304d1000 r-xp 00000000 08:01 6164818                    /usr/lib/jvm/java-8-openjdk-amd64/jre/lib/amd64/libzip.so
7fe4304d1000-7fe4306d0000 ---p 00008000 08:01 6164818                    /usr/lib/jvm/java-8-openjdk-amd64/jre/lib/amd64/libzip.so
7fe4306d0000-7fe4306d1000 r--p 00007000 08:01 6164818                    /usr/lib/jvm/java-8-openjdk-amd64/jre/lib/amd64/libzip.so
7fe4306d1000-7fe4306d2000 rw-p 00008000 08:01 6164818                    /usr/lib/jvm/java-8-openjdk-amd64/jre/lib/amd64/libzip.so
7fe4306d2000-7fe4306dc000 r-xp 00000000 08:01 7077906                    /lib/x86_64-linux-gnu/libnss_files-2.24.so
7fe4306dc000-7fe4308dc000 ---p 0000a000 08:01 7077906                    /lib/x86_64-linux-gnu/libnss_files-2.24.so
7fe4308dc000-7fe4308dd000 r--p 0000a000 08:01 7077906                    /lib/x86_64-linux-gnu/libnss_files-2.24.so
7fe4308dd000-7fe4308de000 rw-p 0000b000 08:01 7077906                    /lib/x86_64-linux-gnu/libnss_files-2.24.so
7fe4308de000-7fe4308e4000 rw-p 00000000 00:00 0 
7fe4308e4000-7fe4308ef000 r-xp 00000000 08:01 7077908                    /lib/x86_64-linux-gnu/libnss_nis-2.24.so
7fe4308ef000-7fe430aee000 ---p 0000b000 08:01 7077908                    /lib/x86_64-linux-gnu/libnss_nis-2.24.so
7fe430aee000-7fe430aef000 r--p 0000a000 08:01 7077908                    /lib/x86_64-linux-gnu/libnss_nis-2.24.so
7fe430aef000-7fe430af0000 rw-p 0000b000 08:01 7077908                    /lib/x86_64-linux-gnu/libnss_nis-2.24.so
7fe430af0000-7fe430b04000 r-xp 00000000 08:01 7077903                    /lib/x86_64-linux-gnu/libnsl-2.24.so
7fe430b04000-7fe430d04000 ---p 00014000 08:01 7077903                    /lib/x86_64-linux-gnu/libnsl-2.24.so
7fe430d04000-7fe430d05000 r--p 00014000 08:01 7077903                    /lib/x86_64-linux-gnu/libnsl-2.24.so
7fe430d05000-7fe430d06000 rw-p 00015000 08:01 7077903                    /lib/x86_64-linux-gnu/libnsl-2.24.so
7fe430d06000-7fe430d08000 rw-p 00000000 00:00 0 
7fe430d08000-7fe430d0f000 r-xp 00000000 08:01 7077904                    /lib/x86_64-linux-gnu/libnss_compat-2.24.so
7fe430d0f000-7fe430f0e000 ---p 00007000 08:01 7077904                    /lib/x86_64-linux-gnu/libnss_compat-2.24.so
7fe430f0e000-7fe430f0f000 r--p 00006000 08:01 7077904                    /lib/x86_64-linux-gnu/libnss_compat-2.24.so
7fe430f0f000-7fe430f10000 rw-p 00007000 08:01 7077904                    /lib/x86_64-linux-gnu/libnss_compat-2.24.so
7fe430f10000-7fe430f3d000 r-xp 00000000 08:01 6164795                    /usr/lib/jvm/java-8-openjdk-amd64/jre/lib/amd64/libjava.so
7fe430f3d000-7fe43113c000 ---p 0002d000 08:01 6164795                    /usr/lib/jvm/java-8-openjdk-amd64/jre/lib/amd64/libjava.so
7fe43113c000-7fe43113d000 r--p 0002c000 08:01 6164795                    /usr/lib/jvm/java-8-openjdk-amd64/jre/lib/amd64/libjava.so
7fe43113d000-7fe43113f000 rw-p 0002d000 08:01 6164795                    /usr/lib/jvm/java-8-openjdk-amd64/jre/lib/amd64/libjava.so
7fe43113f000-7fe43114e000 r-xp 00000000 08:01 6164817                    /usr/lib/jvm/java-8-openjdk-amd64/jre/lib/amd64/libverify.so
7fe43114e000-7fe43134e000 ---p 0000f000 08:01 6164817                    /usr/lib/jvm/java-8-openjdk-amd64/jre/lib/amd64/libverify.so
7fe43134e000-7fe431350000 r--p 0000f000 08:01 6164817                    /usr/lib/jvm/java-8-openjdk-amd64/jre/lib/amd64/libverify.so
7fe431350000-7fe431351000 rw-p 00011000 08:01 6164817                    /usr/lib/jvm/java-8-openjdk-amd64/jre/lib/amd64/libverify.so
7fe431351000-7fe431358000 r-xp 00000000 08:01 7077913                    /lib/x86_64-linux-gnu/librt-2.24.so
7fe431358000-7fe431557000 ---p 00007000 08:01 7077913                    /lib/x86_64-linux-gnu/librt-2.24.so
7fe431557000-7fe431558000 r--p 00006000 08:01 7077913                    /lib/x86_64-linux-gnu/librt-2.24.so
7fe431558000-7fe431559000 rw-p 00007000 08:01 7077913                    /lib/x86_64-linux-gnu/librt-2.24.so
7fe431559000-7fe43156f000 r-xp 00000000 08:01 7077892                    /lib/x86_64-linux-gnu/libgcc_s.so.1
7fe43156f000-7fe43176e000 ---p 00016000 08:01 7077892                    /lib/x86_64-linux-gnu/libgcc_s.so.1
7fe43176e000-7fe43176f000 r--p 00015000 08:01 7077892                    /lib/x86_64-linux-gnu/libgcc_s.so.1
7fe43176f000-7fe431770000 rw-p 00016000 08:01 7077892                    /lib/x86_64-linux-gnu/libgcc_s.so.1
7fe431770000-7fe431873000 r-xp 00000000 08:01 7077900                    /lib/x86_64-linux-gnu/libm-2.24.so
7fe431873000-7fe431a72000 ---p 00103000 08:01 7077900                    /lib/x86_64-linux-gnu/libm-2.24.so
7fe431a72000-7fe431a73000 r--p 00102000 08:01 7077900                    /lib/x86_64-linux-gnu/libm-2.24.so
7fe431a73000-7fe431a74000 rw-p 00103000 08:01 7077900                    /lib/x86_64-linux-gnu/libm-2.24.so
7fe431a74000-7fe431be6000 r-xp 00000000 08:01 5510674                    /usr/lib/x86_64-linux-gnu/libstdc++.so.6.0.22
7fe431be6000-7fe431de6000 ---p 00172000 08:01 5510674                    /usr/lib/x86_64-linux-gnu/libstdc++.so.6.0.22
7fe431de6000-7fe431df0000 r--p 00172000 08:01 5510674                    /usr/lib/x86_64-linux-gnu/libstdc++.so.6.0.22
7fe431df0000-7fe431df2000 rw-p 0017c000 08:01 5510674                    /usr/lib/x86_64-linux-gnu/libstdc++.so.6.0.22
7fe431df2000-7fe431df6000 rw-p 00000000 00:00 0 
7fe431df6000-7fe432a4a000 r-xp 00000000 08:01 6164820                    /usr/lib/jvm/java-8-openjdk-amd64/jre/lib/amd64/server/libjvm.so
7fe432a4a000-7fe432c49000 ---p 00c54000 08:01 6164820                    /usr/lib/jvm/java-8-openjdk-amd64/jre/lib/amd64/server/libjvm.so
7fe432c49000-7fe432cdc000 r--p 00c53000 08:01 6164820                    /usr/lib/jvm/java-8-openjdk-amd64/jre/lib/amd64/server/libjvm.so
7fe432cdc000-7fe432d05000 rw-p 00ce6000 08:01 6164820                    /usr/lib/jvm/java-8-openjdk-amd64/jre/lib/amd64/server/libjvm.so
7fe432d05000-7fe432d35000 rw-p 00000000 00:00 0 
7fe432d35000-7fe432eca000 r-xp 00000000 08:01 7077896                    /lib/x86_64-linux-gnu/libc-2.24.so
7fe432eca000-7fe4330ca000 ---p 00195000 08:01 7077896                    /lib/x86_64-linux-gnu/libc-2.24.so
7fe4330ca000-7fe4330ce000 r--p 00195000 08:01 7077896                    /lib/x86_64-linux-gnu/libc-2.24.so
7fe4330ce000-7fe4330d0000 rw-p 00199000 08:01 7077896                    /lib/x86_64-linux-gnu/libc-2.24.so
7fe4330d0000-7fe4330d4000 rw-p 00000000 00:00 0 
7fe4330d4000-7fe4330d7000 r-xp 00000000 08:01 7077899                    /lib/x86_64-linux-gnu/libdl-2.24.so
7fe4330d7000-7fe4332d6000 ---p 00003000 08:01 7077899                    /lib/x86_64-linux-gnu/libdl-2.24.so
7fe4332d6000-7fe4332d7000 r--p 00002000 08:01 7077899                    /lib/x86_64-linux-gnu/libdl-2.24.so
7fe4332d7000-7fe4332d8000 rw-p 00003000 08:01 7077899                    /lib/x86_64-linux-gnu/libdl-2.24.so
7fe4332d8000-7fe4332e5000 r-xp 00000000 08:01 6164778                    /usr/lib/jvm/java-8-openjdk-amd64/jre/lib/amd64/jli/libjli.so
7fe4332e5000-7fe4334e5000 ---p 0000d000 08:01 6164778                    /usr/lib/jvm/java-8-openjdk-amd64/jre/lib/amd64/jli/libjli.so
7fe4334e5000-7fe4334e6000 r--p 0000d000 08:01 6164778                    /usr/lib/jvm/java-8-openjdk-amd64/jre/lib/amd64/jli/libjli.so
7fe4334e6000-7fe4334e7000 rw-p 0000e000 08:01 6164778                    /usr/lib/jvm/java-8-openjdk-amd64/jre/lib/amd64/jli/libjli.so
7fe4334e7000-7fe433500000 r-xp 00000000 08:01 7077978                    /lib/x86_64-linux-gnu/libz.so.1.2.8
7fe433500000-7fe4336ff000 ---p 00019000 08:01 7077978                    /lib/x86_64-linux-gnu/libz.so.1.2.8
7fe4336ff000-7fe433700000 r--p 00018000 08:01 7077978                    /lib/x86_64-linux-gnu/libz.so.1.2.8
7fe433700000-7fe433701000 rw-p 00019000 08:01 7077978                    /lib/x86_64-linux-gnu/libz.so.1.2.8
7fe433701000-7fe433719000 r-xp 00000000 08:01 7077911                    /lib/x86_64-linux-gnu/libpthread-2.24.so
7fe433719000-7fe433918000 ---p 00018000 08:01 7077911                    /lib/x86_64-linux-gnu/libpthread-2.24.so
7fe433918000-7fe433919000 r--p 00017000 08:01 7077911                    /lib/x86_64-linux-gnu/libpthread-2.24.so
7fe433919000-7fe43391a000 rw-p 00018000 08:01 7077911                    /lib/x86_64-linux-gnu/libpthread-2.24.so
7fe43391a000-7fe43391e000 rw-p 00000000 00:00 0 
7fe43391e000-7fe433941000 r-xp 00000000 08:01 7077891                    /lib/x86_64-linux-gnu/ld-2.24.so
7fe433941000-7fe433945000 r--s 00021000 08:01 1180021                    /home/floris/.m2/repository/org/eclipse/xtext/org.eclipse.xtext.xbase.lib/2.12.0/org.eclipse.xtext.xbase.lib-2.12.0.jar
7fe433945000-7fe433948000 r--s 00015000 08:01 6164848                    /usr/lib/jvm/java-8-openjdk-amd64/jre/lib/jce.jar
7fe433948000-7fe43394d000 r--s 0009a000 08:01 6164850                    /usr/lib/jvm/java-8-openjdk-amd64/jre/lib/jsse.jar
7fe43394d000-7fe43394e000 r--s 0000a000 08:01 6164832                    /usr/lib/jvm/java-8-openjdk-amd64/jre/lib/ext/jaccess.jar
7fe43394e000-7fe433950000 r--s 00008000 08:01 6164835                    /usr/lib/jvm/java-8-openjdk-amd64/jre/lib/ext/sunec.jar
7fe433950000-7fe43395a000 r--s 00116000 08:01 6164833                    /usr/lib/jvm/java-8-openjdk-amd64/jre/lib/ext/localedata.jar
7fe43395a000-7fe433a1f000 rw-p 00000000 00:00 0 
7fe433a1f000-7fe433a22000 ---p 00000000 00:00 0 
7fe433a22000-7fe433b22000 rw-p 00000000 00:00 0 
7fe433b22000-7fe433b23000 r--s 00010000 08:01 6164838                    /usr/lib/jvm/java-8-openjdk-amd64/jre/lib/ext/zipfs.jar
7fe433b23000-7fe433b27000 r--s 00037000 08:01 6164837                    /usr/lib/jvm/java-8-openjdk-amd64/jre/lib/ext/sunpkcs11.jar
7fe433b27000-7fe433b2a000 r--s 0000f000 08:01 6164831                    /usr/lib/jvm/java-8-openjdk-amd64/jre/lib/ext/icedtea-sound.jar
7fe433b2a000-7fe433b30000 r--s 0003a000 08:01 6164836                    /usr/lib/jvm/java-8-openjdk-amd64/jre/lib/ext/sunjce_provider.jar
7fe433b30000-7fe433b32000 r--s 00007000 08:01 5901568                    /usr/share/java/java-atk-wrapper.jar
7fe433b32000-7fe433b34000 r--s 00001000 08:01 6164830                    /usr/lib/jvm/java-8-openjdk-amd64/jre/lib/ext/dnsns.jar
7fe433b34000-7fe433b3c000 rw-s 00000000 08:01 2359962                    /tmp/hsperfdata_floris/6322
7fe433b3c000-7fe433b3d000 rw-p 00000000 00:00 0 
7fe433b3d000-7fe433b3e000 ---p 00000000 00:00 0 
7fe433b3e000-7fe433b41000 rw-p 00000000 00:00 0 
7fe433b41000-7fe433b42000 r--p 00023000 08:01 7077891                    /lib/x86_64-linux-gnu/ld-2.24.so
7fe433b42000-7fe433b43000 rw-p 00024000 08:01 7077891                    /lib/x86_64-linux-gnu/ld-2.24.so
7fe433b43000-7fe433b44000 rw-p 00000000 00:00 0 
7ffce9a82000-7ffce9aa4000 rw-p 00000000 00:00 0                          [stack]
7ffce9b54000-7ffce9b56000 r--p 00000000 00:00 0                          [vvar]
7ffce9b56000-7ffce9b58000 r-xp 00000000 00:00 0                          [vdso]
ffffffffff600000-ffffffffff601000 r-xp 00000000 00:00 0                  [vsyscall]

VM Arguments:
jvm_args: -Dfile.encoding=UTF-8 
java_command: com.sirolf2009.serenity.sketches.OrderbookVolume
java_class_path (initial): /usr/lib/jvm/java-8-openjdk-amd64/jre/lib/resources.jar:/usr/lib/jvm/java-8-openjdk-amd64/jre/lib/rt.jar:/usr/lib/jvm/java-8-openjdk-amd64/jre/lib/jsse.jar:/usr/lib/jvm/java-8-openjdk-amd64/jre/lib/jce.jar:/usr/lib/jvm/java-8-openjdk-amd64/jre/lib/charsets.jar:/usr/lib/jvm/java-8-openjdk-amd64/jre/lib/ext/dnsns.jar:/usr/lib/jvm/java-8-openjdk-amd64/jre/lib/ext/java-atk-wrapper.jar:/usr/lib/jvm/java-8-openjdk-amd64/jre/lib/ext/sunjce_provider.jar:/usr/lib/jvm/java-8-openjdk-amd64/jre/lib/ext/icedtea-sound.jar:/usr/lib/jvm/java-8-openjdk-amd64/jre/lib/ext/cldrdata.jar:/usr/lib/jvm/java-8-openjdk-amd64/jre/lib/ext/localedata.jar:/usr/lib/jvm/java-8-openjdk-amd64/jre/lib/ext/nashorn.jar:/usr/lib/jvm/java-8-openjdk-amd64/jre/lib/ext/sunpkcs11.jar:/usr/lib/jvm/java-8-openjdk-amd64/jre/lib/ext/zipfs.jar:/usr/lib/jvm/java-8-openjdk-amd64/jre/lib/ext/sunec.jar:/usr/lib/jvm/java-8-openjdk-amd64/jre/lib/ext/jaccess.jar:/home/floris/git/serenity/target/classes:/home/floris/.m2/repository/org/eclipse/xtend/org.eclipse.xtend.lib/2.12.0/org.eclipse.xtend.lib-2.12.0.jar:/home/floris/.m2/repository/org/eclipse/xtext/org.eclipse.xtext.xbase.lib/2.12.0/org.eclipse.xtext.xbase.lib-2.12.0.jar:/home/floris/.m2/repository/com/google/guava/guava/19.0-rc3/guava-19.0-rc3.jar:/home/floris/.m2/repository/org/eclipse/xtend/org.eclipse.xtend.lib.macro/2.12.0/org.eclipse.xtend.lib.macro-2.12.0.jar:/home/floris/.m2/repository/org/apache/logging/log4j/log4j-api/2.8.2/log4j-api-2.8.2.jar:/home/floris/.m2/repository/org/apache/logging/log4j/log4j-core/2.8.2/log4j-core-2.8.2.jar:/home/floris/.m2/repository/org/apache/logging/log4j/log4j-1.2-api/2.8.2/log4j-1.2-api-2.8.2.jar:/home/floris/.m2/repository/org/apache/logging/log4j/log4j-slf4j-impl/2.8.2/log4j-slf4j-impl-2.8.2.jar:/home/floris/.m2/repository/org/slf4j/slf4j-api/1.7.24/slf4j-api-1.7.24.jar:/home/floris/.m2/repository/commons-io/commons-io/2.6/commons-io-2.6.jar:/home/floris/.m2/repository/com/google/code/gson/gso
Launcher Type: SUN_STANDARD

Environment Variables:
JAVA_HOME=/usr/lib/jvm/java-8-oracle
PATH=/usr/local/bin:/usr/bin:/bin:/usr/local/games:/usr/games:/usr/lib/jvm/java-8-oracle/bin:/usr/lib/jvm/java-8-oracle/db/bin:/usr/lib/jvm/java-8-oracle/jre/bin
USERNAME=floris
SHELL=/bin/bash
DISPLAY=:1

Signal Handlers:
SIGSEGV: [libjvm.so+0xa6bed0], sa_mask[0]=11111111011111111101111111111110, sa_flags=SA_RESTART|SA_SIGINFO
SIGBUS: [libjvm.so+0xa6bed0], sa_mask[0]=11111111011111111101111111111110, sa_flags=SA_RESTART|SA_SIGINFO
SIGFPE: [libjvm.so+0x8b6390], sa_mask[0]=11111111011111111101111111111110, sa_flags=SA_RESTART|SA_SIGINFO
SIGPIPE: [libjvm.so+0x8b6390], sa_mask[0]=11111111011111111101111111111110, sa_flags=SA_RESTART|SA_SIGINFO
SIGXFSZ: [libjvm.so+0x8b6390], sa_mask[0]=11111111011111111101111111111110, sa_flags=SA_RESTART|SA_SIGINFO
SIGILL: [libjvm.so+0x8b6390], sa_mask[0]=11111111011111111101111111111110, sa_flags=SA_RESTART|SA_SIGINFO
SIGUSR1: SIG_DFL, sa_mask[0]=00000000000000000000000000000000, sa_flags=none
SIGUSR2: [libjvm.so+0x8b6240], sa_mask[0]=00100000000000000000000000000000, sa_flags=SA_RESTART|SA_SIGINFO
SIGHUP: [libjvm.so+0x8b66f0], sa_mask[0]=11111111011111111101111111111110, sa_flags=SA_RESTART|SA_SIGINFO
SIGINT: [libjvm.so+0x8b66f0], sa_mask[0]=11111111011111111101111111111110, sa_flags=SA_RESTART|SA_SIGINFO
SIGTERM: [libjvm.so+0x8b66f0], sa_mask[0]=11111111011111111101111111111110, sa_flags=SA_RESTART|SA_SIGINFO
SIGQUIT: [libjvm.so+0x8b66f0], sa_mask[0]=11111111011111111101111111111110, sa_flags=SA_RESTART|SA_SIGINFO


---------------  S Y S T E M  ---------------

OS:PRETTY_NAME="Debian GNU/Linux 9 (stretch)"
NAME="Debian GNU/Linux"
VERSION_ID="9"
VERSION="9 (stretch)"
ID=debian
HOME_URL="https://www.debian.org/"
SUPPORT_URL="https://www.debian.org/support"
BUG_REPORT_URL="https://bugs.debian.org/"

uname:Linux 4.9.0-4-amd64 #1 SMP Debian 4.9.51-1 (2017-09-28) x86_64
libc:glibc 2.24 NPTL 2.24 
rlimit: STACK 8192k, CORE 0k, NPROC 128377, NOFILE 1048576, AS infinity
load average:2.47 1.81 1.48

/proc/meminfo:
MemTotal:       32887968 kB
MemFree:        22167940 kB
MemAvailable:   23707060 kB
Buffers:          177224 kB
Cached:          1733508 kB
SwapCached:            0 kB
Active:          8843360 kB
Inactive:        1251232 kB
Active(anon):    8184844 kB
Inactive(anon):    82404 kB
Active(file):     658516 kB
Inactive(file):  1168828 kB
Unevictable:         124 kB
Mlocked:             124 kB
SwapTotal:      33488892 kB
SwapFree:       33488892 kB
Dirty:               420 kB
Writeback:             0 kB
AnonPages:       8184164 kB
Mapped:           511988 kB
Shmem:             83384 kB
Slab:             212228 kB
SReclaimable:     153876 kB
SUnreclaim:        58352 kB
KernelStack:       15168 kB
PageTables:        57064 kB
NFS_Unstable:          0 kB
Bounce:                0 kB
WritebackTmp:          0 kB
CommitLimit:    49932876 kB
Committed_AS:   14375120 kB
VmallocTotal:   34359738367 kB
VmallocUsed:           0 kB
VmallocChunk:          0 kB
HardwareCorrupted:     0 kB
AnonHugePages:         0 kB
ShmemHugePages:        0 kB
ShmemPmdMapped:        0 kB
HugePages_Total:       0
HugePages_Free:        0
HugePages_Rsvd:        0
HugePages_Surp:        0
Hugepagesize:       2048 kB
DirectMap4k:      397232 kB
DirectMap2M:    10024960 kB
DirectMap1G:    23068672 kB


CPU:total 8 (initial active 8) (4 cores per cpu, 2 threads per core) family 6 model 60 stepping 3, cmov, cx8, fxsr, mmx, sse, sse2, sse3, ssse3, sse4.1, sse4.2, popcnt, avx, avx2, aes, clmul, erms, lzcnt, ht, tsc, tscinvbit, bmi1, bmi2

/proc/cpuinfo:
processor	: 0
vendor_id	: GenuineIntel
cpu family	: 6
model		: 60
model name	: Intel(R) Core(TM) i7-4770K CPU @ 3.50GHz
stepping	: 3
microcode	: 0x22
cpu MHz		: 3856.750
cache size	: 8192 KB
physical id	: 0
siblings	: 8
core id		: 0
cpu cores	: 4
apicid		: 0
initial apicid	: 0
fpu		: yes
fpu_exception	: yes
cpuid level	: 13
wp		: yes
flags		: fpu vme de pse tsc msr pae mce cx8 apic sep mtrr pge mca cmov pat pse36 clflush dts acpi mmx fxsr sse sse2 ss ht tm pbe syscall nx pdpe1gb rdtscp lm constant_tsc arch_perfmon pebs bts rep_good nopl xtopology nonstop_tsc aperfmperf eagerfpu pni pclmulqdq dtes64 monitor ds_cpl vmx est tm2 ssse3 sdbg fma cx16 xtpr pdcm pcid sse4_1 sse4_2 movbe popcnt tsc_deadline_timer aes xsave avx f16c rdrand lahf_lm abm epb tpr_shadow vnmi flexpriority ept vpid fsgsbase tsc_adjust bmi1 avx2 smep bmi2 erms invpcid xsaveopt dtherm ida arat pln pts
bugs		:
bogomips	: 7000.61
clflush size	: 64
cache_alignment	: 64
address sizes	: 39 bits physical, 48 bits virtual
power management:

processor	: 1
vendor_id	: GenuineIntel
cpu family	: 6
model		: 60
model name	: Intel(R) Core(TM) i7-4770K CPU @ 3.50GHz
stepping	: 3
microcode	: 0x22
cpu MHz		: 3808.044
cache size	: 8192 KB
physical id	: 0
siblings	: 8
core id		: 1
cpu cores	: 4
apicid		: 2
initial apicid	: 2
fpu		: yes
fpu_exception	: yes
cpuid level	: 13
wp		: yes
flags		: fpu vme de pse tsc msr pae mce cx8 apic sep mtrr pge mca cmov pat pse36 clflush dts acpi mmx fxsr sse sse2 ss ht tm pbe syscall nx pdpe1gb rdtscp lm constant_tsc arch_perfmon pebs bts rep_good nopl xtopology nonstop_tsc aperfmperf eagerfpu pni pclmulqdq dtes64 monitor ds_cpl vmx est tm2 ssse3 sdbg fma cx16 xtpr pdcm pcid sse4_1 sse4_2 movbe popcnt tsc_deadline_timer aes xsave avx f16c rdrand lahf_lm abm epb tpr_shadow vnmi flexpriority ept vpid fsgsbase tsc_adjust bmi1 avx2 smep bmi2 erms invpcid xsaveopt dtherm ida arat pln pts
bugs		:
bogomips	: 7001.48
clflush size	: 64
cache_alignment	: 64
address sizes	: 39 bits physical, 48 bits virtual
power management:

processor	: 2
vendor_id	: GenuineIntel
cpu family	: 6
model		: 60
model name	: Intel(R) Core(TM) i7-4770K CPU @ 3.50GHz
stepping	: 3
microcode	: 0x22
cpu MHz		: 3780.273
cache size	: 8192 KB
physical id	: 0
siblings	: 8
core id		: 2
cpu cores	: 4
apicid		: 4
initial apicid	: 4
fpu		: yes
fpu_exception	: yes
cpuid level	: 13
wp		: yes
flags		: fpu vme de pse tsc msr pae mce cx8 apic sep mtrr pge mca cmov pat pse36 clflush dts acpi mmx fxsr sse sse2 ss ht tm pbe syscall nx pdpe1gb rdtscp lm constant_tsc arch_perfmon pebs bts rep_good nopl xtopology nonstop_tsc aperfmperf eagerfpu pni pclmulqdq dtes64 monitor ds_cpl vmx est tm2 ssse3 sdbg fma cx16 xtpr pdcm pcid sse4_1 sse4_2 movbe popcnt tsc_deadline_timer aes xsave avx f16c rdrand lahf_lm abm epb tpr_shadow vnmi flexpriority ept vpid fsgsbase tsc_adjust bmi1 avx2 smep bmi2 erms invpcid xsaveopt dtherm ida arat pln pts
bugs		:
bogomips	: 7001.54
clflush size	: 64
cache_alignment	: 64
address sizes	: 39 bits physical, 48 bits virtual
power management:

processor	: 3
vendor_id	: GenuineIntel
cpu family	: 6
model		: 60
model name	: Intel(R) Core(TM) i7-4770K CPU @ 3.50GHz
stepping	: 3
microcode	: 0x22
cpu MHz		: 3838.806
cache size	: 8192 KB
physical id	: 0
siblings	: 8
core id		: 3
cpu cores	: 4
apicid		: 6
initial apicid	: 6
fpu		: yes
fpu_exception	: yes
cpuid level	: 13
wp		: yes
flags		: fpu vme de pse tsc msr pae mce cx8 apic sep mtrr pge mca cmov pat pse36 clflush dts acpi mmx fxsr sse sse2 ss ht tm pbe syscall nx pdpe1gb rdtscp lm constant_tsc arch_perfmon pebs bts rep_good nopl xtopology nonstop_tsc aperfmperf eagerfpu pni pclmulqdq dtes64 monitor ds_cpl vmx est tm2 ssse3 sdbg fma cx16 xtpr pdcm pcid sse4_1 sse4_2 movbe popcnt tsc_deadline_timer aes xsave avx f16c rdrand lahf_lm abm epb tpr_shadow vnmi flexpriority ept vpid fsgsbase tsc_adjust bmi1 avx2 smep bmi2 erms invpcid xsaveopt dtherm ida arat pln pts
bugs		:
bogomips	: 7001.53
clflush size	: 64
cache_alignment	: 64
address sizes	: 39 bits physical, 48 bits virtual
power management:

processor	: 4
vendor_id	: GenuineIntel
cpu family	: 6
model		: 60
model name	: Intel(R) Core(TM) i7-4770K CPU @ 3.50GHz
stepping	: 3
microcode	: 0x22
cpu MHz		: 3781.768
cache size	: 8192 KB
physical id	: 0
siblings	: 8
core id		: 0
cpu cores	: 4
apicid		: 1
initial apicid	: 1
fpu		: yes
fpu_exception	: yes
cpuid level	: 13
wp		: yes
flags		: fpu vme de pse tsc msr pae mce cx8 apic sep mtrr pge mca cmov pat pse36 clflush dts acpi mmx fxsr sse sse2 ss ht tm pbe syscall nx pdpe1gb rdtscp lm constant_tsc arch_perfmon pebs bts rep_good nopl xtopology nonstop_tsc aperfmperf eagerfpu pni pclmulqdq dtes64 monitor ds_cpl vmx est tm2 ssse3 sdbg fma cx16 xtpr pdcm pcid sse4_1 sse4_2 movbe popcnt tsc_deadline_timer aes xsave avx f16c rdrand lahf_lm abm epb tpr_shadow vnmi flexpriority ept vpid fsgsbase tsc_adjust bmi1 avx2 smep bmi2 erms invpcid xsaveopt dtherm ida arat pln pts
bugs		:
bogomips	: 7001.86
clflush size	: 64
cache_alignment	: 64
address sizes	: 39 bits physical, 48 bits virtual
power management:

processor	: 5
vendor_id	: GenuineIntel
cpu family	: 6
model		: 60
model name	: Intel(R) Core(TM) i7-4770K CPU @ 3.50GHz
stepping	: 3
microcode	: 0x22
cpu MHz		: 3789.672
cache size	: 8192 KB
physical id	: 0
siblings	: 8
core id		: 1
cpu cores	: 4
apicid		: 3
initial apicid	: 3
fpu		: yes
fpu_exception	: yes
cpuid level	: 13
wp		: yes
flags		: fpu vme de pse tsc msr pae mce cx8 apic sep mtrr pge mca cmov pat pse36 clflush dts acpi mmx fxsr sse sse2 ss ht tm pbe syscall nx pdpe1gb rdtscp lm constant_tsc arch_perfmon pebs bts rep_good nopl xtopology nonstop_tsc aperfmperf eagerfpu pni pclmulqdq dtes64 monitor ds_cpl vmx est tm2 ssse3 sdbg fma cx16 xtpr pdcm pcid sse4_1 sse4_2 movbe popcnt tsc_deadline_timer aes xsave avx f16c rdrand lahf_lm abm epb tpr_shadow vnmi flexpriority ept vpid fsgsbase tsc_adjust bmi1 avx2 smep bmi2 erms invpcid xsaveopt dtherm ida arat pln pts
bugs		:
bogomips	: 7001.60
clflush size	: 64
cache_alignment	: 64
address sizes	: 39 bits physical, 48 bits virtual
power management:

processor	: 6
vendor_id	: GenuineIntel
cpu family	: 6
model		: 60
model name	: Intel(R) Core(TM) i7-4770K CPU @ 3.50GHz
stepping	: 3
microcode	: 0x22
cpu MHz		: 3738.403
cache size	: 8192 KB
physical id	: 0
siblings	: 8
core id		: 2
cpu cores	: 4
apicid		: 5
initial apicid	: 5
fpu		: yes
fpu_exception	: yes
cpuid level	: 13
wp		: yes
flags		: fpu vme de pse tsc msr pae mce cx8 apic sep mtrr pge mca cmov pat pse36 clflush dts acpi mmx fxsr sse sse2 ss ht tm pbe syscall nx pdpe1gb rdtscp lm constant_tsc arch_perfmon pebs bts rep_good nopl xtopology nonstop_tsc aperfmperf eagerfpu pni pclmulqdq dtes64 monitor ds_cpl vmx est tm2 ssse3 sdbg fma cx16 xtpr pdcm pcid sse4_1 sse4_2 movbe popcnt tsc_deadline_timer aes xsave avx f16c rdrand lahf_lm abm epb tpr_shadow vnmi flexpriority ept vpid fsgsbase tsc_adjust bmi1 avx2 smep bmi2 erms invpcid xsaveopt dtherm ida arat pln pts
bugs		:
bogomips	: 7001.59
clflush size	: 64
cache_alignment	: 64
address sizes	: 39 bits physical, 48 bits virtual
power management:

processor	: 7
vendor_id	: GenuineIntel
cpu family	: 6
model		: 60
model name	: Intel(R) Core(TM) i7-4770K CPU @ 3.50GHz
stepping	: 3
microcode	: 0x22
cpu MHz		: 3804.626
cache size	: 8192 KB
physical id	: 0
siblings	: 8
core id		: 3
cpu cores	: 4
apicid		: 7
initial apicid	: 7
fpu		: yes
fpu_exception	: yes
cpuid level	: 13
wp		: yes
flags		: fpu vme de pse tsc msr pae mce cx8 apic sep mtrr pge mca cmov pat pse36 clflush dts acpi mmx fxsr sse sse2 ss ht tm pbe syscall nx pdpe1gb rdtscp lm constant_tsc arch_perfmon pebs bts rep_good nopl xtopology nonstop_tsc aperfmperf eagerfpu pni pclmulqdq dtes64 monitor ds_cpl vmx est tm2 ssse3 sdbg fma cx16 xtpr pdcm pcid sse4_1 sse4_2 movbe popcnt tsc_deadline_timer aes xsave avx f16c rdrand lahf_lm abm epb tpr_shadow vnmi flexpriority ept vpid fsgsbase tsc_adjust bmi1 avx2 smep bmi2 erms invpcid xsaveopt dtherm ida arat pln pts
bugs		:
bogomips	: 7001.54
clflush size	: 64
cache_alignment	: 64
address sizes	: 39 bits physical, 48 bits virtual
power management:



Memory: 4k page, physical 32887968k(22167940k free), swap 33488892k(33488892k free)

vm_info: OpenJDK 64-Bit Server VM (25.151-b12) for linux-amd64 JRE (1.8.0_151-8u151-b12-1~deb9u1-b12), built on Nov  1 2017 14:17:57 by "pbuilder" with gcc 6.3.0 20170516

time: Fri Nov 24 14:38:30 2017
elapsed time: 192 seconds (0d 0h 3m 12s)

