#
# A fatal error has been detected by the Java Runtime Environment:
#
#  SIGSEGV (0xb) at pc=0x00007f947acc83f3, pid=14676, tid=0x00007f94785af700
#
# JRE version: OpenJDK Runtime Environment (8.0_151-b12) (build 1.8.0_151-8u151-b12-1~deb9u1-b12)
# Java VM: OpenJDK 64-Bit Server VM (25.151-b12 mixed mode linux-amd64 compressed oops)
# Problematic frame:
# V  [libjvm.so+0x92a3f3]
#
# Failed to write core dump. Core dumps have been disabled. To enable core dumping, try "ulimit -c unlimited" before starting Java again
#
# If you would like to submit a bug report, please visit:
#   http://bugreport.java.com/bugreport/crash.jsp
#

---------------  T H R E A D  ---------------

Current thread (0x00007f9474022800):  GCTaskThread [stack: 0x00007f94784af000,0x00007f94785b0000] [id=14683]

siginfo: si_signo: 11 (SIGSEGV), si_code: 1 (SEGV_MAPERR), si_addr: 0x000000033973ed00

Registers:
RAX=0x0000000000000001, RBX=0x0000000722f38120, RCX=0x0000000000000003, RDX=0x00007f947b2989e0
RSP=0x00007f94785aec50, RBP=0x00007f94785aecd0, RSI=0x0000000722f38120, RDI=0x000000033973ecf8
R8 =0x00000007c02f78c0, R9 =0x00007f947407e258, R10=0x0000000721ec2128, R11=0x00007f947b2c0770
R12=0xe45e7026f80002c2, R13=0x00007f947407e1c0, R14=0x0000000000000000, R15=0x00007f947b2989f0
RIP=0x00007f947acc83f3, EFLAGS=0x0000000000010202, CSGSFS=0x002b000000000033, ERR=0x0000000000000004
  TRAPNO=0x000000000000000e

Top of Stack: (sp=0x00007f94785aec50)
0x00007f94785aec50:   00007f94785aecd0 00007f947acc72ed
0x00007f94785aec60:   00007f9400000000 0000000000000000
0x00007f94785aec70:   0000000700000006 0000000000000006
0x00007f94785aec80:   0000000721ed1350 0000000000001000
0x00007f94785aec90:   00007f94785aed20 50fefa254f714d00
0x00007f94785aeca0:   0000000721eb0a34 00007f947407e1c0
0x00007f94785aecb0:   0000000721ed2cf0 0000000000000000
0x00007f94785aecc0:   0000000000000000 00007f947b2989f0
0x00007f94785aecd0:   00007f94785aed30 00007f947acc7c68
0x00007f94785aece0:   0000000721205620 00007f947407e228
0x00007f94785aecf0:   00007f94785aed30 00007f947aa3f543
0x00007f94785aed00:   00007f946405723b 00007f947407e1c0
0x00007f94785aed10:   00007f947402fa20 00007f947ae835bd
0x00007f94785aed20:   00007f9474022800 00007f947b2b6748
0x00007f94785aed30:   00007f94785aee00 00007f947accc03a
0x00007f94785aed40:   00007f9464050000 0000000000000400
0x00007f94785aed50:   00007f947b2003b8 00000005cb047500
0x00007f94785aed60:   00007f947407e1c0 00000005cb047590
0x00007f94785aed70:   00007f947b200430 00007f9464057200
0x00007f94785aed80:   00007f947407e1c0 00007f947407e1c0
0x00007f94785aed90:   00007f946405723a 00007f94740194b0
0x00007f94785aeda0:   00007f9474020710 00007f947ac1a0cb
0x00007f94785aedb0:   00007f94740205e0 00007f94740205e0
0x00007f94785aedc0:   00007f94785aee00 50fefa254f714d00
0x00007f94785aedd0:   00007f94785aee00 0000000000000001
0x00007f94785aede0:   00007f947402fa20 00007f947ae835bd
0x00007f94785aedf0:   00007f9474022800 00007f947b2b6748
0x00007f94785aee00:   00007f94785aef10 00007f947a9435b2
0x00007f94785aee10:   00000000000003d8 00007f94740233c8
0x00007f94785aee20:   00007f9474022ff0 00007f94785aeea0
0x00007f94785aee30:   00007f9474022fa0 00007f9474022fe0
0x00007f94785aee40:   00007f94785aee58 0000000000000000 

Instructions: (pc=0x00007f947acc83f3)
0x00007f947acc83d3:   ff ff 49 89 c7 e9 9f 00 00 00 0f 1f 00 48 8d 15
0x00007f947acc83e3:   f9 05 5d 00 8b 7e 08 8b 4a 08 48 d3 e7 48 03 3a
0x00007f947acc83f3:   8b 4f 08 83 f9 00 0f 8f 9c fc ff ff 0f 84 1b 01
0x00007f947acc8403:   00 00 3c 01 48 8d 15 3e f8 5b 00 48 19 c0 83 e0 

Register to memory mapping:

RAX=0x0000000000000001 is an unknown value
RBX=0x0000000722f38120 is an oop

[error occurred during error reporting (printing register info), id 0xb]

Stack: [0x00007f94784af000,0x00007f94785b0000],  sp=0x00007f94785aec50,  free space=1023k
Native frames: (J=compiled Java code, j=interpreted, Vv=VM code, C=native code)
V  [libjvm.so+0x92a3f3]
V  [libjvm.so+0x929c68]
V  [libjvm.so+0x92e03a]
V  [libjvm.so+0x5a55b2]
V  [libjvm.so+0x8b8102]


---------------  P R O C E S S  ---------------

Java Threads: ( => current thread )
  0x00007f947400c000 JavaThread "DestroyJavaVM" [_thread_blocked, id=14681, stack(0x00007f947bfc7000,0x00007f947c0c8000)]
  0x00007f9474c34800 JavaThread "Animation Thread" [_thread_blocked, id=14713, stack(0x00007f93e3331000,0x00007f93e3432000)]
  0x00007f93dc002800 JavaThread "Thread-1" daemon [_thread_in_native, id=14707, stack(0x00007f93e3836000,0x00007f93e4037000)]
  0x00007f9474c30000 JavaThread "AWT-EventQueue-1" [_thread_blocked, id=14712, stack(0x00007f93e3432000,0x00007f93e3533000)]
  0x00007f9474c2e000 JavaThread "AWT-Shutdown" [_thread_blocked, id=14711, stack(0x00007f93e3533000,0x00007f93e3634000)]
  0x00007f9474b96000 JavaThread "process reaper" daemon [_thread_blocked, id=14706, stack(0x00007f9458095000,0x00007f94580ce000)]
  0x00007f9474b8f000 JavaThread "AWT-XAWT" daemon [_thread_in_native, id=14704, stack(0x00007f9448073000,0x00007f9448174000)]
  0x00007f9474b70000 JavaThread "Java2D Disposer" daemon [_thread_blocked, id=14703, stack(0x00007f94580ce000,0x00007f94581cf000)]
  0x00007f93f8034000 JavaThread "threadDeathWatcher-3-1" daemon [_thread_blocked, id=14702, stack(0x00007f94593d0000,0x00007f94594d1000)]
  0x00007f9474abc000 JavaThread "nioEventLoopGroup-2-1" [_thread_in_native, id=14701, stack(0x00007f9459b0d000,0x00007f9459c0e000)]
  0x00007f94740cd800 JavaThread "Service Thread" daemon [_thread_blocked, id=14698, stack(0x00007f945b259000,0x00007f945b35a000)]
  0x00007f94740c1000 JavaThread "C1 CompilerThread3" daemon [_thread_blocked, id=14697, stack(0x00007f945b35a000,0x00007f945b45b000)]
  0x00007f94740bc800 JavaThread "C2 CompilerThread2" daemon [_thread_blocked, id=14696, stack(0x00007f945b45b000,0x00007f945b55c000)]
  0x00007f94740ba800 JavaThread "C2 CompilerThread1" daemon [_thread_blocked, id=14695, stack(0x00007f945b55c000,0x00007f945b65d000)]
  0x00007f94740b7800 JavaThread "C2 CompilerThread0" daemon [_thread_blocked, id=14694, stack(0x00007f945b65d000,0x00007f945b75e000)]
  0x00007f94740b5800 JavaThread "Signal Dispatcher" daemon [_thread_blocked, id=14693, stack(0x00007f945b75e000,0x00007f945b85f000)]
  0x00007f947408d800 JavaThread "Finalizer" daemon [_thread_blocked, id=14692, stack(0x00007f945b9fa000,0x00007f945bafb000)]
  0x00007f9474089000 JavaThread "Reference Handler" daemon [_thread_blocked, id=14691, stack(0x00007f945bafb000,0x00007f945bbfc000)]

Other Threads:
  0x00007f9474081800 VMThread [stack: 0x00007f945bbfc000,0x00007f945bcfd000] [id=14690]
  0x00007f94740d0000 WatcherThread [stack: 0x00007f945b158000,0x00007f945b259000] [id=14699]

=>0x00007f9474022800 (exited) GCTaskThread [stack: 0x00007f94784af000,0x00007f94785b0000] [id=14683]

VM state:at safepoint (normal execution)

VM Mutex/Monitor currently owned by a thread:  ([mutex/lock_event])
[0x00007f94740080a0] Threads_lock - owner thread: 0x00007f9474081800
[0x00007f94740085a0] Heap_lock - owner thread: 0x00007f9474c34800

Heap:
 PSYoungGen      total 161792K, used 152322K [0x0000000718b80000, 0x0000000724080000, 0x00000007c0000000)
  eden space 143360K, 100% used [0x0000000718b80000,0x0000000721780000,0x0000000721780000)
  from space 18432K, 48% used [0x0000000722e80000,0x0000000723740aa0,0x0000000724080000)
  to   space 20992K, 42% used [0x0000000721780000,0x0000000722034fa8,0x0000000722c00000)
 ParOldGen       total 238592K, used 14629K [0x00000005ca200000, 0x00000005d8b00000, 0x0000000718b80000)
  object space 238592K, 6% used [0x00000005ca200000,0x00000005cb049590,0x00000005d8b00000)
 Metaspace       used 31730K, capacity 32096K, committed 32384K, reserved 1077248K
  class space    used 3608K, capacity 3706K, committed 3712K, reserved 1048576K

Card table byte_map: [0x00007f9464050000,0x00007f9465000000] byte_map_base: 0x00007f94611ff000

Marking Bits: (ParMarkBitMap*) 0x00007f947b2c02c0
 Begin Bits: [0x00007f942c510000, 0x00007f9434288000)
 End Bits:   [0x00007f9434288000, 0x00007f943c000000)

Polling page: 0x00007f947c0e5000

CodeCache: size=245760Kb used=8708Kb max_used=8708Kb free=237051Kb
 bounds [0x00007f9465000000, 0x00007f9465890000, 0x00007f9474000000]
 total_blobs=3558 nmethods=2798 adapters=674
 compilation: enabled

Compilation events (10 events):
Event: 16.734 Thread 0x00007f94740c1000 2794       3       sun.font.FontDesignMetrics::getDescent (10 bytes)
Event: 16.734 Thread 0x00007f94740c1000 nmethod 2794 0x00007f9465886c10 code [0x00007f9465886d80, 0x00007f9465886f10]
Event: 16.734 Thread 0x00007f94740c1000 2796       3       java.awt.geom.AffineTransform::<init> (69 bytes)
Event: 16.734 Thread 0x00007f94740c1000 nmethod 2796 0x00007f9465886f90 code [0x00007f9465887100, 0x00007f94658872f0]
Event: 16.734 Thread 0x00007f94740c1000 2795       3       sun.font.FontDesignMetrics::getAscent (10 bytes)
Event: 16.734 Thread 0x00007f94740c1000 nmethod 2795 0x00007f94658873d0 code [0x00007f9465887540, 0x00007f94658876d0]
Event: 16.734 Thread 0x00007f94740c1000 2797       3       java.awt.geom.Rectangle2D$Float::<init> (14 bytes)
Event: 16.734 Thread 0x00007f94740c1000 nmethod 2797 0x00007f9465887750 code [0x00007f94658878e0, 0x00007f9465887bd0]
Event: 16.734 Thread 0x00007f94740c1000 2798       3       java.awt.geom.Rectangle2D$Float::setRect (22 bytes)
Event: 16.734 Thread 0x00007f94740c1000 nmethod 2798 0x00007f9465887d50 code [0x00007f9465887ea0, 0x00007f9465888010]

GC Heap History (10 events):
Event: 0.808 GC heap after
Heap after GC invocations=1 (full 0):
 PSYoungGen      total 150016K, used 15289K [0x0000000718b80000, 0x0000000723280000, 0x00000007c0000000)
  eden space 129024K, 0% used [0x0000000718b80000,0x0000000718b80000,0x0000000720980000)
  from space 20992K, 72% used [0x0000000720980000,0x000000072186e6e8,0x0000000721e00000)
  to   space 20992K, 0% used [0x0000000721e00000,0x0000000721e00000,0x0000000723280000)
 ParOldGen       total 343040K, used 16K [0x00000005ca200000, 0x00000005df100000, 0x0000000718b80000)
  object space 343040K, 0% used [0x00000005ca200000,0x00000005ca204000,0x00000005df100000)
 Metaspace       used 20885K, capacity 21110K, committed 21248K, reserved 1069056K
  class space    used 2374K, capacity 2476K, committed 2560K, reserved 1048576K
}
Event: 0.808 GC heap before
{Heap before GC invocations=2 (full 1):
 PSYoungGen      total 150016K, used 15289K [0x0000000718b80000, 0x0000000723280000, 0x00000007c0000000)
  eden space 129024K, 0% used [0x0000000718b80000,0x0000000718b80000,0x0000000720980000)
  from space 20992K, 72% used [0x0000000720980000,0x000000072186e6e8,0x0000000721e00000)
  to   space 20992K, 0% used [0x0000000721e00000,0x0000000721e00000,0x0000000723280000)
 ParOldGen       total 343040K, used 16K [0x00000005ca200000, 0x00000005df100000, 0x0000000718b80000)
  object space 343040K, 0% used [0x00000005ca200000,0x00000005ca204000,0x00000005df100000)
 Metaspace       used 20885K, capacity 21110K, committed 21248K, reserved 1069056K
  class space    used 2374K, capacity 2476K, committed 2560K, reserved 1048576K
Event: 0.830 GC heap after
Heap after GC invocations=2 (full 1):
 PSYoungGen      total 150016K, used 0K [0x0000000718b80000, 0x0000000723280000, 0x00000007c0000000)
  eden space 129024K, 0% used [0x0000000718b80000,0x0000000718b80000,0x0000000720980000)
  from space 20992K, 0% used [0x0000000720980000,0x0000000720980000,0x0000000721e00000)
  to   space 20992K, 0% used [0x0000000721e00000,0x0000000721e00000,0x0000000723280000)
 ParOldGen       total 238592K, used 14597K [0x00000005ca200000, 0x00000005d8b00000, 0x0000000718b80000)
  object space 238592K, 6% used [0x00000005ca200000,0x00000005cb041590,0x00000005d8b00000)
 Metaspace       used 20885K, capacity 21110K, committed 21248K, reserved 1069056K
  class space    used 2374K, capacity 2476K, committed 2560K, reserved 1048576K
}
Event: 7.735 GC heap before
{Heap before GC invocations=3 (full 1):
 PSYoungGen      total 150016K, used 129024K [0x0000000718b80000, 0x0000000723280000, 0x00000007c0000000)
  eden space 129024K, 100% used [0x0000000718b80000,0x0000000720980000,0x0000000720980000)
  from space 20992K, 0% used [0x0000000720980000,0x0000000720980000,0x0000000721e00000)
  to   space 20992K, 0% used [0x0000000721e00000,0x0000000721e00000,0x0000000723280000)
 ParOldGen       total 238592K, used 14597K [0x00000005ca200000, 0x00000005d8b00000, 0x0000000718b80000)
  object space 238592K, 6% used [0x00000005ca200000,0x00000005cb041590,0x00000005d8b00000)
 Metaspace       used 31490K, capacity 31904K, committed 32128K, reserved 1077248K
  class space    used 3607K, capacity 3706K, committed 3712K, reserved 1048576K
Event: 7.740 GC heap after
Heap after GC invocations=3 (full 1):
 PSYoungGen      total 150016K, used 11722K [0x0000000718b80000, 0x0000000724780000, 0x00000007c0000000)
  eden space 129024K, 0% used [0x0000000718b80000,0x0000000718b80000,0x0000000720980000)
  from space 20992K, 55% used [0x0000000721e00000,0x0000000722972b70,0x0000000723280000)
  to   space 20992K, 0% used [0x0000000720980000,0x0000000720980000,0x0000000721e00000)
 ParOldGen       total 238592K, used 14605K [0x00000005ca200000, 0x00000005d8b00000, 0x0000000718b80000)
  object space 238592K, 6% used [0x00000005ca200000,0x00000005cb043590,0x00000005d8b00000)
 Metaspace       used 31490K, capacity 31904K, committed 32128K, reserved 1077248K
  class space    used 3607K, capacity 3706K, committed 3712K, reserved 1048576K
}
Event: 10.741 GC heap before
{Heap before GC invocations=4 (full 1):
 PSYoungGen      total 150016K, used 140746K [0x0000000718b80000, 0x0000000724780000, 0x00000007c0000000)
  eden space 129024K, 100% used [0x0000000718b80000,0x0000000720980000,0x0000000720980000)
  from space 20992K, 55% used [0x0000000721e00000,0x0000000722972b70,0x0000000723280000)
  to   space 20992K, 0% used [0x0000000720980000,0x0000000720980000,0x0000000721e00000)
 ParOldGen       total 238592K, used 14605K [0x00000005ca200000, 0x00000005d8b00000, 0x0000000718b80000)
  object space 238592K, 6% used [0x00000005ca200000,0x00000005cb043590,0x00000005d8b00000)
 Metaspace       used 31589K, capacity 32032K, committed 32384K, reserved 1077248K
  class space    used 3607K, capacity 3706K, committed 3712K, reserved 1048576K
Event: 10.746 GC heap after
Heap after GC invocations=4 (full 1):
 PSYoungGen      total 150016K, used 8837K [0x0000000718b80000, 0x0000000724300000, 0x00000007c0000000)
  eden space 129024K, 0% used [0x0000000718b80000,0x0000000718b80000,0x0000000720980000)
  from space 20992K, 42% used [0x0000000720980000,0x0000000721221708,0x0000000721e00000)
  to   space 20992K, 0% used [0x0000000722e80000,0x0000000722e80000,0x0000000724300000)
 ParOldGen       total 238592K, used 14613K [0x00000005ca200000, 0x00000005d8b00000, 0x0000000718b80000)
  object space 238592K, 6% used [0x00000005ca200000,0x00000005cb045590,0x00000005d8b00000)
 Metaspace       used 31589K, capacity 32032K, committed 32384K, reserved 1077248K
  class space    used 3607K, capacity 3706K, committed 3712K, reserved 1048576K
}
Event: 13.741 GC heap before
{Heap before GC invocations=5 (full 1):
 PSYoungGen      total 150016K, used 137861K [0x0000000718b80000, 0x0000000724300000, 0x00000007c0000000)
  eden space 129024K, 100% used [0x0000000718b80000,0x0000000720980000,0x0000000720980000)
  from space 20992K, 42% used [0x0000000720980000,0x0000000721221708,0x0000000721e00000)
  to   space 20992K, 0% used [0x0000000722e80000,0x0000000722e80000,0x0000000724300000)
 ParOldGen       total 238592K, used 14613K [0x00000005ca200000, 0x00000005d8b00000, 0x0000000718b80000)
  object space 238592K, 6% used [0x00000005ca200000,0x00000005cb045590,0x00000005d8b00000)
 Metaspace       used 31666K, capacity 32096K, committed 32384K, reserved 1077248K
  class space    used 3607K, capacity 3706K, committed 3712K, reserved 1048576K
Event: 13.744 GC heap after
Heap after GC invocations=5 (full 1):
 PSYoungGen      total 161792K, used 8962K [0x0000000718b80000, 0x0000000724080000, 0x00000007c0000000)
  eden space 143360K, 0% used [0x0000000718b80000,0x0000000718b80000,0x0000000721780000)
  from space 18432K, 48% used [0x0000000722e80000,0x0000000723740aa0,0x0000000724080000)
  to   space 20992K, 0% used [0x0000000721780000,0x0000000721780000,0x0000000722c00000)
 ParOldGen       total 238592K, used 14621K [0x00000005ca200000, 0x00000005d8b00000, 0x0000000718b80000)
  object space 238592K, 6% used [0x00000005ca200000,0x00000005cb047590,0x00000005d8b00000)
 Metaspace       used 31666K, capacity 32096K, committed 32384K, reserved 1077248K
  class space    used 3607K, capacity 3706K, committed 3712K, reserved 1048576K
}
Event: 16.736 GC heap before
{Heap before GC invocations=6 (full 1):
 PSYoungGen      total 161792K, used 152322K [0x0000000718b80000, 0x0000000724080000, 0x00000007c0000000)
  eden space 143360K, 100% used [0x0000000718b80000,0x0000000721780000,0x0000000721780000)
  from space 18432K, 48% used [0x0000000722e80000,0x0000000723740aa0,0x0000000724080000)
  to   space 20992K, 0% used [0x0000000721780000,0x0000000721780000,0x0000000722c00000)
 ParOldGen       total 238592K, used 14621K [0x00000005ca200000, 0x00000005d8b00000, 0x0000000718b80000)
  object space 238592K, 6% used [0x00000005ca200000,0x00000005cb047590,0x00000005d8b00000)
 Metaspace       used 31730K, capacity 32096K, committed 32384K, reserved 1077248K
  class space    used 3608K, capacity 3706K, committed 3712K, reserved 1048576K

Deoptimization events (10 events):
Event: 1.825 Thread 0x00007f9474c34800 Uncommon trap: reason=predicate action=maybe_recompile pc=0x00007f946544a438 method=java.lang.String.regionMatches(ZILjava/lang/String;II)Z @ 63
Event: 2.755 Thread 0x00007f9474c34800 Uncommon trap: reason=bimorphic action=maybe_recompile pc=0x00007f946546e89c method=java.io.DataInputStream.readInt()I @ 4
Event: 2.755 Thread 0x00007f9474c34800 Uncommon trap: reason=bimorphic action=maybe_recompile pc=0x00007f946546e89c method=java.io.DataInputStream.readInt()I @ 4
Event: 2.755 Thread 0x00007f9474c34800 Uncommon trap: reason=bimorphic action=maybe_recompile pc=0x00007f946546e89c method=java.io.DataInputStream.readInt()I @ 4
Event: 2.755 Thread 0x00007f9474c34800 Uncommon trap: reason=bimorphic action=maybe_recompile pc=0x00007f946546e89c method=java.io.DataInputStream.readInt()I @ 4
Event: 2.755 Thread 0x00007f9474c34800 Uncommon trap: reason=bimorphic action=maybe_recompile pc=0x00007f9465464c90 method=java.io.DataInputStream.readChar()C @ 4
Event: 2.755 Thread 0x00007f9474c34800 Uncommon trap: reason=bimorphic action=maybe_recompile pc=0x00007f9465464c90 method=java.io.DataInputStream.readChar()C @ 4
Event: 2.755 Thread 0x00007f9474c34800 Uncommon trap: reason=bimorphic action=maybe_recompile pc=0x00007f9465464c90 method=java.io.DataInputStream.readChar()C @ 4
Event: 2.755 Thread 0x00007f9474c34800 Uncommon trap: reason=bimorphic action=maybe_recompile pc=0x00007f9465464c90 method=java.io.DataInputStream.readChar()C @ 4
Event: 5.734 Thread 0x00007f9474c34800 Uncommon trap: reason=unstable_if action=reinterpret pc=0x00007f94656d32b4 method=sun.java2d.pisces.Renderer$ScanlineIterator.next()I @ 85

Internal exceptions (10 events):
Event: 0.625 Thread 0x00007f947400c000 Exception <a 'java/lang/UnsatisfiedLinkError': io.netty.internal.tcnative.Library.aprMajorVersion()I> (0x000000071d423c68) thrown at [/build/openjdk-8-8u151-b12/src/hotspot/src/share/vm/prims/nativeLookup.cpp, line 378]
Event: 1.214 Thread 0x00007f9474abc000 Exception <a 'java/lang/ArrayIndexOutOfBoundsException': 128> (0x0000000719c1b598) thrown at [/build/openjdk-8-8u151-b12/src/hotspot/src/share/vm/interpreter/interpreterRuntime.cpp, line 366]
Event: 1.289 Thread 0x00007f947400c000 Exception <a 'java/io/FileNotFoundException'> (0x000000071a677448) thrown at [/build/openjdk-8-8u151-b12/src/hotspot/src/share/vm/prims/jni.cpp, line 709]
Event: 1.297 Thread 0x00007f947400c000 Exception <a 'java/lang/ClassNotFoundException': sun/dc/DuctusRenderingEngine> (0x000000071a6aa530) thrown at [/build/openjdk-8-8u151-b12/src/hotspot/src/share/vm/classfile/systemDictionary.cpp, line 210]
Event: 1.653 Thread 0x00007f947400c000 Implicit null exception at 0x00007f94652253f5 to 0x00007f94652257b1
Event: 1.655 Thread 0x00007f947400c000 Implicit null exception at 0x00007f94651dd0b6 to 0x00007f94651dd475
Event: 1.657 Thread 0x00007f947400c000 Implicit null exception at 0x00007f94652a7035 to 0x00007f94652a7245
Event: 1.657 Thread 0x00007f947400c000 Implicit null exception at 0x00007f946539947b to 0x00007f946539993d
Event: 1.658 Thread 0x00007f947400c000 Implicit null exception at 0x00007f94653b17ef to 0x00007f94653b1859
Event: 1.793 Thread 0x00007f9474c30000 Exception <a 'java/lang/UnsupportedOperationException': > (0x000000071b704c38) thrown at [/build/openjdk-8-8u151-b12/src/hotspot/src/share/vm/prims/jni.cpp, line 735]

Events (10 events):
Event: 7.740 Executing VM operation: ParallelGCFailedAllocation done
Event: 10.741 Executing VM operation: ParallelGCFailedAllocation
Event: 10.746 Executing VM operation: ParallelGCFailedAllocation done
Event: 11.437 Thread 0x00007f9474abc000 DEOPT PACKING pc=0x00007f9465730e5e sp=0x00007f9459c0b3d0
Event: 11.437 Thread 0x00007f9474abc000 DEOPT UNPACKING pc=0x00007f9465047373 sp=0x00007f9459c0b230 mode 0
Event: 13.741 Executing VM operation: ParallelGCFailedAllocation
Event: 13.744 Executing VM operation: ParallelGCFailedAllocation done
Event: 14.734 loading class sun/java2d/pisces/Renderer$1
Event: 14.734 loading class sun/java2d/pisces/Renderer$1 done
Event: 16.736 Executing VM operation: ParallelGCFailedAllocation


Dynamic libraries:
5ca200000-5d8b00000 rw-p 00000000 00:00 0 
5d8b00000-718b80000 ---p 00000000 00:00 0 
718b80000-724080000 rw-p 00000000 00:00 0 
724080000-7c0000000 ---p 00000000 00:00 0 
7c0000000-7c03a0000 rw-p 00000000 00:00 0 
7c03a0000-800000000 ---p 00000000 00:00 0 
5646230bf000-5646230c0000 r-xp 00000000 08:01 6161625                    /usr/lib/jvm/java-8-openjdk-amd64/jre/bin/java
5646232bf000-5646232c0000 r--p 00000000 08:01 6161625                    /usr/lib/jvm/java-8-openjdk-amd64/jre/bin/java
5646232c0000-5646232c1000 rw-p 00001000 08:01 6161625                    /usr/lib/jvm/java-8-openjdk-amd64/jre/bin/java
5646242ac000-5646242cd000 rw-p 00000000 00:00 0                          [heap]
7f93c4000000-7f93c418c000 rw-p 00000000 00:00 0 
7f93c418c000-7f93c8000000 ---p 00000000 00:00 0 
7f93c8000000-7f93c80b3000 rw-p 00000000 00:00 0 
7f93c80b3000-7f93cc000000 ---p 00000000 00:00 0 
7f93cc000000-7f93cc021000 rw-p 00000000 00:00 0 
7f93cc021000-7f93d0000000 ---p 00000000 00:00 0 
7f93d0000000-7f93d0021000 rw-p 00000000 00:00 0 
7f93d0021000-7f93d4000000 ---p 00000000 00:00 0 
7f93d4000000-7f93d4039000 rw-p 00000000 00:00 0 
7f93d4039000-7f93d8000000 ---p 00000000 00:00 0 
7f93d8000000-7f93d8021000 rw-p 00000000 00:00 0 
7f93d8021000-7f93dc000000 ---p 00000000 00:00 0 
7f93dc000000-7f93dc021000 rw-p 00000000 00:00 0 
7f93dc021000-7f93e0000000 ---p 00000000 00:00 0 
7f93e2dad000-7f93e3131000 rw-s 00000000 00:05 12943385                   /SYSV00000000 (deleted)
7f93e3131000-7f93e3331000 rw-p 00000000 00:00 0 
7f93e3331000-7f93e3334000 ---p 00000000 00:00 0 
7f93e3334000-7f93e3432000 rw-p 00000000 00:00 0 
7f93e3432000-7f93e3435000 ---p 00000000 00:00 0 
7f93e3435000-7f93e3533000 rw-p 00000000 00:00 0 
7f93e3533000-7f93e3536000 ---p 00000000 00:00 0 
7f93e3536000-7f93e3634000 rw-p 00000000 00:00 0 
7f93e3634000-7f93e3637000 ---p 00000000 00:00 0 
7f93e3637000-7f93e3735000 rw-p 00000000 00:00 0 
7f93e3735000-7f93e3738000 ---p 00000000 00:00 0 
7f93e3738000-7f93e3836000 rw-p 00000000 00:00 0 
7f93e3836000-7f93e3839000 ---p 00000000 00:00 0 
7f93e3839000-7f93e4237000 rw-p 00000000 00:00 0 
7f93e4237000-7f93e423b000 r-xp 00000000 08:01 7077985                    /lib/x86_64-linux-gnu/libuuid.so.1.3.0
7f93e423b000-7f93e443a000 ---p 00004000 08:01 7077985                    /lib/x86_64-linux-gnu/libuuid.so.1.3.0
7f93e443a000-7f93e443b000 r--p 00003000 08:01 7077985                    /lib/x86_64-linux-gnu/libuuid.so.1.3.0
7f93e443b000-7f93e443c000 rw-p 00004000 08:01 7077985                    /lib/x86_64-linux-gnu/libuuid.so.1.3.0
7f93e443c000-7f93e4467000 r-xp 00000000 08:01 5513175                    /usr/lib/x86_64-linux-gnu/libgraphite2.so.3.0.1
7f93e4467000-7f93e4666000 ---p 0002b000 08:01 5513175                    /usr/lib/x86_64-linux-gnu/libgraphite2.so.3.0.1
7f93e4666000-7f93e4668000 r--p 0002a000 08:01 5513175                    /usr/lib/x86_64-linux-gnu/libgraphite2.so.3.0.1
7f93e4668000-7f93e4669000 rw-p 0002c000 08:01 5513175                    /usr/lib/x86_64-linux-gnu/libgraphite2.so.3.0.1
7f93e4669000-7f93e46aa000 r-xp 00000000 08:01 7077967                    /lib/x86_64-linux-gnu/libblkid.so.1.1.0
7f93e46aa000-7f93e48a9000 ---p 00041000 08:01 7077967                    /lib/x86_64-linux-gnu/libblkid.so.1.1.0
7f93e48a9000-7f93e48ad000 r--p 00040000 08:01 7077967                    /lib/x86_64-linux-gnu/libblkid.so.1.1.0
7f93e48ad000-7f93e48ae000 rw-p 00044000 08:01 7077967                    /lib/x86_64-linux-gnu/libblkid.so.1.1.0
7f93e48ae000-7f93e48af000 rw-p 00000000 00:00 0 
7f93e48af000-7f93e48c2000 r-xp 00000000 08:01 7077938                    /lib/x86_64-linux-gnu/libgpg-error.so.0.21.0
7f93e48c2000-7f93e4ac1000 ---p 00013000 08:01 7077938                    /lib/x86_64-linux-gnu/libgpg-error.so.0.21.0
7f93e4ac1000-7f93e4ac2000 r--p 00012000 08:01 7077938                    /lib/x86_64-linux-gnu/libgpg-error.so.0.21.0
7f93e4ac2000-7f93e4ac3000 rw-p 00013000 08:01 7077938                    /lib/x86_64-linux-gnu/libgpg-error.so.0.21.0
7f93e4ac3000-7f93e4aca000 r-xp 00000000 08:01 5513169                    /usr/lib/x86_64-linux-gnu/libdatrie.so.1.3.3
7f93e4aca000-7f93e4cc9000 ---p 00007000 08:01 5513169                    /usr/lib/x86_64-linux-gnu/libdatrie.so.1.3.3
7f93e4cc9000-7f93e4cca000 r--p 00006000 08:01 5513169                    /usr/lib/x86_64-linux-gnu/libdatrie.so.1.3.3
7f93e4cca000-7f93e4ccb000 rw-p 00007000 08:01 5513169                    /usr/lib/x86_64-linux-gnu/libdatrie.so.1.3.3
7f93e4ccb000-7f93e4d5e000 r-xp 00000000 08:01 5513179                    /usr/lib/x86_64-linux-gnu/libharfbuzz.so.0.10400.2
7f93e4d5e000-7f93e4f5d000 ---p 00093000 08:01 5513179                    /usr/lib/x86_64-linux-gnu/libharfbuzz.so.0.10400.2
7f93e4f5d000-7f93e4f5f000 r--p 00092000 08:01 5513179                    /usr/lib/x86_64-linux-gnu/libharfbuzz.so.0.10400.2
7f93e4f5f000-7f93e4f60000 rw-p 00094000 08:01 5513179                    /usr/lib/x86_64-linux-gnu/libharfbuzz.so.0.10400.2
7f93e4f60000-7f93e4f87000 r-xp 00000000 08:01 7078523                    /lib/x86_64-linux-gnu/libexpat.so.1.6.2
7f93e4f87000-7f93e5187000 ---p 00027000 08:01 7078523                    /lib/x86_64-linux-gnu/libexpat.so.1.6.2
7f93e5187000-7f93e5189000 r--p 00027000 08:01 7078523                    /lib/x86_64-linux-gnu/libexpat.so.1.6.2
7f93e5189000-7f93e518a000 rw-p 00029000 08:01 7078523                    /lib/x86_64-linux-gnu/libexpat.so.1.6.2
7f93e518a000-7f93e51d4000 r-xp 00000000 08:01 7077973                    /lib/x86_64-linux-gnu/libmount.so.1.1.0
7f93e51d4000-7f93e53d4000 ---p 0004a000 08:01 7077973                    /lib/x86_64-linux-gnu/libmount.so.1.1.0
7f93e53d4000-7f93e53d5000 r--p 0004a000 08:01 7077973                    /lib/x86_64-linux-gnu/libmount.so.1.1.0
7f93e53d5000-7f93e53d6000 rw-p 0004b000 08:01 7077973                    /lib/x86_64-linux-gnu/libmount.so.1.1.0
7f93e53d6000-7f93e53d8000 rw-p 00000000 00:00 0 
7f93e53d8000-7f93e54df000 r-xp 00000000 08:01 7081100                    /lib/x86_64-linux-gnu/libgcrypt.so.20.1.6
7f93e54df000-7f93e56df000 ---p 00107000 08:01 7081100                    /lib/x86_64-linux-gnu/libgcrypt.so.20.1.6
7f93e56df000-7f93e56e1000 r--p 00107000 08:01 7081100                    /lib/x86_64-linux-gnu/libgcrypt.so.20.1.6
7f93e56e1000-7f93e56e8000 rw-p 00109000 08:01 7081100                    /lib/x86_64-linux-gnu/libgcrypt.so.20.1.6
7f93e56e8000-7f93e56f9000 r-xp 00000000 08:01 5505948                    /usr/lib/x86_64-linux-gnu/liblz4.so.1.7.1
7f93e56f9000-7f93e58f8000 ---p 00011000 08:01 5505948                    /usr/lib/x86_64-linux-gnu/liblz4.so.1.7.1
7f93e58f8000-7f93e58f9000 r--p 00010000 08:01 5505948                    /usr/lib/x86_64-linux-gnu/liblz4.so.1.7.1
7f93e58f9000-7f93e58fa000 rw-p 00011000 08:01 5505948                    /usr/lib/x86_64-linux-gnu/liblz4.so.1.7.1
7f93e58fa000-7f93e591f000 r-xp 00000000 08:01 7077933                    /lib/x86_64-linux-gnu/liblzma.so.5.2.2
7f93e591f000-7f93e5b1e000 ---p 00025000 08:01 7077933                    /lib/x86_64-linux-gnu/liblzma.so.5.2.2
7f93e5b1e000-7f93e5b1f000 r--p 00024000 08:01 7077933                    /lib/x86_64-linux-gnu/liblzma.so.5.2.2
7f93e5b1f000-7f93e5b20000 rw-p 00025000 08:01 7077933                    /lib/x86_64-linux-gnu/liblzma.so.5.2.2
7f93e5b20000-7f93e5b45000 r-xp 00000000 08:01 7078001                    /lib/x86_64-linux-gnu/libselinux.so.1
7f93e5b45000-7f93e5d44000 ---p 00025000 08:01 7078001                    /lib/x86_64-linux-gnu/libselinux.so.1
7f93e5d44000-7f93e5d45000 r--p 00024000 08:01 7078001                    /lib/x86_64-linux-gnu/libselinux.so.1
7f93e5d45000-7f93e5d46000 rw-p 00025000 08:01 7078001                    /lib/x86_64-linux-gnu/libselinux.so.1
7f93e5d46000-7f93e5d48000 rw-p 00000000 00:00 0 
7f93e5d48000-7f93e5dba000 r-xp 00000000 08:01 7077925                    /lib/x86_64-linux-gnu/libpcre.so.3.13.3
7f93e5dba000-7f93e5fb9000 ---p 00072000 08:01 7077925                    /lib/x86_64-linux-gnu/libpcre.so.3.13.3
7f93e5fb9000-7f93e5fba000 r--p 00071000 08:01 7077925                    /lib/x86_64-linux-gnu/libpcre.so.3.13.3
7f93e5fba000-7f93e5fbb000 rw-p 00072000 08:01 7077925                    /lib/x86_64-linux-gnu/libpcre.so.3.13.3
7f93e5fbb000-7f93e5fc2000 r-xp 00000000 08:01 5509383                    /usr/lib/x86_64-linux-gnu/libffi.so.6.0.4
7f93e5fc2000-7f93e61c2000 ---p 00007000 08:01 5509383                    /usr/lib/x86_64-linux-gnu/libffi.so.6.0.4
7f93e61c2000-7f93e61c3000 r--p 00007000 08:01 5509383                    /usr/lib/x86_64-linux-gnu/libffi.so.6.0.4
7f93e61c3000-7f93e61c4000 rw-p 00008000 08:01 5509383                    /usr/lib/x86_64-linux-gnu/libffi.so.6.0.4
7f93e61c4000-7f93e61d0000 r-xp 00000000 08:01 5513143                    /usr/lib/x86_64-linux-gnu/libxcb-render.so.0.0.0
7f93e61d0000-7f93e63d0000 ---p 0000c000 08:01 5513143                    /usr/lib/x86_64-linux-gnu/libxcb-render.so.0.0.0
7f93e63d0000-7f93e63d1000 r--p 0000c000 08:01 5513143                    /usr/lib/x86_64-linux-gnu/libxcb-render.so.0.0.0
7f93e63d1000-7f93e63d2000 rw-p 0000d000 08:01 5513143                    /usr/lib/x86_64-linux-gnu/libxcb-render.so.0.0.0
7f93e63d2000-7f93e63d4000 r-xp 00000000 08:01 5513145                    /usr/lib/x86_64-linux-gnu/libxcb-shm.so.0.0.0
7f93e63d4000-7f93e65d4000 ---p 00002000 08:01 5513145                    /usr/lib/x86_64-linux-gnu/libxcb-shm.so.0.0.0
7f93e65d4000-7f93e65d5000 r--p 00002000 08:01 5513145                    /usr/lib/x86_64-linux-gnu/libxcb-shm.so.0.0.0
7f93e65d5000-7f93e65d6000 rw-p 00003000 08:01 5513145                    /usr/lib/x86_64-linux-gnu/libxcb-shm.so.0.0.0
7f93e65d6000-7f93e6674000 r-xp 00000000 08:01 5513140                    /usr/lib/x86_64-linux-gnu/libpixman-1.so.0.34.0
7f93e6674000-7f93e6874000 ---p 0009e000 08:01 5513140                    /usr/lib/x86_64-linux-gnu/libpixman-1.so.0.34.0
7f93e6874000-7f93e687c000 r--p 0009e000 08:01 5513140                    /usr/lib/x86_64-linux-gnu/libpixman-1.so.0.34.0
7f93e687c000-7f93e687d000 rw-p 000a6000 08:01 5513140                    /usr/lib/x86_64-linux-gnu/libpixman-1.so.0.34.0
7f93e687d000-7f93e6885000 r-xp 00000000 08:01 5513171                    /usr/lib/x86_64-linux-gnu/libthai.so.0.3.0
7f93e6885000-7f93e6a85000 ---p 00008000 08:01 5513171                    /usr/lib/x86_64-linux-gnu/libthai.so.0.3.0
7f93e6a85000-7f93e6a86000 r--p 00008000 08:01 5513171                    /usr/lib/x86_64-linux-gnu/libthai.so.0.3.0
7f93e6a86000-7f93e6a87000 rw-p 00009000 08:01 5513171                    /usr/lib/x86_64-linux-gnu/libthai.so.0.3.0
7f93e6a87000-7f93e6a9b000 r-xp 00000000 08:01 5513181                    /usr/lib/x86_64-linux-gnu/libpangoft2-1.0.so.0.4000.5
7f93e6a9b000-7f93e6c9b000 ---p 00014000 08:01 5513181                    /usr/lib/x86_64-linux-gnu/libpangoft2-1.0.so.0.4000.5
7f93e6c9b000-7f93e6c9c000 r--p 00014000 08:01 5513181                    /usr/lib/x86_64-linux-gnu/libpangoft2-1.0.so.0.4000.5
7f93e6c9c000-7f93e6c9d000 rw-p 00015000 08:01 5513181                    /usr/lib/x86_64-linux-gnu/libpangoft2-1.0.so.0.4000.5
7f93e6c9d000-7f93e6d86000 r-xp 00000000 08:01 5514878                    /usr/lib/x86_64-linux-gnu/libepoxy.so.0.0.0
7f93e6d86000-7f93e6f85000 ---p 000e9000 08:01 5514878                    /usr/lib/x86_64-linux-gnu/libepoxy.so.0.0.0
7f93e6f85000-7f93e6f8c000 r--p 000e8000 08:01 5514878                    /usr/lib/x86_64-linux-gnu/libepoxy.so.0.0.0
7f93e6f8c000-7f93e6f93000 rw-p 000ef000 08:01 5514878                    /usr/lib/x86_64-linux-gnu/libepoxy.so.0.0.0
7f93e6f93000-7f93e6fa0000 r-xp 00000000 08:01 5514935                    /usr/lib/x86_64-linux-gnu/libwayland-client.so.0.3.0
7f93e6fa0000-7f93e719f000 ---p 0000d000 08:01 5514935                    /usr/lib/x86_64-linux-gnu/libwayland-client.so.0.3.0
7f93e719f000-7f93e71a1000 r--p 0000c000 08:01 5514935                    /usr/lib/x86_64-linux-gnu/libwayland-client.so.0.3.0
7f93e71a1000-7f93e71a2000 rw-p 0000e000 08:01 5514935                    /usr/lib/x86_64-linux-gnu/libwayland-client.so.0.3.0
7f93e71a2000-7f93e71a3000 r-xp 00000000 08:01 5514949                    /usr/lib/x86_64-linux-gnu/libwayland-egl.so.1.0.0
7f93e71a3000-7f93e73a2000 ---p 00001000 08:01 5514949                    /usr/lib/x86_64-linux-gnu/libwayland-egl.so.1.0.0
7f93e73a2000-7f93e73a3000 r--p 00000000 08:01 5514949                    /usr/lib/x86_64-linux-gnu/libwayland-egl.so.1.0.0
7f93e73a3000-7f93e73a4000 rw-p 00001000 08:01 5514949                    /usr/lib/x86_64-linux-gnu/libwayland-egl.so.1.0.0
7f93e73a4000-7f93e73a8000 r-xp 00000000 08:01 5514937                    /usr/lib/x86_64-linux-gnu/libwayland-cursor.so.0.0.0
7f93e73a8000-7f93e75a7000 ---p 00004000 08:01 5514937                    /usr/lib/x86_64-linux-gnu/libwayland-cursor.so.0.0.0
7f93e75a7000-7f93e75a8000 r--p 00003000 08:01 5514937                    /usr/lib/x86_64-linux-gnu/libwayland-cursor.so.0.0.0
7f93e75a8000-7f93e75ac000 rw-p 00004000 08:01 5514937                    /usr/lib/x86_64-linux-gnu/libwayland-cursor.so.0.0.0
7f93e75ac000-7f93e75ea000 r-xp 00000000 08:01 5514958                    /usr/lib/x86_64-linux-gnu/libxkbcommon.so.0.0.0
7f93e75ea000-7f93e77e9000 ---p 0003e000 08:01 5514958                    /usr/lib/x86_64-linux-gnu/libxkbcommon.so.0.0.0
7f93e77e9000-7f93e77eb000 r--p 0003d000 08:01 5514958                    /usr/lib/x86_64-linux-gnu/libxkbcommon.so.0.0.0
7f93e77eb000-7f93e77ec000 rw-p 0003f000 08:01 5514958                    /usr/lib/x86_64-linux-gnu/libxkbcommon.so.0.0.0
7f93e77ec000-7f93e77ee000 r-xp 00000000 08:01 5513683                    /usr/lib/x86_64-linux-gnu/libXdamage.so.1.1.0
7f93e77ee000-7f93e79ed000 ---p 00002000 08:01 5513683                    /usr/lib/x86_64-linux-gnu/libXdamage.so.1.1.0
7f93e79ed000-7f93e79ee000 r--p 00001000 08:01 5513683                    /usr/lib/x86_64-linux-gnu/libXdamage.so.1.1.0
7f93e79ee000-7f93e79ef000 rw-p 00002000 08:01 5513683                    /usr/lib/x86_64-linux-gnu/libXdamage.so.1.1.0
7f93e79ef000-7f93e79f1000 r-xp 00000000 08:01 5514952                    /usr/lib/x86_64-linux-gnu/libXcomposite.so.1.0.0
7f93e79f1000-7f93e7bf0000 ---p 00002000 08:01 5514952                    /usr/lib/x86_64-linux-gnu/libXcomposite.so.1.0.0
7f93e7bf0000-7f93e7bf1000 r--p 00001000 08:01 5514952                    /usr/lib/x86_64-linux-gnu/libXcomposite.so.1.0.0
7f93e7bf1000-7f93e7bf2000 rw-p 00002000 08:01 5514952                    /usr/lib/x86_64-linux-gnu/libXcomposite.so.1.0.0
7f93e7bf2000-7f93e7bfc000 r-xp 00000000 08:01 5512639                    /usr/lib/x86_64-linux-gnu/libXrandr.so.2.2.0
7f93e7bfc000-7f93e7dfb000 ---p 0000a000 08:01 5512639                    /usr/lib/x86_64-linux-gnu/libXrandr.so.2.2.0
7f93e7dfb000-7f93e7dfc000 r--p 00009000 08:01 5512639                    /usr/lib/x86_64-linux-gnu/libXrandr.so.2.2.0
7f93e7dfc000-7f93e7dfd000 rw-p 0000a000 08:01 5512639                    /usr/lib/x86_64-linux-gnu/libXrandr.so.2.2.0
7f93e7dfd000-7f93e7dff000 r-xp 00000000 08:01 5512635                    /usr/lib/x86_64-linux-gnu/libXinerama.so.1.0.0
7f93e7dff000-7f93e7ffe000 ---p 00002000 08:01 5512635                    /usr/lib/x86_64-linux-gnu/libXinerama.so.1.0.0
7f93e7ffe000-7f93e7fff000 r--p 00001000 08:01 5512635                    /usr/lib/x86_64-linux-gnu/libXinerama.so.1.0.0
7f93e7fff000-7f93e8000000 rw-p 00002000 08:01 5512635                    /usr/lib/x86_64-linux-gnu/libXinerama.so.1.0.0
7f93e8000000-7f93e8021000 rw-p 00000000 00:00 0 
7f93e8021000-7f93ec000000 ---p 00000000 00:00 0 
7f93ec000000-7f93ec021000 rw-p 00000000 00:00 0 
7f93ec021000-7f93f0000000 ---p 00000000 00:00 0 
7f93f0000000-7f93f0021000 rw-p 00000000 00:00 0 
7f93f0021000-7f93f4000000 ---p 00000000 00:00 0 
7f93f4024000-7f93f4027000 ---p 00000000 00:00 0 
7f93f4027000-7f93f4125000 rw-p 00000000 00:00 0 
7f93f4125000-7f93f4161000 r-xp 00000000 08:01 5513138                    /usr/lib/x86_64-linux-gnu/libfontconfig.so.1.8.0
7f93f4161000-7f93f4360000 ---p 0003c000 08:01 5513138                    /usr/lib/x86_64-linux-gnu/libfontconfig.so.1.8.0
7f93f4360000-7f93f4362000 r--p 0003b000 08:01 5513138                    /usr/lib/x86_64-linux-gnu/libfontconfig.so.1.8.0
7f93f4362000-7f93f4363000 rw-p 0003d000 08:01 5513138                    /usr/lib/x86_64-linux-gnu/libfontconfig.so.1.8.0
7f93f4363000-7f93f44f0000 r-xp 00000000 08:01 5512954                    /usr/lib/x86_64-linux-gnu/libgio-2.0.so.0.5000.3
7f93f44f0000-7f93f46f0000 ---p 0018d000 08:01 5512954                    /usr/lib/x86_64-linux-gnu/libgio-2.0.so.0.5000.3
7f93f46f0000-7f93f46f5000 r--p 0018d000 08:01 5512954                    /usr/lib/x86_64-linux-gnu/libgio-2.0.so.0.5000.3
7f93f46f5000-7f93f46f8000 rw-p 00192000 08:01 5512954                    /usr/lib/x86_64-linux-gnu/libgio-2.0.so.0.5000.3
7f93f46f8000-7f93f46f9000 rw-p 00000000 00:00 0 
7f93f46f9000-7f93f46fc000 r-xp 00000000 08:01 5512955                    /usr/lib/x86_64-linux-gnu/libgmodule-2.0.so.0.5000.3
7f93f46fc000-7f93f48fb000 ---p 00003000 08:01 5512955                    /usr/lib/x86_64-linux-gnu/libgmodule-2.0.so.0.5000.3
7f93f48fb000-7f93f48fc000 r--p 00002000 08:01 5512955                    /usr/lib/x86_64-linux-gnu/libgmodule-2.0.so.0.5000.3
7f93f48fc000-7f93f48fd000 rw-p 00003000 08:01 5512955                    /usr/lib/x86_64-linux-gnu/libgmodule-2.0.so.0.5000.3
7f93f48fd000-7f93f4a0f000 r-xp 00000000 08:01 7078562                    /lib/x86_64-linux-gnu/libglib-2.0.so.0.5000.3
7f93f4a0f000-7f93f4c0e000 ---p 00112000 08:01 7078562                    /lib/x86_64-linux-gnu/libglib-2.0.so.0.5000.3
7f93f4c0e000-7f93f4c0f000 r--p 00111000 08:01 7078562                    /lib/x86_64-linux-gnu/libglib-2.0.so.0.5000.3
7f93f4c0f000-7f93f4c10000 rw-p 00112000 08:01 7078562                    /lib/x86_64-linux-gnu/libglib-2.0.so.0.5000.3
7f93f4c10000-7f93f4c11000 rw-p 00000000 00:00 0 
7f93f4c11000-7f93f4c63000 r-xp 00000000 08:01 5512956                    /usr/lib/x86_64-linux-gnu/libgobject-2.0.so.0.5000.3
7f93f4c63000-7f93f4e62000 ---p 00052000 08:01 5512956                    /usr/lib/x86_64-linux-gnu/libgobject-2.0.so.0.5000.3
7f93f4e62000-7f93f4e63000 r--p 00051000 08:01 5512956                    /usr/lib/x86_64-linux-gnu/libgobject-2.0.so.0.5000.3
7f93f4e63000-7f93f4e64000 rw-p 00052000 08:01 5512956                    /usr/lib/x86_64-linux-gnu/libgobject-2.0.so.0.5000.3
7f93f4e64000-7f93f4f72000 r-xp 00000000 08:01 5513147                    /usr/lib/x86_64-linux-gnu/libcairo.so.2.11400.8
7f93f4f72000-7f93f5172000 ---p 0010e000 08:01 5513147                    /usr/lib/x86_64-linux-gnu/libcairo.so.2.11400.8
7f93f5172000-7f93f5175000 r--p 0010e000 08:01 5513147                    /usr/lib/x86_64-linux-gnu/libcairo.so.2.11400.8
7f93f5175000-7f93f5176000 rw-p 00111000 08:01 5513147                    /usr/lib/x86_64-linux-gnu/libcairo.so.2.11400.8
7f93f5176000-7f93f5178000 rw-p 00000000 00:00 0 
7f93f5178000-7f93f517e000 r-xp 00000000 08:01 5513938                    /usr/lib/x86_64-linux-gnu/libcairo-gobject.so.2.11400.8
7f93f517e000-7f93f537e000 ---p 00006000 08:01 5513938                    /usr/lib/x86_64-linux-gnu/libcairo-gobject.so.2.11400.8
7f93f537e000-7f93f5380000 r--p 00006000 08:01 5513938                    /usr/lib/x86_64-linux-gnu/libcairo-gobject.so.2.11400.8
7f93f5380000-7f93f5381000 rw-p 00008000 08:01 5513938                    /usr/lib/x86_64-linux-gnu/libcairo-gobject.so.2.11400.8
7f93f5381000-7f93f53a3000 r-xp 00000000 08:01 5536028                    /usr/lib/x86_64-linux-gnu/libgdk_pixbuf-2.0.so.0.3600.5
7f93f53a3000-7f93f55a3000 ---p 00022000 08:01 5536028                    /usr/lib/x86_64-linux-gnu/libgdk_pixbuf-2.0.so.0.3600.5
7f93f55a3000-7f93f55a4000 r--p 00022000 08:01 5536028                    /usr/lib/x86_64-linux-gnu/libgdk_pixbuf-2.0.so.0.3600.5
7f93f55a4000-7f93f55a5000 rw-p 00023000 08:01 5536028                    /usr/lib/x86_64-linux-gnu/libgdk_pixbuf-2.0.so.0.3600.5
7f93f55a5000-7f93f55ee000 r-xp 00000000 08:01 5513173                    /usr/lib/x86_64-linux-gnu/libpango-1.0.so.0.4000.5
7f93f55ee000-7f93f57ed000 ---p 00049000 08:01 5513173                    /usr/lib/x86_64-linux-gnu/libpango-1.0.so.0.4000.5
7f93f57ed000-7f93f57f0000 r--p 00048000 08:01 5513173                    /usr/lib/x86_64-linux-gnu/libpango-1.0.so.0.4000.5
7f93f57f0000-7f93f57f1000 rw-p 0004b000 08:01 5513173                    /usr/lib/x86_64-linux-gnu/libpango-1.0.so.0.4000.5
7f93f57f1000-7f93f57fd000 r-xp 00000000 08:01 5513183                    /usr/lib/x86_64-linux-gnu/libpangocairo-1.0.so.0.4000.5
7f93f57fd000-7f93f59fc000 ---p 0000c000 08:01 5513183                    /usr/lib/x86_64-linux-gnu/libpangocairo-1.0.so.0.4000.5
7f93f59fc000-7f93f59fd000 r--p 0000b000 08:01 5513183                    /usr/lib/x86_64-linux-gnu/libpangocairo-1.0.so.0.4000.5
7f93f59fd000-7f93f59fe000 rw-p 0000c000 08:01 5513183                    /usr/lib/x86_64-linux-gnu/libpangocairo-1.0.so.0.4000.5
7f93f59fe000-7f93f5aec000 r-xp 00000000 08:01 5514966                    /usr/lib/x86_64-linux-gnu/libgdk-3.so.0.2200.11
7f93f5aec000-7f93f5ceb000 ---p 000ee000 08:01 5514966                    /usr/lib/x86_64-linux-gnu/libgdk-3.so.0.2200.11
7f93f5ceb000-7f93f5cf1000 r--p 000ed000 08:01 5514966                    /usr/lib/x86_64-linux-gnu/libgdk-3.so.0.2200.11
7f93f5cf1000-7f93f5cf4000 rw-p 000f3000 08:01 5514966                    /usr/lib/x86_64-linux-gnu/libgdk-3.so.0.2200.11
7f93f5cf4000-7f93f5cf5000 rw-p 00000000 00:00 0 
7f93f5cf5000-7f93f5da5000 r-xp 00000000 08:01 5515331                    /usr/lib/x86_64-linux-gnu/libgdk-x11-2.0.so.0.2400.31
7f93f5da5000-7f93f5fa4000 ---p 000b0000 08:01 5515331                    /usr/lib/x86_64-linux-gnu/libgdk-x11-2.0.so.0.2400.31
7f93f5fa4000-7f93f5fa8000 r--p 000af000 08:01 5515331                    /usr/lib/x86_64-linux-gnu/libgdk-x11-2.0.so.0.2400.31
7f93f5fa8000-7f93f5faa000 rw-p 000b3000 08:01 5515331                    /usr/lib/x86_64-linux-gnu/libgdk-x11-2.0.so.0.2400.31
7f93f5faa000-7f93f5fab000 r-xp 00000000 08:01 5512957                    /usr/lib/x86_64-linux-gnu/libgthread-2.0.so.0.5000.3
7f93f5fab000-7f93f61aa000 ---p 00001000 08:01 5512957                    /usr/lib/x86_64-linux-gnu/libgthread-2.0.so.0.5000.3
7f93f61aa000-7f93f61ab000 r--p 00000000 08:01 5512957                    /usr/lib/x86_64-linux-gnu/libgthread-2.0.so.0.5000.3
7f93f61ab000-7f93f61ac000 rw-p 00001000 08:01 5512957                    /usr/lib/x86_64-linux-gnu/libgthread-2.0.so.0.5000.3
7f93f61ac000-7f93f61f9000 r-xp 00000000 08:01 7078006                    /lib/x86_64-linux-gnu/libdbus-1.so.3.14.13
7f93f61f9000-7f93f63f9000 ---p 0004d000 08:01 7078006                    /lib/x86_64-linux-gnu/libdbus-1.so.3.14.13
7f93f63f9000-7f93f63fb000 r--p 0004d000 08:01 7078006                    /lib/x86_64-linux-gnu/libdbus-1.so.3.14.13
7f93f63fb000-7f93f63fc000 rw-p 0004f000 08:01 7078006                    /lib/x86_64-linux-gnu/libdbus-1.so.3.14.13
7f93f63fc000-7f93f6429000 r-xp 00000000 08:01 5509325                    /usr/lib/x86_64-linux-gnu/libatspi.so.0.0.1
7f93f6429000-7f93f6629000 ---p 0002d000 08:01 5509325                    /usr/lib/x86_64-linux-gnu/libatspi.so.0.0.1
7f93f6629000-7f93f662c000 r--p 0002d000 08:01 5509325                    /usr/lib/x86_64-linux-gnu/libatspi.so.0.0.1
7f93f662c000-7f93f662d000 rw-p 00030000 08:01 5509325                    /usr/lib/x86_64-linux-gnu/libatspi.so.0.0.1
7f93f662d000-7f93f665a000 r-xp 00000000 08:01 5514872                    /usr/lib/x86_64-linux-gnu/libatk-bridge-2.0.so.0.0.0
7f93f665a000-7f93f6859000 ---p 0002d000 08:01 5514872                    /usr/lib/x86_64-linux-gnu/libatk-bridge-2.0.so.0.0.0
7f93f6859000-7f93f685a000 r--p 0002c000 08:01 5514872                    /usr/lib/x86_64-linux-gnu/libatk-bridge-2.0.so.0.0.0
7f93f685a000-7f93f685c000 rw-p 0002d000 08:01 5514872                    /usr/lib/x86_64-linux-gnu/libatk-bridge-2.0.so.0.0.0
7f93f685c000-7f93f687f000 r-xp 00000000 08:01 5513936                    /usr/lib/x86_64-linux-gnu/libatk-1.0.so.0.22209.1
7f93f687f000-7f93f6a7e000 ---p 00023000 08:01 5513936                    /usr/lib/x86_64-linux-gnu/libatk-1.0.so.0.22209.1
7f93f6a7e000-7f93f6a81000 r--p 00022000 08:01 5513936                    /usr/lib/x86_64-linux-gnu/libatk-1.0.so.0.22209.1
7f93f6a81000-7f93f6a82000 rw-p 00025000 08:01 5513936                    /usr/lib/x86_64-linux-gnu/libatk-1.0.so.0.22209.1
7f93f6a82000-7f93f6a97000 r-xp 00000000 08:01 6161397                    /usr/lib/x86_64-linux-gnu/jni/libatk-wrapper.so.6.0.0
7f93f6a97000-7f93f6c97000 ---p 00015000 08:01 6161397                    /usr/lib/x86_64-linux-gnu/jni/libatk-wrapper.so.6.0.0
7f93f6c97000-7f93f6c98000 r--p 00015000 08:01 6161397                    /usr/lib/x86_64-linux-gnu/jni/libatk-wrapper.so.6.0.0
7f93f6c98000-7f93f6c99000 rw-p 00016000 08:01 6161397                    /usr/lib/x86_64-linux-gnu/jni/libatk-wrapper.so.6.0.0
7f93f6c99000-7f93f6c9e000 r-xp 00000000 08:01 5513681                    /usr/lib/x86_64-linux-gnu/libXfixes.so.3.1.0
7f93f6c9e000-7f93f6e9d000 ---p 00005000 08:01 5513681                    /usr/lib/x86_64-linux-gnu/libXfixes.so.3.1.0
7f93f6e9d000-7f93f6e9e000 r--p 00004000 08:01 5513681                    /usr/lib/x86_64-linux-gnu/libXfixes.so.3.1.0
7f93f6e9e000-7f93f6e9f000 rw-p 00005000 08:01 5513681                    /usr/lib/x86_64-linux-gnu/libXfixes.so.3.1.0
7f93f6e9f000-7f93f6ea9000 r-xp 00000000 08:01 5514954                    /usr/lib/x86_64-linux-gnu/libXcursor.so.1.0.2
7f93f6ea9000-7f93f70a8000 ---p 0000a000 08:01 5514954                    /usr/lib/x86_64-linux-gnu/libXcursor.so.1.0.2
7f93f70a8000-7f93f70a9000 r--p 00009000 08:01 5514954                    /usr/lib/x86_64-linux-gnu/libXcursor.so.1.0.2
7f93f70a9000-7f93f70aa000 rw-p 0000a000 08:01 5514954                    /usr/lib/x86_64-linux-gnu/libXcursor.so.1.0.2
7f93f70aa000-7f93f72aa000 rw-p 00000000 00:00 0 
7f93f72aa000-7f93f72db000 r-xp 00000000 08:01 5512615                    /usr/lib/x86_64-linux-gnu/libpng16.so.16.28.0
7f93f72db000-7f93f74db000 ---p 00031000 08:01 5512615                    /usr/lib/x86_64-linux-gnu/libpng16.so.16.28.0
7f93f74db000-7f93f74dc000 r--p 00031000 08:01 5512615                    /usr/lib/x86_64-linux-gnu/libpng16.so.16.28.0
7f93f74dc000-7f93f74dd000 rw-p 00032000 08:01 5512615                    /usr/lib/x86_64-linux-gnu/libpng16.so.16.28.0
7f93f74dd000-7f93f7585000 r-xp 00000000 08:01 5513134                    /usr/lib/x86_64-linux-gnu/libfreetype.so.6.12.3
7f93f7585000-7f93f7785000 ---p 000a8000 08:01 5513134                    /usr/lib/x86_64-linux-gnu/libfreetype.so.6.12.3
7f93f7785000-7f93f778b000 r--p 000a8000 08:01 5513134                    /usr/lib/x86_64-linux-gnu/libfreetype.so.6.12.3
7f93f778b000-7f93f778c000 rw-p 000ae000 08:01 5513134                    /usr/lib/x86_64-linux-gnu/libfreetype.so.6.12.3
7f93f778c000-7f93f77dd000 r-xp 00000000 08:01 6164787                    /usr/lib/jvm/java-8-openjdk-amd64/jre/lib/amd64/libfontmanager.so
7f93f77dd000-7f93f79dd000 ---p 00051000 08:01 6164787                    /usr/lib/jvm/java-8-openjdk-amd64/jre/lib/amd64/libfontmanager.so
7f93f79dd000-7f93f79df000 r--p 00051000 08:01 6164787                    /usr/lib/jvm/java-8-openjdk-amd64/jre/lib/amd64/libfontmanager.so
7f93f79df000-7f93f79e0000 rw-p 00053000 08:01 6164787                    /usr/lib/jvm/java-8-openjdk-amd64/jre/lib/amd64/libfontmanager.so
7f93f79e0000-7f93f79f3000 r-xp 00000000 08:01 7078412                    /lib/x86_64-linux-gnu/libbsd.so.0.8.3
7f93f79f3000-7f93f7bf3000 ---p 00013000 08:01 7078412                    /lib/x86_64-linux-gnu/libbsd.so.0.8.3
7f93f7bf3000-7f93f7bf4000 r--p 00013000 08:01 7078412                    /lib/x86_64-linux-gnu/libbsd.so.0.8.3
7f93f7bf4000-7f93f7bf5000 rw-p 00014000 08:01 7078412                    /lib/x86_64-linux-gnu/libbsd.so.0.8.3
7f93f7bf5000-7f93f7bf6000 rw-p 00000000 00:00 0 
7f93f7bf6000-7f93f7bfb000 r-xp 00000000 08:01 5512624                    /usr/lib/x86_64-linux-gnu/libXdmcp.so.6.0.0
7f93f7bfb000-7f93f7dfa000 ---p 00005000 08:01 5512624                    /usr/lib/x86_64-linux-gnu/libXdmcp.so.6.0.0
7f93f7dfa000-7f93f7dfb000 r--p 00004000 08:01 5512624                    /usr/lib/x86_64-linux-gnu/libXdmcp.so.6.0.0
7f93f7dfb000-7f93f7dfc000 rw-p 00005000 08:01 5512624                    /usr/lib/x86_64-linux-gnu/libXdmcp.so.6.0.0
7f93f7dfc000-7f93f7dff000 r-xp 00000000 08:01 5512622                    /usr/lib/x86_64-linux-gnu/libXau.so.6.0.0
7f93f7dff000-7f93f7ffe000 ---p 00003000 08:01 5512622                    /usr/lib/x86_64-linux-gnu/libXau.so.6.0.0
7f93f7ffe000-7f93f7fff000 r--p 00002000 08:01 5512622                    /usr/lib/x86_64-linux-gnu/libXau.so.6.0.0
7f93f7fff000-7f93f8000000 rw-p 00003000 08:01 5512622                    /usr/lib/x86_64-linux-gnu/libXau.so.6.0.0
7f93f8000000-7f93f807d000 rw-p 00000000 00:00 0 
7f93f807d000-7f93fc000000 ---p 00000000 00:00 0 
7f93fc000000-7f93fc021000 rw-p 00000000 00:00 0 
7f93fc021000-7f9400000000 ---p 00000000 00:00 0 
7f9400000000-7f9400021000 rw-p 00000000 00:00 0 
7f9400021000-7f9404000000 ---p 00000000 00:00 0 
7f9404000000-7f9404021000 rw-p 00000000 00:00 0 
7f9404021000-7f9408000000 ---p 00000000 00:00 0 
7f9408000000-7f9408454000 rw-p 00000000 00:00 0 
7f9408454000-7f940c000000 ---p 00000000 00:00 0 
7f940c000000-7f940c37c000 rw-p 00000000 00:00 0 
7f940c37c000-7f9410000000 ---p 00000000 00:00 0 
7f9410000000-7f9410757000 rw-p 00000000 00:00 0 
7f9410757000-7f9414000000 ---p 00000000 00:00 0 
7f9414000000-7f94143b5000 rw-p 00000000 00:00 0 
7f94143b5000-7f9418000000 ---p 00000000 00:00 0 
7f9418000000-7f9418021000 rw-p 00000000 00:00 0 
7f9418021000-7f941c000000 ---p 00000000 00:00 0 
7f941c000000-7f941c021000 rw-p 00000000 00:00 0 
7f941c021000-7f9420000000 ---p 00000000 00:00 0 
7f9420000000-7f9420021000 rw-p 00000000 00:00 0 
7f9420021000-7f9424000000 ---p 00000000 00:00 0 
7f9424000000-7f9424021000 rw-p 00000000 00:00 0 
7f9424021000-7f9428000000 ---p 00000000 00:00 0 
7f9428000000-7f9428021000 rw-p 00000000 00:00 0 
7f9428021000-7f942c000000 ---p 00000000 00:00 0 
7f942c040000-7f942c04b000 r--s 00000000 08:01 4329677                    /var/cache/fontconfig/945677eb7aeaf62f1d50efc3fb3ec7d8-le64.cache-4
7f942c0d8000-7f942c0ff000 r-xp 00000000 08:01 5512626                    /usr/lib/x86_64-linux-gnu/libxcb.so.1.1.0
7f942c0ff000-7f942c2fe000 ---p 00027000 08:01 5512626                    /usr/lib/x86_64-linux-gnu/libxcb.so.1.1.0
7f942c2fe000-7f942c2ff000 r--p 00026000 08:01 5512626                    /usr/lib/x86_64-linux-gnu/libxcb.so.1.1.0
7f942c2ff000-7f942c300000 rw-p 00027000 08:01 5512626                    /usr/lib/x86_64-linux-gnu/libxcb.so.1.1.0
7f942c300000-7f942c30f000 r-xp 00000000 08:01 5514956                    /usr/lib/x86_64-linux-gnu/libXi.so.6.1.0
7f942c30f000-7f942c50e000 ---p 0000f000 08:01 5514956                    /usr/lib/x86_64-linux-gnu/libXi.so.6.1.0
7f942c50e000-7f942c50f000 r--p 0000e000 08:01 5514956                    /usr/lib/x86_64-linux-gnu/libXi.so.6.1.0
7f942c50f000-7f942c510000 rw-p 0000f000 08:01 5514956                    /usr/lib/x86_64-linux-gnu/libXi.so.6.1.0
7f942c510000-7f943c000000 rw-p 00000000 00:00 0 
7f943c000000-7f943c021000 rw-p 00000000 00:00 0 
7f943c021000-7f9440000000 ---p 00000000 00:00 0 
7f9440000000-7f9440021000 rw-p 00000000 00:00 0 
7f9440021000-7f9444000000 ---p 00000000 00:00 0 
7f9444000000-7f9444021000 rw-p 00000000 00:00 0 
7f9444021000-7f9448000000 ---p 00000000 00:00 0 
7f9448007000-7f9448008000 r--s 00000000 08:01 4333869                    /var/cache/fontconfig/4794a0821666d79190d59a36cb4f44b5-le64.cache-4
7f9448008000-7f944800e000 r--s 00000000 08:01 4333863                    /var/cache/fontconfig/3047814df9a2f067bd2d96a2b9c36e5a-le64.cache-4
7f944800e000-7f9448016000 r--s 00000000 08:01 4341265                    /var/cache/fontconfig/bf3b770c553c462765856025a94f1ce6-le64.cache-4
7f9448016000-7f9448019000 r--s 00000000 08:01 4333838                    /var/cache/fontconfig/e49e89034d371f0f9de17aab02136486-le64.cache-4
7f9448019000-7f9448025000 r--s 00000000 08:01 4333755                    /var/cache/fontconfig/d589a48862398ed80a3d6066f4f56f4c-le64.cache-4
7f9448025000-7f944805b000 r--s 00000000 08:01 13393321                   /home/floris/.cache/fontconfig/03a9fe84ab9dd0bf59ea5a511fc506db-le64.cache-4
7f9448073000-7f9448076000 ---p 00000000 00:00 0 
7f9448076000-7f9448174000 rw-p 00000000 00:00 0 
7f9448174000-7f9448179000 r-xp 00000000 08:01 5515174                    /usr/lib/x86_64-linux-gnu/libXtst.so.6.1.0
7f9448179000-7f9448378000 ---p 00005000 08:01 5515174                    /usr/lib/x86_64-linux-gnu/libXtst.so.6.1.0
7f9448378000-7f9448379000 r--p 00004000 08:01 5515174                    /usr/lib/x86_64-linux-gnu/libXtst.so.6.1.0
7f9448379000-7f944837a000 rw-p 00005000 08:01 5515174                    /usr/lib/x86_64-linux-gnu/libXtst.so.6.1.0
7f944837a000-7f9448383000 r-xp 00000000 08:01 5512637                    /usr/lib/x86_64-linux-gnu/libXrender.so.1.3.0
7f9448383000-7f9448582000 ---p 00009000 08:01 5512637                    /usr/lib/x86_64-linux-gnu/libXrender.so.1.3.0
7f9448582000-7f9448583000 r--p 00008000 08:01 5512637                    /usr/lib/x86_64-linux-gnu/libXrender.so.1.3.0
7f9448583000-7f9448584000 rw-p 00009000 08:01 5512637                    /usr/lib/x86_64-linux-gnu/libXrender.so.1.3.0
7f9448584000-7f94486be000 r-xp 00000000 08:01 5512630                    /usr/lib/x86_64-linux-gnu/libX11.so.6.3.0
7f94486be000-7f94488be000 ---p 0013a000 08:01 5512630                    /usr/lib/x86_64-linux-gnu/libX11.so.6.3.0
7f94488be000-7f94488bf000 r--p 0013a000 08:01 5512630                    /usr/lib/x86_64-linux-gnu/libX11.so.6.3.0
7f94488bf000-7f94488c4000 rw-p 0013b000 08:01 5512630                    /usr/lib/x86_64-linux-gnu/libX11.so.6.3.0
7f94488c4000-7f94488d5000 r-xp 00000000 08:01 5512633                    /usr/lib/x86_64-linux-gnu/libXext.so.6.4.0
7f94488d5000-7f9448ad4000 ---p 00011000 08:01 5512633                    /usr/lib/x86_64-linux-gnu/libXext.so.6.4.0
7f9448ad4000-7f9448ad5000 r--p 00010000 08:01 5512633                    /usr/lib/x86_64-linux-gnu/libXext.so.6.4.0
7f9448ad5000-7f9448ad6000 rw-p 00011000 08:01 5512633                    /usr/lib/x86_64-linux-gnu/libXext.so.6.4.0
7f9448ad6000-7f9448b2a000 r-xp 00000000 08:01 6164785                    /usr/lib/jvm/java-8-openjdk-amd64/jre/lib/amd64/libawt_xawt.so
7f9448b2a000-7f9448d29000 ---p 00054000 08:01 6164785                    /usr/lib/jvm/java-8-openjdk-amd64/jre/lib/amd64/libawt_xawt.so
7f9448d29000-7f9448d2a000 r--p 00053000 08:01 6164785                    /usr/lib/jvm/java-8-openjdk-amd64/jre/lib/amd64/libawt_xawt.so
7f9448d2a000-7f9448d2d000 rw-p 00054000 08:01 6164785                    /usr/lib/jvm/java-8-openjdk-amd64/jre/lib/amd64/libawt_xawt.so
7f9448d2d000-7f9448d2e000 rw-p 00000000 00:00 0 
7f9448d2e000-7f9448dce000 r-xp 00000000 08:01 6164783                    /usr/lib/jvm/java-8-openjdk-amd64/jre/lib/amd64/libawt.so
7f9448dce000-7f9448fce000 ---p 000a0000 08:01 6164783                    /usr/lib/jvm/java-8-openjdk-amd64/jre/lib/amd64/libawt.so
7f9448fce000-7f9448fcf000 r--p 000a0000 08:01 6164783                    /usr/lib/jvm/java-8-openjdk-amd64/jre/lib/amd64/libawt.so
7f9448fcf000-7f9448fda000 rw-p 000a1000 08:01 6164783                    /usr/lib/jvm/java-8-openjdk-amd64/jre/lib/amd64/libawt.so
7f9448fda000-7f944c000000 rw-p 00000000 00:00 0 
7f944c000000-7f944c021000 rw-p 00000000 00:00 0 
7f944c021000-7f9450000000 ---p 00000000 00:00 0 
7f9450000000-7f9450021000 rw-p 00000000 00:00 0 
7f9450021000-7f9454000000 ---p 00000000 00:00 0 
7f9454000000-7f9454021000 rw-p 00000000 00:00 0 
7f9454021000-7f9458000000 ---p 00000000 00:00 0 
7f9458000000-7f9458001000 r--s 00000000 08:01 4333864                    /var/cache/fontconfig/0bd3dc0958fa2205aaaa8ebb13e2872b-le64.cache-4
7f9458001000-7f9458003000 r--s 00000000 08:01 4333773                    /var/cache/fontconfig/4b14b093aebc79c320de5e86ae1d3314-le64.cache-4
7f9458003000-7f9458004000 r--s 00000000 08:01 4333766                    /var/cache/fontconfig/3f7329c5293ffd510edef78f73874cfd-le64.cache-4
7f9458004000-7f945800b000 r--s 00000000 08:01 4333498                    /var/cache/fontconfig/53d14c92082a93e67d5078324eb314ca-le64.cache-4
7f945800b000-7f945808f000 r-xp 00000000 08:01 7077982                    /lib/x86_64-linux-gnu/libsystemd.so.0.17.0
7f945808f000-7f9458090000 ---p 00084000 08:01 7077982                    /lib/x86_64-linux-gnu/libsystemd.so.0.17.0
7f9458090000-7f9458093000 r--p 00084000 08:01 7077982                    /lib/x86_64-linux-gnu/libsystemd.so.0.17.0
7f9458093000-7f9458094000 rw-p 00087000 08:01 7077982                    /lib/x86_64-linux-gnu/libsystemd.so.0.17.0
7f9458094000-7f9458095000 rw-p 00000000 00:00 0 
7f9458095000-7f9458098000 ---p 00000000 00:00 0 
7f9458098000-7f94580ce000 rw-p 00000000 00:00 0 
7f94580ce000-7f94580d1000 ---p 00000000 00:00 0 
7f94580d1000-7f94583cf000 rw-p 00000000 00:00 0 
7f94583cf000-7f94593d0000 rw-p 00000000 00:00 0 
7f94593d0000-7f94593d3000 ---p 00000000 00:00 0 
7f94593d3000-7f94594d1000 rw-p 00000000 00:00 0 
7f94594d1000-7f94594e5000 r-xp 00000000 08:01 7077912                    /lib/x86_64-linux-gnu/libresolv-2.24.so
7f94594e5000-7f94596e4000 ---p 00014000 08:01 7077912                    /lib/x86_64-linux-gnu/libresolv-2.24.so
7f94596e4000-7f94596e5000 r--p 00013000 08:01 7077912                    /lib/x86_64-linux-gnu/libresolv-2.24.so
7f94596e5000-7f94596e6000 rw-p 00014000 08:01 7077912                    /lib/x86_64-linux-gnu/libresolv-2.24.so
7f94596e6000-7f94596e8000 rw-p 00000000 00:00 0 
7f94596e8000-7f94596ed000 r-xp 00000000 08:01 7077905                    /lib/x86_64-linux-gnu/libnss_dns-2.24.so
7f94596ed000-7f94598ec000 ---p 00005000 08:01 7077905                    /lib/x86_64-linux-gnu/libnss_dns-2.24.so
7f94598ec000-7f94598ed000 r--p 00004000 08:01 7077905                    /lib/x86_64-linux-gnu/libnss_dns-2.24.so
7f94598ed000-7f94598ee000 rw-p 00005000 08:01 7077905                    /lib/x86_64-linux-gnu/libnss_dns-2.24.so
7f94598ee000-7f94598f0000 r-xp 00000000 08:01 7079681                    /lib/x86_64-linux-gnu/libnss_mdns4_minimal.so.2
7f94598f0000-7f9459aef000 ---p 00002000 08:01 7079681                    /lib/x86_64-linux-gnu/libnss_mdns4_minimal.so.2
7f9459aef000-7f9459af0000 r--p 00001000 08:01 7079681                    /lib/x86_64-linux-gnu/libnss_mdns4_minimal.so.2
7f9459af0000-7f9459af1000 rw-p 00002000 08:01 7079681                    /lib/x86_64-linux-gnu/libnss_mdns4_minimal.so.2
7f9459af1000-7f9459af5000 r--s 00000000 08:01 4328780                    /var/cache/fontconfig/246184dc75a16901ca37d96895904249-le64.cache-4
7f9459af5000-7f9459af7000 r--s 00000000 08:01 4327930                    /var/cache/fontconfig/62f91419b9ebdb6975e7e41ab6412357-le64.cache-4
7f9459af7000-7f9459b04000 r--s 00000000 08:01 4335362                    /var/cache/fontconfig/e13b20fdb08344e0e664864cc2ede53d-le64.cache-4
7f9459b0d000-7f9459b10000 ---p 00000000 00:00 0 
7f9459b10000-7f9459e0e000 rw-p 00000000 00:00 0 
7f9459e0e000-7f945a00e000 rw-p 00000000 00:00 0 
7f945a00e000-7f945a036000 r-xp 00000000 08:01 6164815                    /usr/lib/jvm/java-8-openjdk-amd64/jre/lib/amd64/libsunec.so
7f945a036000-7f945a236000 ---p 00028000 08:01 6164815                    /usr/lib/jvm/java-8-openjdk-amd64/jre/lib/amd64/libsunec.so
7f945a236000-7f945a23a000 r--p 00028000 08:01 6164815                    /usr/lib/jvm/java-8-openjdk-amd64/jre/lib/amd64/libsunec.so
7f945a23a000-7f945a23b000 rw-p 0002c000 08:01 6164815                    /usr/lib/jvm/java-8-openjdk-amd64/jre/lib/amd64/libsunec.so
7f945a23b000-7f945a240000 r--s 0009a000 08:01 6164850                    /usr/lib/jvm/java-8-openjdk-amd64/jre/lib/jsse.jar
7f945a240000-7f945a440000 rw-p 00000000 00:00 0 
7f945a440000-7f945a443000 r--s 00015000 08:01 6164848                    /usr/lib/jvm/java-8-openjdk-amd64/jre/lib/jce.jar
7f945a443000-7f945a643000 rw-p 00000000 00:00 0 
7f945a643000-7f945a843000 rw-p 00000000 00:00 0 
7f945a843000-7f945a854000 r-xp 00000000 08:01 6164811                    /usr/lib/jvm/java-8-openjdk-amd64/jre/lib/amd64/libnio.so
7f945a854000-7f945aa54000 ---p 00011000 08:01 6164811                    /usr/lib/jvm/java-8-openjdk-amd64/jre/lib/amd64/libnio.so
7f945aa54000-7f945aa55000 r--p 00011000 08:01 6164811                    /usr/lib/jvm/java-8-openjdk-amd64/jre/lib/amd64/libnio.so
7f945aa55000-7f945aa56000 rw-p 00012000 08:01 6164811                    /usr/lib/jvm/java-8-openjdk-amd64/jre/lib/amd64/libnio.so
7f945aa56000-7f945ac56000 rw-p 00000000 00:00 0 
7f945ac56000-7f945ac6d000 r-xp 00000000 08:01 6164810                    /usr/lib/jvm/java-8-openjdk-amd64/jre/lib/amd64/libnet.so
7f945ac6d000-7f945ae6c000 ---p 00017000 08:01 6164810                    /usr/lib/jvm/java-8-openjdk-amd64/jre/lib/amd64/libnet.so
7f945ae6c000-7f945ae6d000 r--p 00016000 08:01 6164810                    /usr/lib/jvm/java-8-openjdk-amd64/jre/lib/amd64/libnet.so
7f945ae6d000-7f945ae6e000 rw-p 00017000 08:01 6164810                    /usr/lib/jvm/java-8-openjdk-amd64/jre/lib/amd64/libnet.so
7f945ae6e000-7f945ae77000 r-xp 00000000 08:01 6164808                    /usr/lib/jvm/java-8-openjdk-amd64/jre/lib/amd64/libmanagement.so
7f945ae77000-7f945b076000 ---p 00009000 08:01 6164808                    /usr/lib/jvm/java-8-openjdk-amd64/jre/lib/amd64/libmanagement.so
7f945b076000-7f945b077000 r--p 00008000 08:01 6164808                    /usr/lib/jvm/java-8-openjdk-amd64/jre/lib/amd64/libmanagement.so
7f945b077000-7f945b078000 rw-p 00009000 08:01 6164808                    /usr/lib/jvm/java-8-openjdk-amd64/jre/lib/amd64/libmanagement.so
7f945b078000-7f945b07b000 r--s 00012000 08:01 2889758                    /home/floris/.m2/repository/org/knowm/xchange/xchange-bitfinex/4.3.0/xchange-bitfinex-4.3.0.jar
7f945b07b000-7f945b07f000 r--s 00041000 08:01 4066040                    /home/floris/.m2/repository/com/fasterxml/jackson/core/jackson-core/2.8.6/jackson-core-2.8.6.jar
7f945b07f000-7f945b082000 r--s 0000b000 08:01 3021270                    /home/floris/.m2/repository/com/fasterxml/jackson/core/jackson-annotations/2.8.0/jackson-annotations-2.8.0.jar
7f945b082000-7f945b093000 r--s 0011d000 08:01 4066038                    /home/floris/.m2/repository/com/fasterxml/jackson/core/jackson-databind/2.8.6/jackson-databind-2.8.6.jar
7f945b093000-7f945b0d2000 r--s 0033f000 08:01 4066036                    /home/floris/.m2/repository/io/netty/netty-all/4.1.11.Final/netty-all-4.1.11.Final.jar
7f945b0d2000-7f945b0d4000 r--s 00002000 08:01 4066380                    /home/floris/.m2/repository/info/bitrich/xchange-stream/service-netty/4.3.0-SNAPSHOT/service-netty-4.3.0-SNAPSHOT.jar
7f945b0d4000-7f945b0d6000 r--s 00004000 08:01 4066165                    /home/floris/.m2/repository/info/bitrich/xchange-stream/xchange-bitfinex/4.3.0-SNAPSHOT/xchange-bitfinex-4.3.0-SNAPSHOT.jar
7f945b0d6000-7f945b0d7000 r--s 00000000 08:01 1052369                    /home/floris/.m2/repository/org/reactivestreams/reactive-streams/1.0.0/reactive-streams-1.0.0.jar
7f945b0d7000-7f945b103000 r--s 001b9000 08:01 3806205                    /home/floris/.m2/repository/io/reactivex/rxjava2/rxjava/2.0.4/rxjava-2.0.4.jar
7f945b103000-7f945b105000 r--s 0000a000 08:01 657594                     /home/floris/.m2/repository/commons-codec/commons-codec/1.3/commons-codec-1.3.jar
7f945b105000-7f945b108000 r--s 00009000 08:01 1181181                    /home/floris/.m2/repository/oauth/signpost/signpost-core/1.2.1.2/signpost-core-1.2.1.2.jar
7f945b108000-7f945b109000 r--s 00004000 08:01 1181179                    /home/floris/.m2/repository/net/iharder/base64/2.3.9/base64-2.3.9.jar
7f945b109000-7f945b10b000 r--s 00003000 08:01 2889756                    /home/floris/.m2/repository/com/google/code/findbugs/jsr305/3.0.2/jsr305-3.0.2.jar
7f945b10b000-7f945b10f000 r--s 0001c000 08:01 2889754                    /home/floris/.m2/repository/javax/ws/rs/javax.ws.rs-api/2.1/javax.ws.rs-api-2.1.jar
7f945b10f000-7f945b111000 r--s 0000e000 08:01 2889748                    /home/floris/.m2/repository/com/github/mmazi/rescu/2.0.1/rescu-2.0.1.jar
7f945b111000-7f945b116000 r--s 0001f000 08:01 2757825                    /home/floris/.m2/repository/org/knowm/xchange/xchange-core/4.3.0/xchange-core-4.3.0.jar
7f945b116000-7f945b117000 r--s 00000000 08:01 4066378                    /home/floris/.m2/repository/info/bitrich/xchange-stream/service-core/4.3.0-SNAPSHOT/service-core-4.3.0-SNAPSHOT.jar
7f945b117000-7f945b119000 r--s 00000000 08:01 4066377                    /home/floris/.m2/repository/info/bitrich/xchange-stream/xchange-stream-core/4.3.0-SNAPSHOT/xchange-stream-core-4.3.0-SNAPSHOT.jar
7f945b119000-7f945b140000 r--s 001f6000 08:01 1180984                    /home/floris/.m2/repository/org/apache/commons/commons-math3/3.6.1/commons-math3-3.6.1.jar
7f945b140000-7f945b142000 r--s 00007000 08:01 3934414                    /home/floris/git/serenity/lib/grafica.jar
7f945b142000-7f945b148000 r--s 000f3000 08:01 1318600                    /home/floris/.m2/repository/org/processing/core/3.3.6/core-3.3.6.jar
7f945b148000-7f945b14b000 r--s 00018000 08:01 4066210                    /home/floris/.m2/repository/org/java-websocket/Java-WebSocket/1.3.6/Java-WebSocket-1.3.6.jar
7f945b14b000-7f945b151000 r--s 00033000 08:01 1049851                    /home/floris/.m2/repository/com/google/code/gson/gson/2.6.2/gson-2.6.2.jar
7f945b151000-7f945b155000 r--s 00031000 08:01 3674890                    /home/floris/.m2/repository/commons-io/commons-io/2.6/commons-io-2.6.jar
7f945b155000-7f945b157000 r--s 00009000 08:01 657474                     /home/floris/.m2/repository/org/slf4j/slf4j-api/1.7.24/slf4j-api-1.7.24.jar
7f945b157000-7f945b158000 r--s 00005000 08:01 657472                     /home/floris/.m2/repository/org/apache/logging/log4j/log4j-slf4j-impl/2.8.2/log4j-slf4j-impl-2.8.2.jar
7f945b158000-7f945b159000 ---p 00000000 00:00 0 
7f945b159000-7f945b259000 rw-p 00000000 00:00 0 
7f945b259000-7f945b25c000 ---p 00000000 00:00 0 
7f945b25c000-7f945b35a000 rw-p 00000000 00:00 0 
7f945b35a000-7f945b35d000 ---p 00000000 00:00 0 
7f945b35d000-7f945b45b000 rw-p 00000000 00:00 0 
7f945b45b000-7f945b45e000 ---p 00000000 00:00 0 
7f945b45e000-7f945b55c000 rw-p 00000000 00:00 0 
7f945b55c000-7f945b55f000 ---p 00000000 00:00 0 
7f945b55f000-7f945b65d000 rw-p 00000000 00:00 0 
7f945b65d000-7f945b660000 ---p 00000000 00:00 0 
7f945b660000-7f945b75e000 rw-p 00000000 00:00 0 
7f945b75e000-7f945b761000 ---p 00000000 00:00 0 
7f945b761000-7f945b85f000 rw-p 00000000 00:00 0 
7f945b85f000-7f945b9fa000 r--p 00000000 08:01 5505318                    /usr/lib/locale/locale-archive
7f945b9fa000-7f945b9fd000 ---p 00000000 00:00 0 
7f945b9fd000-7f945bafb000 rw-p 00000000 00:00 0 
7f945bafb000-7f945bafe000 ---p 00000000 00:00 0 
7f945bafe000-7f945bbfc000 rw-p 00000000 00:00 0 
7f945bbfc000-7f945bbfd000 ---p 00000000 00:00 0 
7f945bbfd000-7f945c000000 rw-p 00000000 00:00 0 
7f945c000000-7f945c021000 rw-p 00000000 00:00 0 
7f945c021000-7f9460000000 ---p 00000000 00:00 0 
7f9460000000-7f946001c000 r--s 0013c000 08:01 656438                     /home/floris/.m2/repository/org/apache/logging/log4j/log4j-core/2.8.2/log4j-core-2.8.2.jar
7f946001c000-7f9460021000 r--s 00033000 08:01 656436                     /home/floris/.m2/repository/org/apache/logging/log4j/log4j-api/2.8.2/log4j-api-2.8.2.jar
7f9460021000-7f9460025000 r--s 0000f000 08:01 1180023                    /home/floris/.m2/repository/org/eclipse/xtend/org.eclipse.xtend.lib.macro/2.12.0/org.eclipse.xtend.lib.macro-2.12.0.jar
7f9460025000-7f9460051000 r--s 00207000 08:01 920624                     /home/floris/.m2/repository/com/google/guava/guava/19.0-rc3/guava-19.0-rc3.jar
7f9460051000-7f9460056000 r--s 00024000 08:01 1179733                    /home/floris/.m2/repository/org/eclipse/xtend/org.eclipse.xtend.lib/2.12.0/org.eclipse.xtend.lib-2.12.0.jar
7f9460056000-7f946005b000 r--s 002f9000 08:01 6164821                    /usr/lib/jvm/java-8-openjdk-amd64/jre/lib/charsets.jar
7f946005b000-7f946006e000 r--s 00346000 08:01 6164854                    /usr/lib/jvm/java-8-openjdk-amd64/jre/lib/resources.jar
7f946006e000-7f9460089000 r--s 001d6000 08:01 6164834                    /usr/lib/jvm/java-8-openjdk-amd64/jre/lib/ext/nashorn.jar
7f9460089000-7f94600a4000 r--s 00394000 08:01 6164829                    /usr/lib/jvm/java-8-openjdk-amd64/jre/lib/ext/cldrdata.jar
7f94600a4000-7f94619e5000 rw-p 00000000 00:00 0 
7f94619e5000-7f9461bb4000 r--s 03c21000 08:01 6164855                    /usr/lib/jvm/java-8-openjdk-amd64/jre/lib/rt.jar
7f9461bb4000-7f94633d9000 rw-p 00000000 00:00 0 
7f94633d9000-7f94633da000 ---p 00000000 00:00 0 
7f94633da000-7f94634da000 rw-p 00000000 00:00 0 
7f94634da000-7f94634db000 ---p 00000000 00:00 0 
7f94634db000-7f9463650000 rw-p 00000000 00:00 0 
7f9463650000-7f9464050000 ---p 00000000 00:00 0 
7f9464050000-7f94640c5000 rw-p 00000000 00:00 0 
7f94640c5000-7f9464ac4000 ---p 00000000 00:00 0 
7f9464ac4000-7f9464b20000 rw-p 00000000 00:00 0 
7f9464b20000-7f9464fff000 ---p 00000000 00:00 0 
7f9464fff000-7f9465000000 rw-p 00000000 00:00 0 
7f9465000000-7f9465890000 rwxp 00000000 00:00 0 
7f9465890000-7f9474000000 ---p 00000000 00:00 0 
7f9474000000-7f9474c9c000 rw-p 00000000 00:00 0 
7f9474c9c000-7f9478000000 ---p 00000000 00:00 0 
7f9478000000-7f9478002000 r--s 0000d000 08:01 657470                     /home/floris/.m2/repository/org/apache/logging/log4j/log4j-1.2-api/2.8.2/log4j-1.2-api-2.8.2.jar
7f9478002000-7f94780ab000 rw-p 00000000 00:00 0 
7f94780ab000-7f94780ac000 ---p 00000000 00:00 0 
7f94780ac000-7f94781ac000 rw-p 00000000 00:00 0 
7f94781ac000-7f94781ad000 ---p 00000000 00:00 0 
7f94781ad000-7f94782ad000 rw-p 00000000 00:00 0 
7f94782ad000-7f94782ae000 ---p 00000000 00:00 0 
7f94782ae000-7f94783ae000 rw-p 00000000 00:00 0 
7f94783ae000-7f94783af000 ---p 00000000 00:00 0 
7f94783af000-7f94784af000 rw-p 00000000 00:00 0 
7f94784af000-7f94784b0000 ---p 00000000 00:00 0 
7f94784b0000-7f94785b0000 rw-p 00000000 00:00 0 
7f94785b0000-7f94785b1000 ---p 00000000 00:00 0 
7f94785b1000-7f94786d4000 rw-p 00000000 00:00 0 
7f94786d4000-7f9478a71000 ---p 00000000 00:00 0 
7f9478a71000-7f9478a79000 r-xp 00000000 08:01 6164818                    /usr/lib/jvm/java-8-openjdk-amd64/jre/lib/amd64/libzip.so
7f9478a79000-7f9478c78000 ---p 00008000 08:01 6164818                    /usr/lib/jvm/java-8-openjdk-amd64/jre/lib/amd64/libzip.so
7f9478c78000-7f9478c79000 r--p 00007000 08:01 6164818                    /usr/lib/jvm/java-8-openjdk-amd64/jre/lib/amd64/libzip.so
7f9478c79000-7f9478c7a000 rw-p 00008000 08:01 6164818                    /usr/lib/jvm/java-8-openjdk-amd64/jre/lib/amd64/libzip.so
7f9478c7a000-7f9478c84000 r-xp 00000000 08:01 7077906                    /lib/x86_64-linux-gnu/libnss_files-2.24.so
7f9478c84000-7f9478e84000 ---p 0000a000 08:01 7077906                    /lib/x86_64-linux-gnu/libnss_files-2.24.so
7f9478e84000-7f9478e85000 r--p 0000a000 08:01 7077906                    /lib/x86_64-linux-gnu/libnss_files-2.24.so
7f9478e85000-7f9478e86000 rw-p 0000b000 08:01 7077906                    /lib/x86_64-linux-gnu/libnss_files-2.24.so
7f9478e86000-7f9478e8c000 rw-p 00000000 00:00 0 
7f9478e8c000-7f9478e97000 r-xp 00000000 08:01 7077908                    /lib/x86_64-linux-gnu/libnss_nis-2.24.so
7f9478e97000-7f9479096000 ---p 0000b000 08:01 7077908                    /lib/x86_64-linux-gnu/libnss_nis-2.24.so
7f9479096000-7f9479097000 r--p 0000a000 08:01 7077908                    /lib/x86_64-linux-gnu/libnss_nis-2.24.so
7f9479097000-7f9479098000 rw-p 0000b000 08:01 7077908                    /lib/x86_64-linux-gnu/libnss_nis-2.24.so
7f9479098000-7f94790ac000 r-xp 00000000 08:01 7077903                    /lib/x86_64-linux-gnu/libnsl-2.24.so
7f94790ac000-7f94792ac000 ---p 00014000 08:01 7077903                    /lib/x86_64-linux-gnu/libnsl-2.24.so
7f94792ac000-7f94792ad000 r--p 00014000 08:01 7077903                    /lib/x86_64-linux-gnu/libnsl-2.24.so
7f94792ad000-7f94792ae000 rw-p 00015000 08:01 7077903                    /lib/x86_64-linux-gnu/libnsl-2.24.so
7f94792ae000-7f94792b0000 rw-p 00000000 00:00 0 
7f94792b0000-7f94792b7000 r-xp 00000000 08:01 7077904                    /lib/x86_64-linux-gnu/libnss_compat-2.24.so
7f94792b7000-7f94794b6000 ---p 00007000 08:01 7077904                    /lib/x86_64-linux-gnu/libnss_compat-2.24.so
7f94794b6000-7f94794b7000 r--p 00006000 08:01 7077904                    /lib/x86_64-linux-gnu/libnss_compat-2.24.so
7f94794b7000-7f94794b8000 rw-p 00007000 08:01 7077904                    /lib/x86_64-linux-gnu/libnss_compat-2.24.so
7f94794b8000-7f94794e5000 r-xp 00000000 08:01 6164795                    /usr/lib/jvm/java-8-openjdk-amd64/jre/lib/amd64/libjava.so
7f94794e5000-7f94796e4000 ---p 0002d000 08:01 6164795                    /usr/lib/jvm/java-8-openjdk-amd64/jre/lib/amd64/libjava.so
7f94796e4000-7f94796e5000 r--p 0002c000 08:01 6164795                    /usr/lib/jvm/java-8-openjdk-amd64/jre/lib/amd64/libjava.so
7f94796e5000-7f94796e7000 rw-p 0002d000 08:01 6164795                    /usr/lib/jvm/java-8-openjdk-amd64/jre/lib/amd64/libjava.so
7f94796e7000-7f94796f6000 r-xp 00000000 08:01 6164817                    /usr/lib/jvm/java-8-openjdk-amd64/jre/lib/amd64/libverify.so
7f94796f6000-7f94798f6000 ---p 0000f000 08:01 6164817                    /usr/lib/jvm/java-8-openjdk-amd64/jre/lib/amd64/libverify.so
7f94798f6000-7f94798f8000 r--p 0000f000 08:01 6164817                    /usr/lib/jvm/java-8-openjdk-amd64/jre/lib/amd64/libverify.so
7f94798f8000-7f94798f9000 rw-p 00011000 08:01 6164817                    /usr/lib/jvm/java-8-openjdk-amd64/jre/lib/amd64/libverify.so
7f94798f9000-7f9479900000 r-xp 00000000 08:01 7077913                    /lib/x86_64-linux-gnu/librt-2.24.so
7f9479900000-7f9479aff000 ---p 00007000 08:01 7077913                    /lib/x86_64-linux-gnu/librt-2.24.so
7f9479aff000-7f9479b00000 r--p 00006000 08:01 7077913                    /lib/x86_64-linux-gnu/librt-2.24.so
7f9479b00000-7f9479b01000 rw-p 00007000 08:01 7077913                    /lib/x86_64-linux-gnu/librt-2.24.so
7f9479b01000-7f9479b17000 r-xp 00000000 08:01 7077892                    /lib/x86_64-linux-gnu/libgcc_s.so.1
7f9479b17000-7f9479d16000 ---p 00016000 08:01 7077892                    /lib/x86_64-linux-gnu/libgcc_s.so.1
7f9479d16000-7f9479d17000 r--p 00015000 08:01 7077892                    /lib/x86_64-linux-gnu/libgcc_s.so.1
7f9479d17000-7f9479d18000 rw-p 00016000 08:01 7077892                    /lib/x86_64-linux-gnu/libgcc_s.so.1
7f9479d18000-7f9479e1b000 r-xp 00000000 08:01 7077900                    /lib/x86_64-linux-gnu/libm-2.24.so
7f9479e1b000-7f947a01a000 ---p 00103000 08:01 7077900                    /lib/x86_64-linux-gnu/libm-2.24.so
7f947a01a000-7f947a01b000 r--p 00102000 08:01 7077900                    /lib/x86_64-linux-gnu/libm-2.24.so
7f947a01b000-7f947a01c000 rw-p 00103000 08:01 7077900                    /lib/x86_64-linux-gnu/libm-2.24.so
7f947a01c000-7f947a18e000 r-xp 00000000 08:01 5510674                    /usr/lib/x86_64-linux-gnu/libstdc++.so.6.0.22
7f947a18e000-7f947a38e000 ---p 00172000 08:01 5510674                    /usr/lib/x86_64-linux-gnu/libstdc++.so.6.0.22
7f947a38e000-7f947a398000 r--p 00172000 08:01 5510674                    /usr/lib/x86_64-linux-gnu/libstdc++.so.6.0.22
7f947a398000-7f947a39a000 rw-p 0017c000 08:01 5510674                    /usr/lib/x86_64-linux-gnu/libstdc++.so.6.0.22
7f947a39a000-7f947a39e000 rw-p 00000000 00:00 0 
7f947a39e000-7f947aff2000 r-xp 00000000 08:01 6164820                    /usr/lib/jvm/java-8-openjdk-amd64/jre/lib/amd64/server/libjvm.so
7f947aff2000-7f947b1f1000 ---p 00c54000 08:01 6164820                    /usr/lib/jvm/java-8-openjdk-amd64/jre/lib/amd64/server/libjvm.so
7f947b1f1000-7f947b284000 r--p 00c53000 08:01 6164820                    /usr/lib/jvm/java-8-openjdk-amd64/jre/lib/amd64/server/libjvm.so
7f947b284000-7f947b2ad000 rw-p 00ce6000 08:01 6164820                    /usr/lib/jvm/java-8-openjdk-amd64/jre/lib/amd64/server/libjvm.so
7f947b2ad000-7f947b2dd000 rw-p 00000000 00:00 0 
7f947b2dd000-7f947b472000 r-xp 00000000 08:01 7077896                    /lib/x86_64-linux-gnu/libc-2.24.so
7f947b472000-7f947b672000 ---p 00195000 08:01 7077896                    /lib/x86_64-linux-gnu/libc-2.24.so
7f947b672000-7f947b676000 r--p 00195000 08:01 7077896                    /lib/x86_64-linux-gnu/libc-2.24.so
7f947b676000-7f947b678000 rw-p 00199000 08:01 7077896                    /lib/x86_64-linux-gnu/libc-2.24.so
7f947b678000-7f947b67c000 rw-p 00000000 00:00 0 
7f947b67c000-7f947b67f000 r-xp 00000000 08:01 7077899                    /lib/x86_64-linux-gnu/libdl-2.24.so
7f947b67f000-7f947b87e000 ---p 00003000 08:01 7077899                    /lib/x86_64-linux-gnu/libdl-2.24.so
7f947b87e000-7f947b87f000 r--p 00002000 08:01 7077899                    /lib/x86_64-linux-gnu/libdl-2.24.so
7f947b87f000-7f947b880000 rw-p 00003000 08:01 7077899                    /lib/x86_64-linux-gnu/libdl-2.24.so
7f947b880000-7f947b88d000 r-xp 00000000 08:01 6164778                    /usr/lib/jvm/java-8-openjdk-amd64/jre/lib/amd64/jli/libjli.so
7f947b88d000-7f947ba8d000 ---p 0000d000 08:01 6164778                    /usr/lib/jvm/java-8-openjdk-amd64/jre/lib/amd64/jli/libjli.so
7f947ba8d000-7f947ba8e000 r--p 0000d000 08:01 6164778                    /usr/lib/jvm/java-8-openjdk-amd64/jre/lib/amd64/jli/libjli.so
7f947ba8e000-7f947ba8f000 rw-p 0000e000 08:01 6164778                    /usr/lib/jvm/java-8-openjdk-amd64/jre/lib/amd64/jli/libjli.so
7f947ba8f000-7f947baa8000 r-xp 00000000 08:01 7077978                    /lib/x86_64-linux-gnu/libz.so.1.2.8
7f947baa8000-7f947bca7000 ---p 00019000 08:01 7077978                    /lib/x86_64-linux-gnu/libz.so.1.2.8
7f947bca7000-7f947bca8000 r--p 00018000 08:01 7077978                    /lib/x86_64-linux-gnu/libz.so.1.2.8
7f947bca8000-7f947bca9000 rw-p 00019000 08:01 7077978                    /lib/x86_64-linux-gnu/libz.so.1.2.8
7f947bca9000-7f947bcc1000 r-xp 00000000 08:01 7077911                    /lib/x86_64-linux-gnu/libpthread-2.24.so
7f947bcc1000-7f947bec0000 ---p 00018000 08:01 7077911                    /lib/x86_64-linux-gnu/libpthread-2.24.so
7f947bec0000-7f947bec1000 r--p 00017000 08:01 7077911                    /lib/x86_64-linux-gnu/libpthread-2.24.so
7f947bec1000-7f947bec2000 rw-p 00018000 08:01 7077911                    /lib/x86_64-linux-gnu/libpthread-2.24.so
7f947bec2000-7f947bec6000 rw-p 00000000 00:00 0 
7f947bec6000-7f947bee9000 r-xp 00000000 08:01 7077891                    /lib/x86_64-linux-gnu/ld-2.24.so
7f947bee9000-7f947beed000 r--s 00021000 08:01 1180021                    /home/floris/.m2/repository/org/eclipse/xtext/org.eclipse.xtext.xbase.lib/2.12.0/org.eclipse.xtext.xbase.lib-2.12.0.jar
7f947beed000-7f947bef0000 r--s 00015000 08:01 6164848                    /usr/lib/jvm/java-8-openjdk-amd64/jre/lib/jce.jar
7f947bef0000-7f947bef5000 r--s 0009a000 08:01 6164850                    /usr/lib/jvm/java-8-openjdk-amd64/jre/lib/jsse.jar
7f947bef5000-7f947bef6000 r--s 0000a000 08:01 6164832                    /usr/lib/jvm/java-8-openjdk-amd64/jre/lib/ext/jaccess.jar
7f947bef6000-7f947bef8000 r--s 00008000 08:01 6164835                    /usr/lib/jvm/java-8-openjdk-amd64/jre/lib/ext/sunec.jar
7f947bef8000-7f947bf02000 r--s 00116000 08:01 6164833                    /usr/lib/jvm/java-8-openjdk-amd64/jre/lib/ext/localedata.jar
7f947bf02000-7f947bfc7000 rw-p 00000000 00:00 0 
7f947bfc7000-7f947bfca000 ---p 00000000 00:00 0 
7f947bfca000-7f947c0ca000 rw-p 00000000 00:00 0 
7f947c0ca000-7f947c0cb000 r--s 00010000 08:01 6164838                    /usr/lib/jvm/java-8-openjdk-amd64/jre/lib/ext/zipfs.jar
7f947c0cb000-7f947c0cf000 r--s 00037000 08:01 6164837                    /usr/lib/jvm/java-8-openjdk-amd64/jre/lib/ext/sunpkcs11.jar
7f947c0cf000-7f947c0d2000 r--s 0000f000 08:01 6164831                    /usr/lib/jvm/java-8-openjdk-amd64/jre/lib/ext/icedtea-sound.jar
7f947c0d2000-7f947c0d8000 r--s 0003a000 08:01 6164836                    /usr/lib/jvm/java-8-openjdk-amd64/jre/lib/ext/sunjce_provider.jar
7f947c0d8000-7f947c0da000 r--s 00007000 08:01 5901568                    /usr/share/java/java-atk-wrapper.jar
7f947c0da000-7f947c0dc000 r--s 00001000 08:01 6164830                    /usr/lib/jvm/java-8-openjdk-amd64/jre/lib/ext/dnsns.jar
7f947c0dc000-7f947c0e4000 rw-s 00000000 08:01 2359964                    /tmp/hsperfdata_floris/14676
7f947c0e4000-7f947c0e5000 rw-p 00000000 00:00 0 
7f947c0e5000-7f947c0e6000 ---p 00000000 00:00 0 
7f947c0e6000-7f947c0e9000 rw-p 00000000 00:00 0 
7f947c0e9000-7f947c0ea000 r--p 00023000 08:01 7077891                    /lib/x86_64-linux-gnu/ld-2.24.so
7f947c0ea000-7f947c0eb000 rw-p 00024000 08:01 7077891                    /lib/x86_64-linux-gnu/ld-2.24.so
7f947c0eb000-7f947c0ec000 rw-p 00000000 00:00 0 
7fffaa392000-7fffaa3b4000 rw-p 00000000 00:00 0                          [stack]
7fffaa3f9000-7fffaa3fb000 r--p 00000000 00:00 0                          [vvar]
7fffaa3fb000-7fffaa3fd000 r-xp 00000000 00:00 0                          [vdso]
ffffffffff600000-ffffffffff601000 r-xp 00000000 00:00 0                  [vsyscall]

VM Arguments:
jvm_args: -Dfile.encoding=UTF-8 
java_command: com.sirolf2009.serenity.sketches.OrderbookVolume
java_class_path (initial): /usr/lib/jvm/java-8-openjdk-amd64/jre/lib/resources.jar:/usr/lib/jvm/java-8-openjdk-amd64/jre/lib/rt.jar:/usr/lib/jvm/java-8-openjdk-amd64/jre/lib/jsse.jar:/usr/lib/jvm/java-8-openjdk-amd64/jre/lib/jce.jar:/usr/lib/jvm/java-8-openjdk-amd64/jre/lib/charsets.jar:/usr/lib/jvm/java-8-openjdk-amd64/jre/lib/ext/dnsns.jar:/usr/lib/jvm/java-8-openjdk-amd64/jre/lib/ext/java-atk-wrapper.jar:/usr/lib/jvm/java-8-openjdk-amd64/jre/lib/ext/sunjce_provider.jar:/usr/lib/jvm/java-8-openjdk-amd64/jre/lib/ext/icedtea-sound.jar:/usr/lib/jvm/java-8-openjdk-amd64/jre/lib/ext/cldrdata.jar:/usr/lib/jvm/java-8-openjdk-amd64/jre/lib/ext/localedata.jar:/usr/lib/jvm/java-8-openjdk-amd64/jre/lib/ext/nashorn.jar:/usr/lib/jvm/java-8-openjdk-amd64/jre/lib/ext/sunpkcs11.jar:/usr/lib/jvm/java-8-openjdk-amd64/jre/lib/ext/zipfs.jar:/usr/lib/jvm/java-8-openjdk-amd64/jre/lib/ext/sunec.jar:/usr/lib/jvm/java-8-openjdk-amd64/jre/lib/ext/jaccess.jar:/home/floris/git/serenity/target/classes:/home/floris/.m2/repository/org/eclipse/xtend/org.eclipse.xtend.lib/2.12.0/org.eclipse.xtend.lib-2.12.0.jar:/home/floris/.m2/repository/org/eclipse/xtext/org.eclipse.xtext.xbase.lib/2.12.0/org.eclipse.xtext.xbase.lib-2.12.0.jar:/home/floris/.m2/repository/com/google/guava/guava/19.0-rc3/guava-19.0-rc3.jar:/home/floris/.m2/repository/org/eclipse/xtend/org.eclipse.xtend.lib.macro/2.12.0/org.eclipse.xtend.lib.macro-2.12.0.jar:/home/floris/.m2/repository/org/apache/logging/log4j/log4j-api/2.8.2/log4j-api-2.8.2.jar:/home/floris/.m2/repository/org/apache/logging/log4j/log4j-core/2.8.2/log4j-core-2.8.2.jar:/home/floris/.m2/repository/org/apache/logging/log4j/log4j-1.2-api/2.8.2/log4j-1.2-api-2.8.2.jar:/home/floris/.m2/repository/org/apache/logging/log4j/log4j-slf4j-impl/2.8.2/log4j-slf4j-impl-2.8.2.jar:/home/floris/.m2/repository/org/slf4j/slf4j-api/1.7.24/slf4j-api-1.7.24.jar:/home/floris/.m2/repository/commons-io/commons-io/2.6/commons-io-2.6.jar:/home/floris/.m2/repository/com/google/code/gson/gso
Launcher Type: SUN_STANDARD

Environment Variables:
JAVA_HOME=/usr/lib/jvm/java-8-oracle
PATH=/usr/local/bin:/usr/bin:/bin:/usr/local/games:/usr/games:/usr/lib/jvm/java-8-oracle/bin:/usr/lib/jvm/java-8-oracle/db/bin:/usr/lib/jvm/java-8-oracle/jre/bin
USERNAME=floris
SHELL=/bin/bash
DISPLAY=:1

Signal Handlers:
SIGSEGV: [libjvm.so+0xa6bed0], sa_mask[0]=11111111011111111101111111111110, sa_flags=SA_RESTART|SA_SIGINFO
SIGBUS: [libjvm.so+0xa6bed0], sa_mask[0]=11111111011111111101111111111110, sa_flags=SA_RESTART|SA_SIGINFO
SIGFPE: [libjvm.so+0x8b6390], sa_mask[0]=11111111011111111101111111111110, sa_flags=SA_RESTART|SA_SIGINFO
SIGPIPE: [libjvm.so+0x8b6390], sa_mask[0]=11111111011111111101111111111110, sa_flags=SA_RESTART|SA_SIGINFO
SIGXFSZ: [libjvm.so+0x8b6390], sa_mask[0]=11111111011111111101111111111110, sa_flags=SA_RESTART|SA_SIGINFO
SIGILL: [libjvm.so+0x8b6390], sa_mask[0]=11111111011111111101111111111110, sa_flags=SA_RESTART|SA_SIGINFO
SIGUSR1: SIG_DFL, sa_mask[0]=00000000000000000000000000000000, sa_flags=none
SIGUSR2: [libjvm.so+0x8b6240], sa_mask[0]=00100000000000000000000000000000, sa_flags=SA_RESTART|SA_SIGINFO
SIGHUP: [libjvm.so+0x8b66f0], sa_mask[0]=11111111011111111101111111111110, sa_flags=SA_RESTART|SA_SIGINFO
SIGINT: [libjvm.so+0x8b66f0], sa_mask[0]=11111111011111111101111111111110, sa_flags=SA_RESTART|SA_SIGINFO
SIGTERM: [libjvm.so+0x8b66f0], sa_mask[0]=11111111011111111101111111111110, sa_flags=SA_RESTART|SA_SIGINFO
SIGQUIT: [libjvm.so+0x8b66f0], sa_mask[0]=11111111011111111101111111111110, sa_flags=SA_RESTART|SA_SIGINFO


---------------  S Y S T E M  ---------------

OS:PRETTY_NAME="Debian GNU/Linux 9 (stretch)"
NAME="Debian GNU/Linux"
VERSION_ID="9"
VERSION="9 (stretch)"
ID=debian
HOME_URL="https://www.debian.org/"
SUPPORT_URL="https://www.debian.org/support"
BUG_REPORT_URL="https://bugs.debian.org/"

uname:Linux 4.9.0-4-amd64 #1 SMP Debian 4.9.51-1 (2017-09-28) x86_64
libc:glibc 2.24 NPTL 2.24 
rlimit: STACK 8192k, CORE 0k, NPROC 128377, NOFILE 1048576, AS infinity
load average:1.68 0.99 0.72

/proc/meminfo:
MemTotal:       32887968 kB
MemFree:        23982416 kB
MemAvailable:   26074516 kB
Buffers:          256652 kB
Cached:          2168324 kB
SwapCached:            0 kB
Active:          6670480 kB
Inactive:        1555928 kB
Active(anon):    5802436 kB
Inactive(anon):   128664 kB
Active(file):     868044 kB
Inactive(file):  1427264 kB
Unevictable:         124 kB
Mlocked:             124 kB
SwapTotal:      33488892 kB
SwapFree:       33488892 kB
Dirty:               852 kB
Writeback:             0 kB
AnonPages:       5801408 kB
Mapped:           561024 kB
Shmem:            129656 kB
Slab:             320980 kB
SReclaimable:     262396 kB
SUnreclaim:        58584 kB
KernelStack:       15056 kB
PageTables:        51792 kB
NFS_Unstable:          0 kB
Bounce:                0 kB
WritebackTmp:          0 kB
CommitLimit:    49932876 kB
Committed_AS:   11035380 kB
VmallocTotal:   34359738367 kB
VmallocUsed:           0 kB
VmallocChunk:          0 kB
HardwareCorrupted:     0 kB
AnonHugePages:         0 kB
ShmemHugePages:        0 kB
ShmemPmdMapped:        0 kB
HugePages_Total:       0
HugePages_Free:        0
HugePages_Rsvd:        0
HugePages_Surp:        0
Hugepagesize:       2048 kB
DirectMap4k:      374704 kB
DirectMap2M:    12144640 kB
DirectMap1G:    20971520 kB


CPU:total 8 (initial active 8) (4 cores per cpu, 2 threads per core) family 6 model 60 stepping 3, cmov, cx8, fxsr, mmx, sse, sse2, sse3, ssse3, sse4.1, sse4.2, popcnt, avx, avx2, aes, clmul, erms, lzcnt, ht, tsc, tscinvbit, bmi1, bmi2

/proc/cpuinfo:
processor	: 0
vendor_id	: GenuineIntel
cpu family	: 6
model		: 60
model name	: Intel(R) Core(TM) i7-4770K CPU @ 3.50GHz
stepping	: 3
microcode	: 0x22
cpu MHz		: 3738.189
cache size	: 8192 KB
physical id	: 0
siblings	: 8
core id		: 0
cpu cores	: 4
apicid		: 0
initial apicid	: 0
fpu		: yes
fpu_exception	: yes
cpuid level	: 13
wp		: yes
flags		: fpu vme de pse tsc msr pae mce cx8 apic sep mtrr pge mca cmov pat pse36 clflush dts acpi mmx fxsr sse sse2 ss ht tm pbe syscall nx pdpe1gb rdtscp lm constant_tsc arch_perfmon pebs bts rep_good nopl xtopology nonstop_tsc aperfmperf eagerfpu pni pclmulqdq dtes64 monitor ds_cpl vmx est tm2 ssse3 sdbg fma cx16 xtpr pdcm pcid sse4_1 sse4_2 movbe popcnt tsc_deadline_timer aes xsave avx f16c rdrand lahf_lm abm epb tpr_shadow vnmi flexpriority ept vpid fsgsbase tsc_adjust bmi1 avx2 smep bmi2 erms invpcid xsaveopt dtherm ida arat pln pts
bugs		:
bogomips	: 7000.19
clflush size	: 64
cache_alignment	: 64
address sizes	: 39 bits physical, 48 bits virtual
power management:

processor	: 1
vendor_id	: GenuineIntel
cpu family	: 6
model		: 60
model name	: Intel(R) Core(TM) i7-4770K CPU @ 3.50GHz
stepping	: 3
microcode	: 0x22
cpu MHz		: 3733.062
cache size	: 8192 KB
physical id	: 0
siblings	: 8
core id		: 1
cpu cores	: 4
apicid		: 2
initial apicid	: 2
fpu		: yes
fpu_exception	: yes
cpuid level	: 13
wp		: yes
flags		: fpu vme de pse tsc msr pae mce cx8 apic sep mtrr pge mca cmov pat pse36 clflush dts acpi mmx fxsr sse sse2 ss ht tm pbe syscall nx pdpe1gb rdtscp lm constant_tsc arch_perfmon pebs bts rep_good nopl xtopology nonstop_tsc aperfmperf eagerfpu pni pclmulqdq dtes64 monitor ds_cpl vmx est tm2 ssse3 sdbg fma cx16 xtpr pdcm pcid sse4_1 sse4_2 movbe popcnt tsc_deadline_timer aes xsave avx f16c rdrand lahf_lm abm epb tpr_shadow vnmi flexpriority ept vpid fsgsbase tsc_adjust bmi1 avx2 smep bmi2 erms invpcid xsaveopt dtherm ida arat pln pts
bugs		:
bogomips	: 7001.12
clflush size	: 64
cache_alignment	: 64
address sizes	: 39 bits physical, 48 bits virtual
power management:

processor	: 2
vendor_id	: GenuineIntel
cpu family	: 6
model		: 60
model name	: Intel(R) Core(TM) i7-4770K CPU @ 3.50GHz
stepping	: 3
microcode	: 0x22
cpu MHz		: 3702.087
cache size	: 8192 KB
physical id	: 0
siblings	: 8
core id		: 2
cpu cores	: 4
apicid		: 4
initial apicid	: 4
fpu		: yes
fpu_exception	: yes
cpuid level	: 13
wp		: yes
flags		: fpu vme de pse tsc msr pae mce cx8 apic sep mtrr pge mca cmov pat pse36 clflush dts acpi mmx fxsr sse sse2 ss ht tm pbe syscall nx pdpe1gb rdtscp lm constant_tsc arch_perfmon pebs bts rep_good nopl xtopology nonstop_tsc aperfmperf eagerfpu pni pclmulqdq dtes64 monitor ds_cpl vmx est tm2 ssse3 sdbg fma cx16 xtpr pdcm pcid sse4_1 sse4_2 movbe popcnt tsc_deadline_timer aes xsave avx f16c rdrand lahf_lm abm epb tpr_shadow vnmi flexpriority ept vpid fsgsbase tsc_adjust bmi1 avx2 smep bmi2 erms invpcid xsaveopt dtherm ida arat pln pts
bugs		:
bogomips	: 7001.14
clflush size	: 64
cache_alignment	: 64
address sizes	: 39 bits physical, 48 bits virtual
power management:

processor	: 3
vendor_id	: GenuineIntel
cpu family	: 6
model		: 60
model name	: Intel(R) Core(TM) i7-4770K CPU @ 3.50GHz
stepping	: 3
microcode	: 0x22
cpu MHz		: 3702.514
cache size	: 8192 KB
physical id	: 0
siblings	: 8
core id		: 3
cpu cores	: 4
apicid		: 6
initial apicid	: 6
fpu		: yes
fpu_exception	: yes
cpuid level	: 13
wp		: yes
flags		: fpu vme de pse tsc msr pae mce cx8 apic sep mtrr pge mca cmov pat pse36 clflush dts acpi mmx fxsr sse sse2 ss ht tm pbe syscall nx pdpe1gb rdtscp lm constant_tsc arch_perfmon pebs bts rep_good nopl xtopology nonstop_tsc aperfmperf eagerfpu pni pclmulqdq dtes64 monitor ds_cpl vmx est tm2 ssse3 sdbg fma cx16 xtpr pdcm pcid sse4_1 sse4_2 movbe popcnt tsc_deadline_timer aes xsave avx f16c rdrand lahf_lm abm epb tpr_shadow vnmi flexpriority ept vpid fsgsbase tsc_adjust bmi1 avx2 smep bmi2 erms invpcid xsaveopt dtherm ida arat pln pts
bugs		:
bogomips	: 7001.12
clflush size	: 64
cache_alignment	: 64
address sizes	: 39 bits physical, 48 bits virtual
power management:

processor	: 4
vendor_id	: GenuineIntel
cpu family	: 6
model		: 60
model name	: Intel(R) Core(TM) i7-4770K CPU @ 3.50GHz
stepping	: 3
microcode	: 0x22
cpu MHz		: 3700.164
cache size	: 8192 KB
physical id	: 0
siblings	: 8
core id		: 0
cpu cores	: 4
apicid		: 1
initial apicid	: 1
fpu		: yes
fpu_exception	: yes
cpuid level	: 13
wp		: yes
flags		: fpu vme de pse tsc msr pae mce cx8 apic sep mtrr pge mca cmov pat pse36 clflush dts acpi mmx fxsr sse sse2 ss ht tm pbe syscall nx pdpe1gb rdtscp lm constant_tsc arch_perfmon pebs bts rep_good nopl xtopology nonstop_tsc aperfmperf eagerfpu pni pclmulqdq dtes64 monitor ds_cpl vmx est tm2 ssse3 sdbg fma cx16 xtpr pdcm pcid sse4_1 sse4_2 movbe popcnt tsc_deadline_timer aes xsave avx f16c rdrand lahf_lm abm epb tpr_shadow vnmi flexpriority ept vpid fsgsbase tsc_adjust bmi1 avx2 smep bmi2 erms invpcid xsaveopt dtherm ida arat pln pts
bugs		:
bogomips	: 7001.51
clflush size	: 64
cache_alignment	: 64
address sizes	: 39 bits physical, 48 bits virtual
power management:

processor	: 5
vendor_id	: GenuineIntel
cpu family	: 6
model		: 60
model name	: Intel(R) Core(TM) i7-4770K CPU @ 3.50GHz
stepping	: 3
microcode	: 0x22
cpu MHz		: 3702.301
cache size	: 8192 KB
physical id	: 0
siblings	: 8
core id		: 1
cpu cores	: 4
apicid		: 3
initial apicid	: 3
fpu		: yes
fpu_exception	: yes
cpuid level	: 13
wp		: yes
flags		: fpu vme de pse tsc msr pae mce cx8 apic sep mtrr pge mca cmov pat pse36 clflush dts acpi mmx fxsr sse sse2 ss ht tm pbe syscall nx pdpe1gb rdtscp lm constant_tsc arch_perfmon pebs bts rep_good nopl xtopology nonstop_tsc aperfmperf eagerfpu pni pclmulqdq dtes64 monitor ds_cpl vmx est tm2 ssse3 sdbg fma cx16 xtpr pdcm pcid sse4_1 sse4_2 movbe popcnt tsc_deadline_timer aes xsave avx f16c rdrand lahf_lm abm epb tpr_shadow vnmi flexpriority ept vpid fsgsbase tsc_adjust bmi1 avx2 smep bmi2 erms invpcid xsaveopt dtherm ida arat pln pts
bugs		:
bogomips	: 7001.16
clflush size	: 64
cache_alignment	: 64
address sizes	: 39 bits physical, 48 bits virtual
power management:

processor	: 6
vendor_id	: GenuineIntel
cpu family	: 6
model		: 60
model name	: Intel(R) Core(TM) i7-4770K CPU @ 3.50GHz
stepping	: 3
microcode	: 0x22
cpu MHz		: 3700.164
cache size	: 8192 KB
physical id	: 0
siblings	: 8
core id		: 2
cpu cores	: 4
apicid		: 5
initial apicid	: 5
fpu		: yes
fpu_exception	: yes
cpuid level	: 13
wp		: yes
flags		: fpu vme de pse tsc msr pae mce cx8 apic sep mtrr pge mca cmov pat pse36 clflush dts acpi mmx fxsr sse sse2 ss ht tm pbe syscall nx pdpe1gb rdtscp lm constant_tsc arch_perfmon pebs bts rep_good nopl xtopology nonstop_tsc aperfmperf eagerfpu pni pclmulqdq dtes64 monitor ds_cpl vmx est tm2 ssse3 sdbg fma cx16 xtpr pdcm pcid sse4_1 sse4_2 movbe popcnt tsc_deadline_timer aes xsave avx f16c rdrand lahf_lm abm epb tpr_shadow vnmi flexpriority ept vpid fsgsbase tsc_adjust bmi1 avx2 smep bmi2 erms invpcid xsaveopt dtherm ida arat pln pts
bugs		:
bogomips	: 7001.14
clflush size	: 64
cache_alignment	: 64
address sizes	: 39 bits physical, 48 bits virtual
power management:

processor	: 7
vendor_id	: GenuineIntel
cpu family	: 6
model		: 60
model name	: Intel(R) Core(TM) i7-4770K CPU @ 3.50GHz
stepping	: 3
microcode	: 0x22
cpu MHz		: 3704.223
cache size	: 8192 KB
physical id	: 0
siblings	: 8
core id		: 3
cpu cores	: 4
apicid		: 7
initial apicid	: 7
fpu		: yes
fpu_exception	: yes
cpuid level	: 13
wp		: yes
flags		: fpu vme de pse tsc msr pae mce cx8 apic sep mtrr pge mca cmov pat pse36 clflush dts acpi mmx fxsr sse sse2 ss ht tm pbe syscall nx pdpe1gb rdtscp lm constant_tsc arch_perfmon pebs bts rep_good nopl xtopology nonstop_tsc aperfmperf eagerfpu pni pclmulqdq dtes64 monitor ds_cpl vmx est tm2 ssse3 sdbg fma cx16 xtpr pdcm pcid sse4_1 sse4_2 movbe popcnt tsc_deadline_timer aes xsave avx f16c rdrand lahf_lm abm epb tpr_shadow vnmi flexpriority ept vpid fsgsbase tsc_adjust bmi1 avx2 smep bmi2 erms invpcid xsaveopt dtherm ida arat pln pts
bugs		:
bogomips	: 7001.15
clflush size	: 64
cache_alignment	: 64
address sizes	: 39 bits physical, 48 bits virtual
power management:



Memory: 4k page, physical 32887968k(23982432k free), swap 33488892k(33488892k free)

vm_info: OpenJDK 64-Bit Server VM (25.151-b12) for linux-amd64 JRE (1.8.0_151-8u151-b12-1~deb9u1-b12), built on Nov  1 2017 14:17:57 by "pbuilder" with gcc 6.3.0 20170516

time: Thu Nov 23 11:40:42 2017
elapsed time: 16 seconds (0d 0h 0m 16s)

