#
# A fatal error has been detected by the Java Runtime Environment:
#
#  SIGSEGV (0xb) at pc=0x00007f068699ff80, pid=10150, tid=0x00007f066f21a700
#
# JRE version: OpenJDK Runtime Environment (8.0_151-b12) (build 1.8.0_151-8u151-b12-1~deb9u1-b12)
# Java VM: OpenJDK 64-Bit Server VM (25.151-b12 mixed mode linux-amd64 compressed oops)
# Problematic frame:
# C  [libc.so.6+0x128f80]
#
# Failed to write core dump. Core dumps have been disabled. To enable core dumping, try "ulimit -c unlimited" before starting Java again
#
# If you would like to submit a bug report, please visit:
#   http://bugreport.java.com/bugreport/crash.jsp
#

---------------  T H R E A D  ---------------

Current thread (0x00007f0680021000):  GCTaskThread [stack: 0x00007f066f11a000,0x00007f066f21b000] [id=10156]

siginfo: si_signo: 11 (SIGSEGV), si_code: 2 (SEGV_ACCERR), si_addr: 0x00000007c552fe48

Registers:
RAX=0x00000005cc0863a8, RBX=0x000000077fed9da8, RCX=0x0000000008acac18, RDX=0x00000000456560c0
RSP=0x00007f066f219c98, RBP=0x00007f066f219d20, RSI=0x000000077fed9da8, RDI=0x00000005cc0863a8
R8 =0x0000000000000001, R9 =0x0000000008acac18, R10=0x0000000000000001, R11=0x0000000000000283
R12=0x0000000000000035, R13=0x00007f068007e000, R14=0x00000005cc0863a8, R15=0x00000005cc0863a8
RIP=0x00007f068699ff80, EFLAGS=0x0000000000010287, CSGSFS=0x002b000000000033, ERR=0x0000000000000004
  TRAPNO=0x000000000000000e

Top of Stack: (sp=0x00007f066f219c98)
0x00007f066f219c98:   00007f068626221b 00007f066f219d20
0x00007f066f219ca8:   00007f06862612ed 0000000000000000
0x00007f066f219cb8:   00007f0608acac18 00007f0608acac01
0x00007f066f219cc8:   0000000008acac18 000000000000002d
0x00007f066f219cd8:   000000077f339278 000000077fea8002
0x00007f066f219ce8:   4769d39d9e576700 00007f068007e000
0x00007f066f219cf8:   00007f068007e000 000000077f33e724
0x00007f066f219d08:   0000000000000001 0000000000000000
0x00007f066f219d18:   00007f06868329f0 00007f066f219d80
0x00007f066f219d28:   00007f0686261c48 00007f066f219d80
0x00007f066f219d38:   00007f068007e068 00000e24000006ec
0x00007f066f219d48:   4769d39d9e576700 00007f066fc9f300
0x00007f066f219d58:   0000000000000000 00007f066f219dbc
0x00007f066f219d68:   00007f066f219dc0 0000000000000000
0x00007f066f219d78:   00007f068007f000 00007f066f219e00
0x00007f066f219d88:   00007f0686266402 00007f06868329f0
0x00007f066f219d98:   000000077f33eb1c 00007f068007e000
0x00007f066f219da8:   00007f06142abd80 00007f06800205e0
0x00007f066f219db8:   6a4001ad800205e0 000000077fea8002
0x00007f066f219dc8:   4769d39d9e576700 00007f066f219e00
0x00007f066f219dd8:   0000000000000001 00007f06142abd80
0x00007f066f219de8:   00007f068641d5e3 00007f0680021000
0x00007f066f219df8:   00007f0686850748 00007f066f219f10
0x00007f066f219e08:   00007f0685edd5b2 00000000000003d8
0x00007f066f219e18:   00007f06800217d8 00007f0680021400
0x00007f066f219e28:   00007f066f219ea0 00007f06800213b0
0x00007f066f219e38:   00007f06800213f0 00007f066f219e58
0x00007f066f219e48:   0000000000000000 00007f06868565cc
0x00007f066f219e58:   0000000000000000 00007f0680021000
0x00007f066f219e68:   00007f06800217e0 00007f0680021820
0x00007f066f219e78:   00007f0680021830 00007f0680021908
0x00007f066f219e88:   00000000000000d8 00007f0680021a40 

Instructions: (pc=0x00007f068699ff80)
0x00007f068699ff60:   54 17 e0 c5 fe 7f 5c 17 c0 c5 f8 77 c3 48 39 f7
0x00007f068699ff70:   0f 87 ab 00 00 00 0f 84 e5 fe ff ff c5 fe 6f 26
0x00007f068699ff80:   c5 fe 6f 6c 16 e0 c5 fe 6f 74 16 c0 c5 fe 6f 7c
0x00007f068699ff90:   16 a0 c5 7e 6f 44 16 80 49 89 fb 48 8d 4c 17 e0 

Register to memory mapping:

RAX=
[error occurred during error reporting (printing register info), id 0xb]

Stack: [0x00007f066f11a000,0x00007f066f21b000],  sp=0x00007f066f219c98,  free space=1023k
Native frames: (J=compiled Java code, j=interpreted, Vv=VM code, C=native code)
C  [libc.so.6+0x128f80]
V  [libjvm.so+0x929c48]
V  [libjvm.so+0x92e402]
V  [libjvm.so+0x5a55b2]
V  [libjvm.so+0x8b8102]


---------------  P R O C E S S  ---------------

Java Threads: ( => current thread )
  0x00007f068000c000 JavaThread "DestroyJavaVM" [_thread_blocked, id=10151, stack(0x00007f0687561000,0x00007f0687662000)]
  0x00007f0680c01000 JavaThread "Animation Thread" [_thread_blocked, id=10208, stack(0x00007f05eeb4a000,0x00007f05eec4b000)]
  0x00007f05e8002800 JavaThread "Thread-1" daemon [_thread_in_native, id=10204, stack(0x00007f05eef4e000,0x00007f05ef74f000)]
  0x00007f0680bfe800 JavaThread "AWT-EventQueue-1" [_thread_blocked, id=10207, stack(0x00007f05eec4b000,0x00007f05eed4c000)]
  0x00007f0680bf7000 JavaThread "AWT-Shutdown" [_thread_blocked, id=10206, stack(0x00007f05eed4c000,0x00007f05eee4d000)]
  0x00007f0680bef000 JavaThread "Image Fetcher 0" daemon [_thread_blocked, id=10205, stack(0x00007f05eee4d000,0x00007f05eef4e000)]
  0x00007f0680b62800 JavaThread "process reaper" daemon [_thread_blocked, id=10203, stack(0x00007f0638096000,0x00007f06380cf000)]
  0x00007f0680b5b800 JavaThread "AWT-XAWT" daemon [_thread_blocked, id=10201, stack(0x00007f0610096000,0x00007f0610197000)]
  0x00007f0680b3c800 JavaThread "Java2D Disposer" daemon [_thread_blocked, id=10200, stack(0x00007f06380cf000,0x00007f06381d0000)]
  0x00007f060807c000 JavaThread "threadDeathWatcher-3-1" daemon [_thread_blocked, id=10199, stack(0x00007f066496a000,0x00007f0664a6b000)]
  0x00007f0680a84000 JavaThread "nioEventLoopGroup-2-1" [_thread_in_native, id=10198, stack(0x00007f06650a7000,0x00007f06651a8000)]
  0x00007f06800dd800 JavaThread "Service Thread" daemon [_thread_blocked, id=10172, stack(0x00007f066684f000,0x00007f0666950000)]
  0x00007f06800c1000 JavaThread "C1 CompilerThread3" daemon [_thread_blocked, id=10171, stack(0x00007f0666950000,0x00007f0666a51000)]
  0x00007f06800bc800 JavaThread "C2 CompilerThread2" daemon [_thread_blocked, id=10170, stack(0x00007f0666a51000,0x00007f0666b52000)]
  0x00007f06800ba800 JavaThread "C2 CompilerThread1" daemon [_thread_blocked, id=10169, stack(0x00007f0666b52000,0x00007f0666c53000)]
  0x00007f06800b7800 JavaThread "C2 CompilerThread0" daemon [_thread_blocked, id=10168, stack(0x00007f0666c53000,0x00007f0666d54000)]
  0x00007f06800b5800 JavaThread "Signal Dispatcher" daemon [_thread_blocked, id=10167, stack(0x00007f0666d54000,0x00007f0666e55000)]
  0x00007f068008d800 JavaThread "Finalizer" daemon [_thread_blocked, id=10166, stack(0x00007f0666ff0000,0x00007f06670f1000)]
  0x00007f0680089000 JavaThread "Reference Handler" daemon [_thread_blocked, id=10165, stack(0x00007f06670f1000,0x00007f06671f2000)]

Other Threads:
  0x00007f0680081800 VMThread [stack: 0x00007f06671f2000,0x00007f06672f3000] [id=10164]
  0x00007f06800e8800 WatcherThread [stack: 0x00007f066674e000,0x00007f066684f000] [id=10173]

=>0x00007f0680021000 (exited) GCTaskThread [stack: 0x00007f066f11a000,0x00007f066f21b000] [id=10156]

VM state:at safepoint (normal execution)

VM Mutex/Monitor currently owned by a thread:  ([mutex/lock_event])
[0x00007f0680007a20] ExpandHeap_lock - owner thread: 0x00007f0680022800
[0x00007f06800080a0] Threads_lock - owner thread: 0x00007f0680081800
[0x00007f06800085a0] Heap_lock - owner thread: 0x00007f0680c01000

Heap:
 PSYoungGen      total 1689600K, used 1679461K [0x0000000718b80000, 0x0000000780900000, 0x00000007c0000000)
  eden space 1678848K, 100% used [0x0000000718b80000,0x000000077f300000,0x000000077f300000)
  from space 10752K, 5% used [0x000000077fe80000,0x000000077ff19420,0x0000000780900000)
  to   space 11264K, 5% used [0x000000077f300000,0x000000077f392760,0x000000077fe00000)
 ParOldGen       total 1372160K, used 1168241K [0x00000005ca200000, 0x0000000663480000, 0x0000000718b80000)
  object space 1372160K, 85% used [0x00000005ca200000,0x00000006116dc468,0x000000061de00000)
 Metaspace       used 32158K, capacity 32632K, committed 33024K, reserved 1079296K
  class space    used 3620K, capacity 3744K, committed 3840K, reserved 1048576K

Card table byte_map: [0x00007f066fc90000,0x00007f0670c40000] byte_map_base: 0x00007f066ce3f000

Marking Bits: (ParMarkBitMap*) 0x00007f068685a2c0
 Begin Bits: [0x00007f0638510000, 0x00007f0640288000)
 End Bits:   [0x00007f0640288000, 0x00007f0648000000)

Polling page: 0x00007f068767f000

CodeCache: size=245760Kb used=10259Kb max_used=10259Kb free=235500Kb
 bounds [0x00007f0671000000, 0x00007f0671a10000, 0x00007f0680000000]
 total_blobs=3938 nmethods=3183 adapters=669
 compilation: enabled

Compilation events (10 events):
Event: 5.873 Thread 0x00007f06800c1000 3182       3       java.util.IdentityHashMap::get (60 bytes)
Event: 5.873 Thread 0x00007f06800c1000 nmethod 3182 0x00007f06719f1110 code [0x00007f06719f12c0, 0x00007f06719f1768]
Event: 5.873 Thread 0x00007f06800c1000 3183       3       com.fasterxml.jackson.databind.introspect.JacksonAnnotationIntrospector::findTypeResolver (8 bytes)
Event: 5.873 Thread 0x00007f06800c1000 nmethod 3183 0x00007f06719f0cd0 code [0x00007f06719f0e40, 0x00007f06719f1048]
Event: 5.878 Thread 0x00007f06800c1000 3184   !   3       sun.java2d.SunGraphics2D::copyImage (107 bytes)
Event: 5.878 Thread 0x00007f06800c1000 nmethod 3184 0x00007f0671a0bbd0 code [0x00007f0671a0bdc0, 0x00007f0671a0ca28]
Event: 5.878 Thread 0x00007f06800c1000 3185       3       sun.java2d.pipe.DrawImage::copyImage (91 bytes)
Event: 5.879 Thread 0x00007f06800c1000 nmethod 3185 0x00007f0671a0d110 code [0x00007f0671a0d2e0, 0x00007f0671a0db48]
Event: 5.882 Thread 0x00007f06800c1000 3186       3       grafica.GLayer::isId (9 bytes)
Event: 5.882 Thread 0x00007f06800c1000 nmethod 3186 0x00007f06719f0850 code [0x00007f06719f09c0, 0x00007f06719f0be8]

GC Heap History (10 events):
Event: 5.101 GC heap after
Heap after GC invocations=27 (full 1):
 PSYoungGen      total 1473024K, used 549K [0x0000000718b80000, 0x0000000773a00000, 0x00000007c0000000)
  eden space 1460736K, 0% used [0x0000000718b80000,0x0000000718b80000,0x0000000771e00000)
  from space 12288K, 4% used [0x0000000772e00000,0x0000000772e89588,0x0000000773a00000)
  to   space 14336K, 0% used [0x0000000771e00000,0x0000000771e00000,0x0000000772c00000)
 ParOldGen       total 235008K, used 31056K [0x00000005ca200000, 0x00000005d8780000, 0x0000000718b80000)
  object space 235008K, 13% used [0x00000005ca200000,0x00000005cc0543a8,0x00000005d8780000)
 Metaspace       used 31965K, capacity 32428K, committed 32768K, reserved 1079296K
  class space    used 3619K, capacity 3742K, committed 3840K, reserved 1048576K
}
Event: 5.262 GC heap before
{Heap before GC invocations=28 (full 1):
 PSYoungGen      total 1473024K, used 1461285K [0x0000000718b80000, 0x0000000773a00000, 0x00000007c0000000)
  eden space 1460736K, 100% used [0x0000000718b80000,0x0000000771e00000,0x0000000771e00000)
  from space 12288K, 4% used [0x0000000772e00000,0x0000000772e89588,0x0000000773a00000)
  to   space 14336K, 0% used [0x0000000771e00000,0x0000000771e00000,0x0000000772c00000)
 ParOldGen       total 235008K, used 31056K [0x00000005ca200000, 0x00000005d8780000, 0x0000000718b80000)
  object space 235008K, 13% used [0x00000005ca200000,0x00000005cc0543a8,0x00000005d8780000)
 Metaspace       used 31995K, capacity 32492K, committed 32768K, reserved 1079296K
  class space    used 3619K, capacity 3742K, committed 3840K, reserved 1048576K
Event: 5.263 GC heap after
Heap after GC invocations=28 (full 1):
 PSYoungGen      total 1475072K, used 532K [0x0000000718b80000, 0x0000000779f00000, 0x00000007c0000000)
  eden space 1460736K, 0% used [0x0000000718b80000,0x0000000718b80000,0x0000000771e00000)
  from space 14336K, 3% used [0x0000000771e00000,0x0000000771e85238,0x0000000772c00000)
  to   space 13824K, 0% used [0x0000000779180000,0x0000000779180000,0x0000000779f00000)
 ParOldGen       total 235008K, used 31104K [0x00000005ca200000, 0x00000005d8780000, 0x0000000718b80000)
  object space 235008K, 13% used [0x00000005ca200000,0x00000005cc0603a8,0x00000005d8780000)
 Metaspace       used 31995K, capacity 32492K, committed 32768K, reserved 1079296K
  class space    used 3619K, capacity 3742K, committed 3840K, reserved 1048576K
}
Event: 5.404 GC heap before
{Heap before GC invocations=29 (full 1):
 PSYoungGen      total 1475072K, used 1461268K [0x0000000718b80000, 0x0000000779f00000, 0x00000007c0000000)
  eden space 1460736K, 100% used [0x0000000718b80000,0x0000000771e00000,0x0000000771e00000)
  from space 14336K, 3% used [0x0000000771e00000,0x0000000771e85238,0x0000000772c00000)
  to   space 13824K, 0% used [0x0000000779180000,0x0000000779180000,0x0000000779f00000)
 ParOldGen       total 235008K, used 31104K [0x00000005ca200000, 0x00000005d8780000, 0x0000000718b80000)
  object space 235008K, 13% used [0x00000005ca200000,0x00000005cc0603a8,0x00000005d8780000)
 Metaspace       used 32057K, capacity 32504K, committed 32768K, reserved 1079296K
  class space    used 3620K, capacity 3744K, committed 3840K, reserved 1048576K
Event: 5.405 GC heap after
Heap after GC invocations=29 (full 1):
 PSYoungGen      total 1580032K, used 585K [0x0000000718b80000, 0x000000077a080000, 0x00000007c0000000)
  eden space 1566208K, 0% used [0x0000000718b80000,0x0000000718b80000,0x0000000778500000)
  from space 13824K, 4% used [0x0000000779180000,0x00000007792127f8,0x0000000779f00000)
  to   space 12800K, 0% used [0x0000000778500000,0x0000000778500000,0x0000000779180000)
 ParOldGen       total 235008K, used 31144K [0x00000005ca200000, 0x00000005d8780000, 0x0000000718b80000)
  object space 235008K, 13% used [0x00000005ca200000,0x00000005cc06a3a8,0x00000005d8780000)
 Metaspace       used 32057K, capacity 32504K, committed 32768K, reserved 1079296K
  class space    used 3620K, capacity 3744K, committed 3840K, reserved 1048576K
}
Event: 5.580 GC heap before
{Heap before GC invocations=30 (full 1):
 PSYoungGen      total 1580032K, used 1566793K [0x0000000718b80000, 0x000000077a080000, 0x00000007c0000000)
  eden space 1566208K, 100% used [0x0000000718b80000,0x0000000778500000,0x0000000778500000)
  from space 13824K, 4% used [0x0000000779180000,0x00000007792127f8,0x0000000779f00000)
  to   space 12800K, 0% used [0x0000000778500000,0x0000000778500000,0x0000000779180000)
 ParOldGen       total 235008K, used 31144K [0x00000005ca200000, 0x00000005d8780000, 0x0000000718b80000)
  object space 235008K, 13% used [0x00000005ca200000,0x00000005cc06a3a8,0x00000005d8780000)
 Metaspace       used 32095K, capacity 32568K, committed 32768K, reserved 1079296K
  class space    used 3620K, capacity 3744K, committed 3840K, reserved 1048576K
Event: 5.582 GC heap after
Heap after GC invocations=30 (full 1):
 PSYoungGen      total 1579008K, used 519K [0x0000000718b80000, 0x0000000780a80000, 0x00000007c0000000)
  eden space 1566208K, 0% used [0x0000000718b80000,0x0000000718b80000,0x0000000778500000)
  from space 12800K, 4% used [0x0000000778500000,0x0000000778581f98,0x0000000779180000)
  to   space 12288K, 0% used [0x000000077fe80000,0x000000077fe80000,0x0000000780a80000)
 ParOldGen       total 235008K, used 31176K [0x00000005ca200000, 0x00000005d8780000, 0x0000000718b80000)
  object space 235008K, 13% used [0x00000005ca200000,0x00000005cc0723a8,0x00000005d8780000)
 Metaspace       used 32095K, capacity 32568K, committed 32768K, reserved 1079296K
  class space    used 3620K, capacity 3744K, committed 3840K, reserved 1048576K
}
Event: 5.736 GC heap before
{Heap before GC invocations=31 (full 1):
 PSYoungGen      total 1579008K, used 1566727K [0x0000000718b80000, 0x0000000780a80000, 0x00000007c0000000)
  eden space 1566208K, 100% used [0x0000000718b80000,0x0000000778500000,0x0000000778500000)
  from space 12800K, 4% used [0x0000000778500000,0x0000000778581f98,0x0000000779180000)
  to   space 12288K, 0% used [0x000000077fe80000,0x000000077fe80000,0x0000000780a80000)
 ParOldGen       total 235008K, used 31176K [0x00000005ca200000, 0x00000005d8780000, 0x0000000718b80000)
  object space 235008K, 13% used [0x00000005ca200000,0x00000005cc0723a8,0x00000005d8780000)
 Metaspace       used 32125K, capacity 32568K, committed 32768K, reserved 1079296K
  class space    used 3620K, capacity 3744K, committed 3840K, reserved 1048576K
Event: 5.737 GC heap after
Heap after GC invocations=31 (full 1):
 PSYoungGen      total 1689600K, used 613K [0x0000000718b80000, 0x0000000780900000, 0x00000007c0000000)
  eden space 1678848K, 0% used [0x0000000718b80000,0x0000000718b80000,0x000000077f300000)
  from space 10752K, 5% used [0x000000077fe80000,0x000000077ff19420,0x0000000780900000)
  to   space 11264K, 0% used [0x000000077f300000,0x000000077f300000,0x000000077fe00000)
 ParOldGen       total 235008K, used 31216K [0x00000005ca200000, 0x00000005d8780000, 0x0000000718b80000)
  object space 235008K, 13% used [0x00000005ca200000,0x00000005cc07c3a8,0x00000005d8780000)
 Metaspace       used 32125K, capacity 32568K, committed 32768K, reserved 1079296K
  class space    used 3620K, capacity 3744K, committed 3840K, reserved 1048576K
}
Event: 5.933 GC heap before
{Heap before GC invocations=32 (full 1):
 PSYoungGen      total 1689600K, used 1679461K [0x0000000718b80000, 0x0000000780900000, 0x00000007c0000000)
  eden space 1678848K, 100% used [0x0000000718b80000,0x000000077f300000,0x000000077f300000)
  from space 10752K, 5% used [0x000000077fe80000,0x000000077ff19420,0x0000000780900000)
  to   space 11264K, 0% used [0x000000077f300000,0x000000077f300000,0x000000077fe00000)
 ParOldGen       total 235008K, used 31216K [0x00000005ca200000, 0x00000005d8780000, 0x0000000718b80000)
  object space 235008K, 13% used [0x00000005ca200000,0x00000005cc07c3a8,0x00000005d8780000)
 Metaspace       used 32158K, capacity 32632K, committed 33024K, reserved 1079296K
  class space    used 3620K, capacity 3744K, committed 3840K, reserved 1048576K

Deoptimization events (10 events):
Event: 1.662 Thread 0x00007f0680c01000 Uncommon trap: reason=bimorphic action=maybe_recompile pc=0x00007f0671474ba4 method=java.io.DataInputStream.readInt()I @ 4
Event: 1.662 Thread 0x00007f0680c01000 Uncommon trap: reason=bimorphic action=maybe_recompile pc=0x00007f0671474ba4 method=java.io.DataInputStream.readInt()I @ 4
Event: 1.662 Thread 0x00007f0680c01000 Uncommon trap: reason=bimorphic action=maybe_recompile pc=0x00007f0671474ba4 method=java.io.DataInputStream.readInt()I @ 4
Event: 1.662 Thread 0x00007f0680c01000 Uncommon trap: reason=bimorphic action=maybe_recompile pc=0x00007f067146a300 method=java.io.DataInputStream.readChar()C @ 4
Event: 1.662 Thread 0x00007f0680c01000 Uncommon trap: reason=bimorphic action=maybe_recompile pc=0x00007f067146a300 method=java.io.DataInputStream.readChar()C @ 4
Event: 1.662 Thread 0x00007f0680c01000 Uncommon trap: reason=bimorphic action=maybe_recompile pc=0x00007f067146a300 method=java.io.DataInputStream.readChar()C @ 4
Event: 1.662 Thread 0x00007f0680c01000 Uncommon trap: reason=bimorphic action=maybe_recompile pc=0x00007f067146a300 method=java.io.DataInputStream.readChar()C @ 4
Event: 2.829 Thread 0x00007f0680c01000 Uncommon trap: reason=unstable_if action=reinterpret pc=0x00007f06716fec6c method=sun.java2d.pisces.Renderer.addLine(FFFF)V @ 137
Event: 2.829 Thread 0x00007f0680c01000 Uncommon trap: reason=unstable_if action=reinterpret pc=0x00007f06716f9f84 method=sun.java2d.pisces.Renderer.addLine(FFFF)V @ 137
Event: 5.273 Thread 0x00007f0680c01000 Uncommon trap: reason=unstable_if action=reinterpret pc=0x00007f067177efc4 method=processing.core.PGraphics.ellipse(FFFF)V @ 95

Internal exceptions (10 events):
Event: 0.610 Thread 0x00007f068000c000 Exception <a 'java/lang/UnsatisfiedLinkError': io.netty.internal.tcnative.Library.aprMajorVersion()I> (0x000000071d414c70) thrown at [/build/openjdk-8-8u151-b12/src/hotspot/src/share/vm/prims/nativeLookup.cpp, line 378]
Event: 1.067 Thread 0x00007f0680a84000 Exception <a 'java/lang/ArrayIndexOutOfBoundsException': 128> (0x0000000719ea68b8) thrown at [/build/openjdk-8-8u151-b12/src/hotspot/src/share/vm/interpreter/interpreterRuntime.cpp, line 366]
Event: 1.151 Thread 0x00007f068000c000 Exception <a 'java/io/FileNotFoundException'> (0x000000071a9875a0) thrown at [/build/openjdk-8-8u151-b12/src/hotspot/src/share/vm/prims/jni.cpp, line 709]
Event: 1.159 Thread 0x00007f068000c000 Exception <a 'java/lang/ClassNotFoundException': sun/dc/DuctusRenderingEngine> (0x000000071a9ba688) thrown at [/build/openjdk-8-8u151-b12/src/hotspot/src/share/vm/classfile/systemDictionary.cpp, line 210]
Event: 1.513 Thread 0x00007f068000c000 Implicit null exception at 0x00007f06712227f5 to 0x00007f0671222bb5
Event: 1.515 Thread 0x00007f068000c000 Implicit null exception at 0x00007f06711db436 to 0x00007f06711db7f5
Event: 1.517 Thread 0x00007f068000c000 Implicit null exception at 0x00007f06712c8cb5 to 0x00007f06712c8ec5
Event: 1.517 Thread 0x00007f068000c000 Implicit null exception at 0x00007f067139b33b to 0x00007f067139b7f5
Event: 1.518 Thread 0x00007f068000c000 Implicit null exception at 0x00007f067121d36f to 0x00007f067121d3d9
Event: 1.646 Thread 0x00007f0680bfe800 Exception <a 'java/lang/UnsupportedOperationException': > (0x000000071b5c2490) thrown at [/build/openjdk-8-8u151-b12/src/hotspot/src/share/vm/prims/jni.cpp, line 735]

Events (10 events):
Event: 5.273 Thread 0x00007f0680c01000 Uncommon trap: trap_request=0xffffff65 fr.pc=0x00007f067177efc4
Event: 5.273 Thread 0x00007f0680c01000 DEOPT PACKING pc=0x00007f067177efc4 sp=0x00007f05eec494d0
Event: 5.273 Thread 0x00007f0680c01000 DEOPT UNPACKING pc=0x00007f0671004f69 sp=0x00007f05eec49468 mode 2
Event: 5.404 Executing VM operation: ParallelGCFailedAllocation
Event: 5.405 Executing VM operation: ParallelGCFailedAllocation done
Event: 5.580 Executing VM operation: ParallelGCFailedAllocation
Event: 5.582 Executing VM operation: ParallelGCFailedAllocation done
Event: 5.736 Executing VM operation: ParallelGCFailedAllocation
Event: 5.738 Executing VM operation: ParallelGCFailedAllocation done
Event: 5.933 Executing VM operation: ParallelGCFailedAllocation


Dynamic libraries:
5ca200000-6a8b00000 rw-p 00000000 00:00 0 
6a8b00000-718b80000 ---p 00000000 00:00 0 
718b80000-780900000 rw-p 00000000 00:00 0 
780900000-7c0000000 ---p 00000000 00:00 0 
7c0000000-7c03c0000 rw-p 00000000 00:00 0 
7c03c0000-800000000 ---p 00000000 00:00 0 
555f43ffe000-555f43fff000 r-xp 00000000 08:01 6161625                    /usr/lib/jvm/java-8-openjdk-amd64/jre/bin/java
555f441fe000-555f441ff000 r--p 00000000 08:01 6161625                    /usr/lib/jvm/java-8-openjdk-amd64/jre/bin/java
555f441ff000-555f44200000 rw-p 00001000 08:01 6161625                    /usr/lib/jvm/java-8-openjdk-amd64/jre/bin/java
555f454f5000-555f45516000 rw-p 00000000 00:00 0                          [heap]
7f05d8000000-7f05d8191000 rw-p 00000000 00:00 0 
7f05d8191000-7f05dc000000 ---p 00000000 00:00 0 
7f05dc000000-7f05dc08d000 rw-p 00000000 00:00 0 
7f05dc08d000-7f05e0000000 ---p 00000000 00:00 0 
7f05e0000000-7f05e0057000 rw-p 00000000 00:00 0 
7f05e0057000-7f05e4000000 ---p 00000000 00:00 0 
7f05e4000000-7f05e4021000 rw-p 00000000 00:00 0 
7f05e4021000-7f05e8000000 ---p 00000000 00:00 0 
7f05e8000000-7f05e8021000 rw-p 00000000 00:00 0 
7f05e8021000-7f05ec000000 ---p 00000000 00:00 0 
7f05ee3c6000-7f05ee446000 rw-p 00000000 00:00 0 
7f05ee446000-7f05ee5c6000 ---p 00000000 00:00 0 
7f05ee5c6000-7f05ee94a000 rw-s 00000000 00:05 1506869256                 /SYSV00000000 (deleted)
7f05ee94a000-7f05eeb4a000 rw-p 00000000 00:00 0 
7f05eeb4a000-7f05eeb4d000 ---p 00000000 00:00 0 
7f05eeb4d000-7f05eec4b000 rw-p 00000000 00:00 0 
7f05eec4b000-7f05eec4e000 ---p 00000000 00:00 0 
7f05eec4e000-7f05eed4c000 rw-p 00000000 00:00 0 
7f05eed4c000-7f05eed4f000 ---p 00000000 00:00 0 
7f05eed4f000-7f05eee4d000 rw-p 00000000 00:00 0 
7f05eee4d000-7f05eee50000 ---p 00000000 00:00 0 
7f05eee50000-7f05eef4e000 rw-p 00000000 00:00 0 
7f05eef4e000-7f05eef51000 ---p 00000000 00:00 0 
7f05eef51000-7f05ef94f000 rw-p 00000000 00:00 0 
7f05ef94f000-7f05ef953000 r-xp 00000000 08:01 7077985                    /lib/x86_64-linux-gnu/libuuid.so.1.3.0
7f05ef953000-7f05efb52000 ---p 00004000 08:01 7077985                    /lib/x86_64-linux-gnu/libuuid.so.1.3.0
7f05efb52000-7f05efb53000 r--p 00003000 08:01 7077985                    /lib/x86_64-linux-gnu/libuuid.so.1.3.0
7f05efb53000-7f05efb54000 rw-p 00004000 08:01 7077985                    /lib/x86_64-linux-gnu/libuuid.so.1.3.0
7f05efb54000-7f05efb7f000 r-xp 00000000 08:01 5513175                    /usr/lib/x86_64-linux-gnu/libgraphite2.so.3.0.1
7f05efb7f000-7f05efd7e000 ---p 0002b000 08:01 5513175                    /usr/lib/x86_64-linux-gnu/libgraphite2.so.3.0.1
7f05efd7e000-7f05efd80000 r--p 0002a000 08:01 5513175                    /usr/lib/x86_64-linux-gnu/libgraphite2.so.3.0.1
7f05efd80000-7f05efd81000 rw-p 0002c000 08:01 5513175                    /usr/lib/x86_64-linux-gnu/libgraphite2.so.3.0.1
7f05efd81000-7f05efdc2000 r-xp 00000000 08:01 7077967                    /lib/x86_64-linux-gnu/libblkid.so.1.1.0
7f05efdc2000-7f05effc1000 ---p 00041000 08:01 7077967                    /lib/x86_64-linux-gnu/libblkid.so.1.1.0
7f05effc1000-7f05effc5000 r--p 00040000 08:01 7077967                    /lib/x86_64-linux-gnu/libblkid.so.1.1.0
7f05effc5000-7f05effc6000 rw-p 00044000 08:01 7077967                    /lib/x86_64-linux-gnu/libblkid.so.1.1.0
7f05effc6000-7f05effc7000 rw-p 00000000 00:00 0 
7f05effc7000-7f05effda000 r-xp 00000000 08:01 7077938                    /lib/x86_64-linux-gnu/libgpg-error.so.0.21.0
7f05effda000-7f05f01d9000 ---p 00013000 08:01 7077938                    /lib/x86_64-linux-gnu/libgpg-error.so.0.21.0
7f05f01d9000-7f05f01da000 r--p 00012000 08:01 7077938                    /lib/x86_64-linux-gnu/libgpg-error.so.0.21.0
7f05f01da000-7f05f01db000 rw-p 00013000 08:01 7077938                    /lib/x86_64-linux-gnu/libgpg-error.so.0.21.0
7f05f01db000-7f05f01e2000 r-xp 00000000 08:01 5513169                    /usr/lib/x86_64-linux-gnu/libdatrie.so.1.3.3
7f05f01e2000-7f05f03e1000 ---p 00007000 08:01 5513169                    /usr/lib/x86_64-linux-gnu/libdatrie.so.1.3.3
7f05f03e1000-7f05f03e2000 r--p 00006000 08:01 5513169                    /usr/lib/x86_64-linux-gnu/libdatrie.so.1.3.3
7f05f03e2000-7f05f03e3000 rw-p 00007000 08:01 5513169                    /usr/lib/x86_64-linux-gnu/libdatrie.so.1.3.3
7f05f03e3000-7f05f0476000 r-xp 00000000 08:01 5513179                    /usr/lib/x86_64-linux-gnu/libharfbuzz.so.0.10400.2
7f05f0476000-7f05f0675000 ---p 00093000 08:01 5513179                    /usr/lib/x86_64-linux-gnu/libharfbuzz.so.0.10400.2
7f05f0675000-7f05f0677000 r--p 00092000 08:01 5513179                    /usr/lib/x86_64-linux-gnu/libharfbuzz.so.0.10400.2
7f05f0677000-7f05f0678000 rw-p 00094000 08:01 5513179                    /usr/lib/x86_64-linux-gnu/libharfbuzz.so.0.10400.2
7f05f0678000-7f05f069f000 r-xp 00000000 08:01 7078523                    /lib/x86_64-linux-gnu/libexpat.so.1.6.2
7f05f069f000-7f05f089f000 ---p 00027000 08:01 7078523                    /lib/x86_64-linux-gnu/libexpat.so.1.6.2
7f05f089f000-7f05f08a1000 r--p 00027000 08:01 7078523                    /lib/x86_64-linux-gnu/libexpat.so.1.6.2
7f05f08a1000-7f05f08a2000 rw-p 00029000 08:01 7078523                    /lib/x86_64-linux-gnu/libexpat.so.1.6.2
7f05f08a2000-7f05f08ec000 r-xp 00000000 08:01 7077973                    /lib/x86_64-linux-gnu/libmount.so.1.1.0
7f05f08ec000-7f05f0aec000 ---p 0004a000 08:01 7077973                    /lib/x86_64-linux-gnu/libmount.so.1.1.0
7f05f0aec000-7f05f0aed000 r--p 0004a000 08:01 7077973                    /lib/x86_64-linux-gnu/libmount.so.1.1.0
7f05f0aed000-7f05f0aee000 rw-p 0004b000 08:01 7077973                    /lib/x86_64-linux-gnu/libmount.so.1.1.0
7f05f0aee000-7f05f0af0000 rw-p 00000000 00:00 0 
7f05f0af0000-7f05f0bf7000 r-xp 00000000 08:01 7081100                    /lib/x86_64-linux-gnu/libgcrypt.so.20.1.6
7f05f0bf7000-7f05f0df7000 ---p 00107000 08:01 7081100                    /lib/x86_64-linux-gnu/libgcrypt.so.20.1.6
7f05f0df7000-7f05f0df9000 r--p 00107000 08:01 7081100                    /lib/x86_64-linux-gnu/libgcrypt.so.20.1.6
7f05f0df9000-7f05f0e00000 rw-p 00109000 08:01 7081100                    /lib/x86_64-linux-gnu/libgcrypt.so.20.1.6
7f05f0e00000-7f05f0e11000 r-xp 00000000 08:01 5505948                    /usr/lib/x86_64-linux-gnu/liblz4.so.1.7.1
7f05f0e11000-7f05f1010000 ---p 00011000 08:01 5505948                    /usr/lib/x86_64-linux-gnu/liblz4.so.1.7.1
7f05f1010000-7f05f1011000 r--p 00010000 08:01 5505948                    /usr/lib/x86_64-linux-gnu/liblz4.so.1.7.1
7f05f1011000-7f05f1012000 rw-p 00011000 08:01 5505948                    /usr/lib/x86_64-linux-gnu/liblz4.so.1.7.1
7f05f1012000-7f05f1037000 r-xp 00000000 08:01 7077933                    /lib/x86_64-linux-gnu/liblzma.so.5.2.2
7f05f1037000-7f05f1236000 ---p 00025000 08:01 7077933                    /lib/x86_64-linux-gnu/liblzma.so.5.2.2
7f05f1236000-7f05f1237000 r--p 00024000 08:01 7077933                    /lib/x86_64-linux-gnu/liblzma.so.5.2.2
7f05f1237000-7f05f1238000 rw-p 00025000 08:01 7077933                    /lib/x86_64-linux-gnu/liblzma.so.5.2.2
7f05f1238000-7f05f125d000 r-xp 00000000 08:01 7078001                    /lib/x86_64-linux-gnu/libselinux.so.1
7f05f125d000-7f05f145c000 ---p 00025000 08:01 7078001                    /lib/x86_64-linux-gnu/libselinux.so.1
7f05f145c000-7f05f145d000 r--p 00024000 08:01 7078001                    /lib/x86_64-linux-gnu/libselinux.so.1
7f05f145d000-7f05f145e000 rw-p 00025000 08:01 7078001                    /lib/x86_64-linux-gnu/libselinux.so.1
7f05f145e000-7f05f1460000 rw-p 00000000 00:00 0 
7f05f1460000-7f05f14d2000 r-xp 00000000 08:01 7077925                    /lib/x86_64-linux-gnu/libpcre.so.3.13.3
7f05f14d2000-7f05f16d1000 ---p 00072000 08:01 7077925                    /lib/x86_64-linux-gnu/libpcre.so.3.13.3
7f05f16d1000-7f05f16d2000 r--p 00071000 08:01 7077925                    /lib/x86_64-linux-gnu/libpcre.so.3.13.3
7f05f16d2000-7f05f16d3000 rw-p 00072000 08:01 7077925                    /lib/x86_64-linux-gnu/libpcre.so.3.13.3
7f05f16d3000-7f05f16da000 r-xp 00000000 08:01 5509383                    /usr/lib/x86_64-linux-gnu/libffi.so.6.0.4
7f05f16da000-7f05f18da000 ---p 00007000 08:01 5509383                    /usr/lib/x86_64-linux-gnu/libffi.so.6.0.4
7f05f18da000-7f05f18db000 r--p 00007000 08:01 5509383                    /usr/lib/x86_64-linux-gnu/libffi.so.6.0.4
7f05f18db000-7f05f18dc000 rw-p 00008000 08:01 5509383                    /usr/lib/x86_64-linux-gnu/libffi.so.6.0.4
7f05f18dc000-7f05f18e8000 r-xp 00000000 08:01 5513143                    /usr/lib/x86_64-linux-gnu/libxcb-render.so.0.0.0
7f05f18e8000-7f05f1ae8000 ---p 0000c000 08:01 5513143                    /usr/lib/x86_64-linux-gnu/libxcb-render.so.0.0.0
7f05f1ae8000-7f05f1ae9000 r--p 0000c000 08:01 5513143                    /usr/lib/x86_64-linux-gnu/libxcb-render.so.0.0.0
7f05f1ae9000-7f05f1aea000 rw-p 0000d000 08:01 5513143                    /usr/lib/x86_64-linux-gnu/libxcb-render.so.0.0.0
7f05f1aea000-7f05f1aec000 r-xp 00000000 08:01 5513145                    /usr/lib/x86_64-linux-gnu/libxcb-shm.so.0.0.0
7f05f1aec000-7f05f1cec000 ---p 00002000 08:01 5513145                    /usr/lib/x86_64-linux-gnu/libxcb-shm.so.0.0.0
7f05f1cec000-7f05f1ced000 r--p 00002000 08:01 5513145                    /usr/lib/x86_64-linux-gnu/libxcb-shm.so.0.0.0
7f05f1ced000-7f05f1cee000 rw-p 00003000 08:01 5513145                    /usr/lib/x86_64-linux-gnu/libxcb-shm.so.0.0.0
7f05f1cee000-7f05f1d8c000 r-xp 00000000 08:01 5513140                    /usr/lib/x86_64-linux-gnu/libpixman-1.so.0.34.0
7f05f1d8c000-7f05f1f8c000 ---p 0009e000 08:01 5513140                    /usr/lib/x86_64-linux-gnu/libpixman-1.so.0.34.0
7f05f1f8c000-7f05f1f94000 r--p 0009e000 08:01 5513140                    /usr/lib/x86_64-linux-gnu/libpixman-1.so.0.34.0
7f05f1f94000-7f05f1f95000 rw-p 000a6000 08:01 5513140                    /usr/lib/x86_64-linux-gnu/libpixman-1.so.0.34.0
7f05f1f95000-7f05f1f9d000 r-xp 00000000 08:01 5513171                    /usr/lib/x86_64-linux-gnu/libthai.so.0.3.0
7f05f1f9d000-7f05f219d000 ---p 00008000 08:01 5513171                    /usr/lib/x86_64-linux-gnu/libthai.so.0.3.0
7f05f219d000-7f05f219e000 r--p 00008000 08:01 5513171                    /usr/lib/x86_64-linux-gnu/libthai.so.0.3.0
7f05f219e000-7f05f219f000 rw-p 00009000 08:01 5513171                    /usr/lib/x86_64-linux-gnu/libthai.so.0.3.0
7f05f219f000-7f05f21b3000 r-xp 00000000 08:01 5513181                    /usr/lib/x86_64-linux-gnu/libpangoft2-1.0.so.0.4000.5
7f05f21b3000-7f05f23b3000 ---p 00014000 08:01 5513181                    /usr/lib/x86_64-linux-gnu/libpangoft2-1.0.so.0.4000.5
7f05f23b3000-7f05f23b4000 r--p 00014000 08:01 5513181                    /usr/lib/x86_64-linux-gnu/libpangoft2-1.0.so.0.4000.5
7f05f23b4000-7f05f23b5000 rw-p 00015000 08:01 5513181                    /usr/lib/x86_64-linux-gnu/libpangoft2-1.0.so.0.4000.5
7f05f23b5000-7f05f249e000 r-xp 00000000 08:01 5514878                    /usr/lib/x86_64-linux-gnu/libepoxy.so.0.0.0
7f05f249e000-7f05f269d000 ---p 000e9000 08:01 5514878                    /usr/lib/x86_64-linux-gnu/libepoxy.so.0.0.0
7f05f269d000-7f05f26a4000 r--p 000e8000 08:01 5514878                    /usr/lib/x86_64-linux-gnu/libepoxy.so.0.0.0
7f05f26a4000-7f05f26ab000 rw-p 000ef000 08:01 5514878                    /usr/lib/x86_64-linux-gnu/libepoxy.so.0.0.0
7f05f26ab000-7f05f26b8000 r-xp 00000000 08:01 5514935                    /usr/lib/x86_64-linux-gnu/libwayland-client.so.0.3.0
7f05f26b8000-7f05f28b7000 ---p 0000d000 08:01 5514935                    /usr/lib/x86_64-linux-gnu/libwayland-client.so.0.3.0
7f05f28b7000-7f05f28b9000 r--p 0000c000 08:01 5514935                    /usr/lib/x86_64-linux-gnu/libwayland-client.so.0.3.0
7f05f28b9000-7f05f28ba000 rw-p 0000e000 08:01 5514935                    /usr/lib/x86_64-linux-gnu/libwayland-client.so.0.3.0
7f05f28ba000-7f05f28bb000 r-xp 00000000 08:01 5514949                    /usr/lib/x86_64-linux-gnu/libwayland-egl.so.1.0.0
7f05f28bb000-7f05f2aba000 ---p 00001000 08:01 5514949                    /usr/lib/x86_64-linux-gnu/libwayland-egl.so.1.0.0
7f05f2aba000-7f05f2abb000 r--p 00000000 08:01 5514949                    /usr/lib/x86_64-linux-gnu/libwayland-egl.so.1.0.0
7f05f2abb000-7f05f2abc000 rw-p 00001000 08:01 5514949                    /usr/lib/x86_64-linux-gnu/libwayland-egl.so.1.0.0
7f05f2abc000-7f05f2ac0000 r-xp 00000000 08:01 5514937                    /usr/lib/x86_64-linux-gnu/libwayland-cursor.so.0.0.0
7f05f2ac0000-7f05f2cbf000 ---p 00004000 08:01 5514937                    /usr/lib/x86_64-linux-gnu/libwayland-cursor.so.0.0.0
7f05f2cbf000-7f05f2cc0000 r--p 00003000 08:01 5514937                    /usr/lib/x86_64-linux-gnu/libwayland-cursor.so.0.0.0
7f05f2cc0000-7f05f2cc4000 rw-p 00004000 08:01 5514937                    /usr/lib/x86_64-linux-gnu/libwayland-cursor.so.0.0.0
7f05f2cc4000-7f05f2d02000 r-xp 00000000 08:01 5514958                    /usr/lib/x86_64-linux-gnu/libxkbcommon.so.0.0.0
7f05f2d02000-7f05f2f01000 ---p 0003e000 08:01 5514958                    /usr/lib/x86_64-linux-gnu/libxkbcommon.so.0.0.0
7f05f2f01000-7f05f2f03000 r--p 0003d000 08:01 5514958                    /usr/lib/x86_64-linux-gnu/libxkbcommon.so.0.0.0
7f05f2f03000-7f05f2f04000 rw-p 0003f000 08:01 5514958                    /usr/lib/x86_64-linux-gnu/libxkbcommon.so.0.0.0
7f05f2f04000-7f05f2f06000 r-xp 00000000 08:01 5513683                    /usr/lib/x86_64-linux-gnu/libXdamage.so.1.1.0
7f05f2f06000-7f05f3105000 ---p 00002000 08:01 5513683                    /usr/lib/x86_64-linux-gnu/libXdamage.so.1.1.0
7f05f3105000-7f05f3106000 r--p 00001000 08:01 5513683                    /usr/lib/x86_64-linux-gnu/libXdamage.so.1.1.0
7f05f3106000-7f05f3107000 rw-p 00002000 08:01 5513683                    /usr/lib/x86_64-linux-gnu/libXdamage.so.1.1.0
7f05f3107000-7f05f3109000 r-xp 00000000 08:01 5514952                    /usr/lib/x86_64-linux-gnu/libXcomposite.so.1.0.0
7f05f3109000-7f05f3308000 ---p 00002000 08:01 5514952                    /usr/lib/x86_64-linux-gnu/libXcomposite.so.1.0.0
7f05f3308000-7f05f3309000 r--p 00001000 08:01 5514952                    /usr/lib/x86_64-linux-gnu/libXcomposite.so.1.0.0
7f05f3309000-7f05f330a000 rw-p 00002000 08:01 5514952                    /usr/lib/x86_64-linux-gnu/libXcomposite.so.1.0.0
7f05f330a000-7f05f3314000 r-xp 00000000 08:01 5512639                    /usr/lib/x86_64-linux-gnu/libXrandr.so.2.2.0
7f05f3314000-7f05f3513000 ---p 0000a000 08:01 5512639                    /usr/lib/x86_64-linux-gnu/libXrandr.so.2.2.0
7f05f3513000-7f05f3514000 r--p 00009000 08:01 5512639                    /usr/lib/x86_64-linux-gnu/libXrandr.so.2.2.0
7f05f3514000-7f05f3515000 rw-p 0000a000 08:01 5512639                    /usr/lib/x86_64-linux-gnu/libXrandr.so.2.2.0
7f05f3515000-7f05f3517000 r-xp 00000000 08:01 5512635                    /usr/lib/x86_64-linux-gnu/libXinerama.so.1.0.0
7f05f3517000-7f05f3716000 ---p 00002000 08:01 5512635                    /usr/lib/x86_64-linux-gnu/libXinerama.so.1.0.0
7f05f3716000-7f05f3717000 r--p 00001000 08:01 5512635                    /usr/lib/x86_64-linux-gnu/libXinerama.so.1.0.0
7f05f3717000-7f05f3718000 rw-p 00002000 08:01 5512635                    /usr/lib/x86_64-linux-gnu/libXinerama.so.1.0.0
7f05f3718000-7f05f3754000 r-xp 00000000 08:01 5513138                    /usr/lib/x86_64-linux-gnu/libfontconfig.so.1.8.0
7f05f3754000-7f05f3953000 ---p 0003c000 08:01 5513138                    /usr/lib/x86_64-linux-gnu/libfontconfig.so.1.8.0
7f05f3953000-7f05f3955000 r--p 0003b000 08:01 5513138                    /usr/lib/x86_64-linux-gnu/libfontconfig.so.1.8.0
7f05f3955000-7f05f3956000 rw-p 0003d000 08:01 5513138                    /usr/lib/x86_64-linux-gnu/libfontconfig.so.1.8.0
7f05f3956000-7f05f3ae3000 r-xp 00000000 08:01 5512954                    /usr/lib/x86_64-linux-gnu/libgio-2.0.so.0.5000.3
7f05f3ae3000-7f05f3ce3000 ---p 0018d000 08:01 5512954                    /usr/lib/x86_64-linux-gnu/libgio-2.0.so.0.5000.3
7f05f3ce3000-7f05f3ce8000 r--p 0018d000 08:01 5512954                    /usr/lib/x86_64-linux-gnu/libgio-2.0.so.0.5000.3
7f05f3ce8000-7f05f3ceb000 rw-p 00192000 08:01 5512954                    /usr/lib/x86_64-linux-gnu/libgio-2.0.so.0.5000.3
7f05f3ceb000-7f05f3cec000 rw-p 00000000 00:00 0 
7f05f3cec000-7f05f3dfe000 r-xp 00000000 08:01 7078562                    /lib/x86_64-linux-gnu/libglib-2.0.so.0.5000.3
7f05f3dfe000-7f05f3ffd000 ---p 00112000 08:01 7078562                    /lib/x86_64-linux-gnu/libglib-2.0.so.0.5000.3
7f05f3ffd000-7f05f3ffe000 r--p 00111000 08:01 7078562                    /lib/x86_64-linux-gnu/libglib-2.0.so.0.5000.3
7f05f3ffe000-7f05f3fff000 rw-p 00112000 08:01 7078562                    /lib/x86_64-linux-gnu/libglib-2.0.so.0.5000.3
7f05f3fff000-7f05f4000000 rw-p 00000000 00:00 0 
7f05f4000000-7f05f4021000 rw-p 00000000 00:00 0 
7f05f4021000-7f05f8000000 ---p 00000000 00:00 0 
7f05f8000000-7f05f8021000 rw-p 00000000 00:00 0 
7f05f8021000-7f05fc000000 ---p 00000000 00:00 0 
7f05fc000000-7f05fc021000 rw-p 00000000 00:00 0 
7f05fc021000-7f0600000000 ---p 00000000 00:00 0 
7f0600000000-7f0600021000 rw-p 00000000 00:00 0 
7f0600021000-7f0604000000 ---p 00000000 00:00 0 
7f060402c000-7f060402f000 r-xp 00000000 08:01 5512955                    /usr/lib/x86_64-linux-gnu/libgmodule-2.0.so.0.5000.3
7f060402f000-7f060422e000 ---p 00003000 08:01 5512955                    /usr/lib/x86_64-linux-gnu/libgmodule-2.0.so.0.5000.3
7f060422e000-7f060422f000 r--p 00002000 08:01 5512955                    /usr/lib/x86_64-linux-gnu/libgmodule-2.0.so.0.5000.3
7f060422f000-7f0604230000 rw-p 00003000 08:01 5512955                    /usr/lib/x86_64-linux-gnu/libgmodule-2.0.so.0.5000.3
7f0604230000-7f0604282000 r-xp 00000000 08:01 5512956                    /usr/lib/x86_64-linux-gnu/libgobject-2.0.so.0.5000.3
7f0604282000-7f0604481000 ---p 00052000 08:01 5512956                    /usr/lib/x86_64-linux-gnu/libgobject-2.0.so.0.5000.3
7f0604481000-7f0604482000 r--p 00051000 08:01 5512956                    /usr/lib/x86_64-linux-gnu/libgobject-2.0.so.0.5000.3
7f0604482000-7f0604483000 rw-p 00052000 08:01 5512956                    /usr/lib/x86_64-linux-gnu/libgobject-2.0.so.0.5000.3
7f0604483000-7f0604591000 r-xp 00000000 08:01 5513147                    /usr/lib/x86_64-linux-gnu/libcairo.so.2.11400.8
7f0604591000-7f0604791000 ---p 0010e000 08:01 5513147                    /usr/lib/x86_64-linux-gnu/libcairo.so.2.11400.8
7f0604791000-7f0604794000 r--p 0010e000 08:01 5513147                    /usr/lib/x86_64-linux-gnu/libcairo.so.2.11400.8
7f0604794000-7f0604795000 rw-p 00111000 08:01 5513147                    /usr/lib/x86_64-linux-gnu/libcairo.so.2.11400.8
7f0604795000-7f0604797000 rw-p 00000000 00:00 0 
7f0604797000-7f060479d000 r-xp 00000000 08:01 5513938                    /usr/lib/x86_64-linux-gnu/libcairo-gobject.so.2.11400.8
7f060479d000-7f060499d000 ---p 00006000 08:01 5513938                    /usr/lib/x86_64-linux-gnu/libcairo-gobject.so.2.11400.8
7f060499d000-7f060499f000 r--p 00006000 08:01 5513938                    /usr/lib/x86_64-linux-gnu/libcairo-gobject.so.2.11400.8
7f060499f000-7f06049a0000 rw-p 00008000 08:01 5513938                    /usr/lib/x86_64-linux-gnu/libcairo-gobject.so.2.11400.8
7f06049a0000-7f06049c2000 r-xp 00000000 08:01 5536028                    /usr/lib/x86_64-linux-gnu/libgdk_pixbuf-2.0.so.0.3600.5
7f06049c2000-7f0604bc2000 ---p 00022000 08:01 5536028                    /usr/lib/x86_64-linux-gnu/libgdk_pixbuf-2.0.so.0.3600.5
7f0604bc2000-7f0604bc3000 r--p 00022000 08:01 5536028                    /usr/lib/x86_64-linux-gnu/libgdk_pixbuf-2.0.so.0.3600.5
7f0604bc3000-7f0604bc4000 rw-p 00023000 08:01 5536028                    /usr/lib/x86_64-linux-gnu/libgdk_pixbuf-2.0.so.0.3600.5
7f0604bc4000-7f0604c0d000 r-xp 00000000 08:01 5513173                    /usr/lib/x86_64-linux-gnu/libpango-1.0.so.0.4000.5
7f0604c0d000-7f0604e0c000 ---p 00049000 08:01 5513173                    /usr/lib/x86_64-linux-gnu/libpango-1.0.so.0.4000.5
7f0604e0c000-7f0604e0f000 r--p 00048000 08:01 5513173                    /usr/lib/x86_64-linux-gnu/libpango-1.0.so.0.4000.5
7f0604e0f000-7f0604e10000 rw-p 0004b000 08:01 5513173                    /usr/lib/x86_64-linux-gnu/libpango-1.0.so.0.4000.5
7f0604e10000-7f0604e1c000 r-xp 00000000 08:01 5513183                    /usr/lib/x86_64-linux-gnu/libpangocairo-1.0.so.0.4000.5
7f0604e1c000-7f060501b000 ---p 0000c000 08:01 5513183                    /usr/lib/x86_64-linux-gnu/libpangocairo-1.0.so.0.4000.5
7f060501b000-7f060501c000 r--p 0000b000 08:01 5513183                    /usr/lib/x86_64-linux-gnu/libpangocairo-1.0.so.0.4000.5
7f060501c000-7f060501d000 rw-p 0000c000 08:01 5513183                    /usr/lib/x86_64-linux-gnu/libpangocairo-1.0.so.0.4000.5
7f060501d000-7f060510b000 r-xp 00000000 08:01 5514966                    /usr/lib/x86_64-linux-gnu/libgdk-3.so.0.2200.11
7f060510b000-7f060530a000 ---p 000ee000 08:01 5514966                    /usr/lib/x86_64-linux-gnu/libgdk-3.so.0.2200.11
7f060530a000-7f0605310000 r--p 000ed000 08:01 5514966                    /usr/lib/x86_64-linux-gnu/libgdk-3.so.0.2200.11
7f0605310000-7f0605313000 rw-p 000f3000 08:01 5514966                    /usr/lib/x86_64-linux-gnu/libgdk-3.so.0.2200.11
7f0605313000-7f0605314000 rw-p 00000000 00:00 0 
7f0605314000-7f06053c4000 r-xp 00000000 08:01 5515331                    /usr/lib/x86_64-linux-gnu/libgdk-x11-2.0.so.0.2400.31
7f06053c4000-7f06055c3000 ---p 000b0000 08:01 5515331                    /usr/lib/x86_64-linux-gnu/libgdk-x11-2.0.so.0.2400.31
7f06055c3000-7f06055c7000 r--p 000af000 08:01 5515331                    /usr/lib/x86_64-linux-gnu/libgdk-x11-2.0.so.0.2400.31
7f06055c7000-7f06055c9000 rw-p 000b3000 08:01 5515331                    /usr/lib/x86_64-linux-gnu/libgdk-x11-2.0.so.0.2400.31
7f06055c9000-7f06055ca000 r-xp 00000000 08:01 5512957                    /usr/lib/x86_64-linux-gnu/libgthread-2.0.so.0.5000.3
7f06055ca000-7f06057c9000 ---p 00001000 08:01 5512957                    /usr/lib/x86_64-linux-gnu/libgthread-2.0.so.0.5000.3
7f06057c9000-7f06057ca000 r--p 00000000 08:01 5512957                    /usr/lib/x86_64-linux-gnu/libgthread-2.0.so.0.5000.3
7f06057ca000-7f06057cb000 rw-p 00001000 08:01 5512957                    /usr/lib/x86_64-linux-gnu/libgthread-2.0.so.0.5000.3
7f06057cb000-7f0605818000 r-xp 00000000 08:01 7078006                    /lib/x86_64-linux-gnu/libdbus-1.so.3.14.13
7f0605818000-7f0605a18000 ---p 0004d000 08:01 7078006                    /lib/x86_64-linux-gnu/libdbus-1.so.3.14.13
7f0605a18000-7f0605a1a000 r--p 0004d000 08:01 7078006                    /lib/x86_64-linux-gnu/libdbus-1.so.3.14.13
7f0605a1a000-7f0605a1b000 rw-p 0004f000 08:01 7078006                    /lib/x86_64-linux-gnu/libdbus-1.so.3.14.13
7f0605a1b000-7f0605a48000 r-xp 00000000 08:01 5509325                    /usr/lib/x86_64-linux-gnu/libatspi.so.0.0.1
7f0605a48000-7f0605c48000 ---p 0002d000 08:01 5509325                    /usr/lib/x86_64-linux-gnu/libatspi.so.0.0.1
7f0605c48000-7f0605c4b000 r--p 0002d000 08:01 5509325                    /usr/lib/x86_64-linux-gnu/libatspi.so.0.0.1
7f0605c4b000-7f0605c4c000 rw-p 00030000 08:01 5509325                    /usr/lib/x86_64-linux-gnu/libatspi.so.0.0.1
7f0605c4c000-7f0605c79000 r-xp 00000000 08:01 5514872                    /usr/lib/x86_64-linux-gnu/libatk-bridge-2.0.so.0.0.0
7f0605c79000-7f0605e78000 ---p 0002d000 08:01 5514872                    /usr/lib/x86_64-linux-gnu/libatk-bridge-2.0.so.0.0.0
7f0605e78000-7f0605e79000 r--p 0002c000 08:01 5514872                    /usr/lib/x86_64-linux-gnu/libatk-bridge-2.0.so.0.0.0
7f0605e79000-7f0605e7b000 rw-p 0002d000 08:01 5514872                    /usr/lib/x86_64-linux-gnu/libatk-bridge-2.0.so.0.0.0
7f0605e7b000-7f0605e9e000 r-xp 00000000 08:01 5513936                    /usr/lib/x86_64-linux-gnu/libatk-1.0.so.0.22209.1
7f0605e9e000-7f060609d000 ---p 00023000 08:01 5513936                    /usr/lib/x86_64-linux-gnu/libatk-1.0.so.0.22209.1
7f060609d000-7f06060a0000 r--p 00022000 08:01 5513936                    /usr/lib/x86_64-linux-gnu/libatk-1.0.so.0.22209.1
7f06060a0000-7f06060a1000 rw-p 00025000 08:01 5513936                    /usr/lib/x86_64-linux-gnu/libatk-1.0.so.0.22209.1
7f06060a1000-7f06060b6000 r-xp 00000000 08:01 6161397                    /usr/lib/x86_64-linux-gnu/jni/libatk-wrapper.so.6.0.0
7f06060b6000-7f06062b6000 ---p 00015000 08:01 6161397                    /usr/lib/x86_64-linux-gnu/jni/libatk-wrapper.so.6.0.0
7f06062b6000-7f06062b7000 r--p 00015000 08:01 6161397                    /usr/lib/x86_64-linux-gnu/jni/libatk-wrapper.so.6.0.0
7f06062b7000-7f06062b8000 rw-p 00016000 08:01 6161397                    /usr/lib/x86_64-linux-gnu/jni/libatk-wrapper.so.6.0.0
7f06062b8000-7f06062bd000 r-xp 00000000 08:01 5513681                    /usr/lib/x86_64-linux-gnu/libXfixes.so.3.1.0
7f06062bd000-7f06064bc000 ---p 00005000 08:01 5513681                    /usr/lib/x86_64-linux-gnu/libXfixes.so.3.1.0
7f06064bc000-7f06064bd000 r--p 00004000 08:01 5513681                    /usr/lib/x86_64-linux-gnu/libXfixes.so.3.1.0
7f06064bd000-7f06064be000 rw-p 00005000 08:01 5513681                    /usr/lib/x86_64-linux-gnu/libXfixes.so.3.1.0
7f06064be000-7f06064c8000 r-xp 00000000 08:01 5514954                    /usr/lib/x86_64-linux-gnu/libXcursor.so.1.0.2
7f06064c8000-7f06066c7000 ---p 0000a000 08:01 5514954                    /usr/lib/x86_64-linux-gnu/libXcursor.so.1.0.2
7f06066c7000-7f06066c8000 r--p 00009000 08:01 5514954                    /usr/lib/x86_64-linux-gnu/libXcursor.so.1.0.2
7f06066c8000-7f06066c9000 rw-p 0000a000 08:01 5514954                    /usr/lib/x86_64-linux-gnu/libXcursor.so.1.0.2
7f06066c9000-7f06066fa000 r-xp 00000000 08:01 5512615                    /usr/lib/x86_64-linux-gnu/libpng16.so.16.28.0
7f06066fa000-7f06068fa000 ---p 00031000 08:01 5512615                    /usr/lib/x86_64-linux-gnu/libpng16.so.16.28.0
7f06068fa000-7f06068fb000 r--p 00031000 08:01 5512615                    /usr/lib/x86_64-linux-gnu/libpng16.so.16.28.0
7f06068fb000-7f06068fc000 rw-p 00032000 08:01 5512615                    /usr/lib/x86_64-linux-gnu/libpng16.so.16.28.0
7f06068fc000-7f06069a4000 r-xp 00000000 08:01 5513134                    /usr/lib/x86_64-linux-gnu/libfreetype.so.6.12.3
7f06069a4000-7f0606ba4000 ---p 000a8000 08:01 5513134                    /usr/lib/x86_64-linux-gnu/libfreetype.so.6.12.3
7f0606ba4000-7f0606baa000 r--p 000a8000 08:01 5513134                    /usr/lib/x86_64-linux-gnu/libfreetype.so.6.12.3
7f0606baa000-7f0606bab000 rw-p 000ae000 08:01 5513134                    /usr/lib/x86_64-linux-gnu/libfreetype.so.6.12.3
7f0606bab000-7f0606bfc000 r-xp 00000000 08:01 6164787                    /usr/lib/jvm/java-8-openjdk-amd64/jre/lib/amd64/libfontmanager.so
7f0606bfc000-7f0606dfc000 ---p 00051000 08:01 6164787                    /usr/lib/jvm/java-8-openjdk-amd64/jre/lib/amd64/libfontmanager.so
7f0606dfc000-7f0606dfe000 r--p 00051000 08:01 6164787                    /usr/lib/jvm/java-8-openjdk-amd64/jre/lib/amd64/libfontmanager.so
7f0606dfe000-7f0606dff000 rw-p 00053000 08:01 6164787                    /usr/lib/jvm/java-8-openjdk-amd64/jre/lib/amd64/libfontmanager.so
7f0606dff000-7f0606fff000 rw-p 00000000 00:00 0 
7f0606fff000-7f0608000000 rw-p 00000000 00:00 0 
7f0608000000-7f06080cc000 rw-p 00000000 00:00 0 
7f06080cc000-7f060c000000 ---p 00000000 00:00 0 
7f060c000000-7f060c021000 rw-p 00000000 00:00 0 
7f060c021000-7f0610000000 ---p 00000000 00:00 0 
7f061004f000-7f061005a000 r--s 00000000 08:01 4329677                    /var/cache/fontconfig/945677eb7aeaf62f1d50efc3fb3ec7d8-le64.cache-4
7f061005a000-7f0610060000 r--s 00000000 08:01 4333863                    /var/cache/fontconfig/3047814df9a2f067bd2d96a2b9c36e5a-le64.cache-4
7f0610060000-7f0610096000 r--s 00000000 08:01 13393321                   /home/floris/.cache/fontconfig/03a9fe84ab9dd0bf59ea5a511fc506db-le64.cache-4
7f0610096000-7f0610099000 ---p 00000000 00:00 0 
7f0610099000-7f0610197000 rw-p 00000000 00:00 0 
7f0610197000-7f06101aa000 r-xp 00000000 08:01 7078412                    /lib/x86_64-linux-gnu/libbsd.so.0.8.3
7f06101aa000-7f06103aa000 ---p 00013000 08:01 7078412                    /lib/x86_64-linux-gnu/libbsd.so.0.8.3
7f06103aa000-7f06103ab000 r--p 00013000 08:01 7078412                    /lib/x86_64-linux-gnu/libbsd.so.0.8.3
7f06103ab000-7f06103ac000 rw-p 00014000 08:01 7078412                    /lib/x86_64-linux-gnu/libbsd.so.0.8.3
7f06103ac000-7f06103ad000 rw-p 00000000 00:00 0 
7f06103ad000-7f06103b2000 r-xp 00000000 08:01 5512624                    /usr/lib/x86_64-linux-gnu/libXdmcp.so.6.0.0
7f06103b2000-7f06105b1000 ---p 00005000 08:01 5512624                    /usr/lib/x86_64-linux-gnu/libXdmcp.so.6.0.0
7f06105b1000-7f06105b2000 r--p 00004000 08:01 5512624                    /usr/lib/x86_64-linux-gnu/libXdmcp.so.6.0.0
7f06105b2000-7f06105b3000 rw-p 00005000 08:01 5512624                    /usr/lib/x86_64-linux-gnu/libXdmcp.so.6.0.0
7f06105b3000-7f06105b6000 r-xp 00000000 08:01 5512622                    /usr/lib/x86_64-linux-gnu/libXau.so.6.0.0
7f06105b6000-7f06107b5000 ---p 00003000 08:01 5512622                    /usr/lib/x86_64-linux-gnu/libXau.so.6.0.0
7f06107b5000-7f06107b6000 r--p 00002000 08:01 5512622                    /usr/lib/x86_64-linux-gnu/libXau.so.6.0.0
7f06107b6000-7f06107b7000 rw-p 00003000 08:01 5512622                    /usr/lib/x86_64-linux-gnu/libXau.so.6.0.0
7f06107b7000-7f06107de000 r-xp 00000000 08:01 5512626                    /usr/lib/x86_64-linux-gnu/libxcb.so.1.1.0
7f06107de000-7f06109dd000 ---p 00027000 08:01 5512626                    /usr/lib/x86_64-linux-gnu/libxcb.so.1.1.0
7f06109dd000-7f06109de000 r--p 00026000 08:01 5512626                    /usr/lib/x86_64-linux-gnu/libxcb.so.1.1.0
7f06109de000-7f06109df000 rw-p 00027000 08:01 5512626                    /usr/lib/x86_64-linux-gnu/libxcb.so.1.1.0
7f06109df000-7f06109ee000 r-xp 00000000 08:01 5514956                    /usr/lib/x86_64-linux-gnu/libXi.so.6.1.0
7f06109ee000-7f0610bed000 ---p 0000f000 08:01 5514956                    /usr/lib/x86_64-linux-gnu/libXi.so.6.1.0
7f0610bed000-7f0610bee000 r--p 0000e000 08:01 5514956                    /usr/lib/x86_64-linux-gnu/libXi.so.6.1.0
7f0610bee000-7f0610bef000 rw-p 0000f000 08:01 5514956                    /usr/lib/x86_64-linux-gnu/libXi.so.6.1.0
7f0610bef000-7f0610bf4000 r-xp 00000000 08:01 5515174                    /usr/lib/x86_64-linux-gnu/libXtst.so.6.1.0
7f0610bf4000-7f0610df3000 ---p 00005000 08:01 5515174                    /usr/lib/x86_64-linux-gnu/libXtst.so.6.1.0
7f0610df3000-7f0610df4000 r--p 00004000 08:01 5515174                    /usr/lib/x86_64-linux-gnu/libXtst.so.6.1.0
7f0610df4000-7f0610df5000 rw-p 00005000 08:01 5515174                    /usr/lib/x86_64-linux-gnu/libXtst.so.6.1.0
7f0610df5000-7f0610dfe000 r-xp 00000000 08:01 5512637                    /usr/lib/x86_64-linux-gnu/libXrender.so.1.3.0
7f0610dfe000-7f0610ffd000 ---p 00009000 08:01 5512637                    /usr/lib/x86_64-linux-gnu/libXrender.so.1.3.0
7f0610ffd000-7f0610ffe000 r--p 00008000 08:01 5512637                    /usr/lib/x86_64-linux-gnu/libXrender.so.1.3.0
7f0610ffe000-7f0610fff000 rw-p 00009000 08:01 5512637                    /usr/lib/x86_64-linux-gnu/libXrender.so.1.3.0
7f0610fff000-7f0614000000 rw-p 00000000 00:00 0 
7f0614000000-7f0614437000 rw-p 00000000 00:00 0 
7f0614437000-7f0618000000 ---p 00000000 00:00 0 
7f0618000000-7f0618021000 rw-p 00000000 00:00 0 
7f0618021000-7f061c000000 ---p 00000000 00:00 0 
7f061c000000-7f061c515000 rw-p 00000000 00:00 0 
7f061c515000-7f0620000000 ---p 00000000 00:00 0 
7f0620000000-7f06206f3000 rw-p 00000000 00:00 0 
7f06206f3000-7f0624000000 ---p 00000000 00:00 0 
7f0624000000-7f0624021000 rw-p 00000000 00:00 0 
7f0624021000-7f0628000000 ---p 00000000 00:00 0 
7f0628000000-7f0628474000 rw-p 00000000 00:00 0 
7f0628474000-7f062c000000 ---p 00000000 00:00 0 
7f062c000000-7f062c021000 rw-p 00000000 00:00 0 
7f062c021000-7f0630000000 ---p 00000000 00:00 0 
7f0630000000-7f0630021000 rw-p 00000000 00:00 0 
7f0630021000-7f0634000000 ---p 00000000 00:00 0 
7f0634000000-7f0634021000 rw-p 00000000 00:00 0 
7f0634021000-7f0638000000 ---p 00000000 00:00 0 
7f0638000000-7f0638001000 r--s 00000000 08:01 4333869                    /var/cache/fontconfig/4794a0821666d79190d59a36cb4f44b5-le64.cache-4
7f0638001000-7f0638009000 r--s 00000000 08:01 4341265                    /var/cache/fontconfig/bf3b770c553c462765856025a94f1ce6-le64.cache-4
7f0638009000-7f063800c000 r--s 00000000 08:01 4333838                    /var/cache/fontconfig/e49e89034d371f0f9de17aab02136486-le64.cache-4
7f063800c000-7f0638090000 r-xp 00000000 08:01 7077982                    /lib/x86_64-linux-gnu/libsystemd.so.0.17.0
7f0638090000-7f0638091000 ---p 00084000 08:01 7077982                    /lib/x86_64-linux-gnu/libsystemd.so.0.17.0
7f0638091000-7f0638094000 r--p 00084000 08:01 7077982                    /lib/x86_64-linux-gnu/libsystemd.so.0.17.0
7f0638094000-7f0638095000 rw-p 00087000 08:01 7077982                    /lib/x86_64-linux-gnu/libsystemd.so.0.17.0
7f0638095000-7f0638096000 rw-p 00000000 00:00 0 
7f0638096000-7f0638099000 ---p 00000000 00:00 0 
7f0638099000-7f06380cf000 rw-p 00000000 00:00 0 
7f06380cf000-7f06380d2000 ---p 00000000 00:00 0 
7f06380d2000-7f06381d0000 rw-p 00000000 00:00 0 
7f06381d0000-7f063830a000 r-xp 00000000 08:01 5512630                    /usr/lib/x86_64-linux-gnu/libX11.so.6.3.0
7f063830a000-7f063850a000 ---p 0013a000 08:01 5512630                    /usr/lib/x86_64-linux-gnu/libX11.so.6.3.0
7f063850a000-7f063850b000 r--p 0013a000 08:01 5512630                    /usr/lib/x86_64-linux-gnu/libX11.so.6.3.0
7f063850b000-7f0638510000 rw-p 0013b000 08:01 5512630                    /usr/lib/x86_64-linux-gnu/libX11.so.6.3.0
7f0638510000-7f0648000000 rw-p 00000000 00:00 0 
7f0648000000-7f0648021000 rw-p 00000000 00:00 0 
7f0648021000-7f064c000000 ---p 00000000 00:00 0 
7f064c000000-7f064c021000 rw-p 00000000 00:00 0 
7f064c021000-7f0650000000 ---p 00000000 00:00 0 
7f0650000000-7f0650021000 rw-p 00000000 00:00 0 
7f0650021000-7f0654000000 ---p 00000000 00:00 0 
7f0654000000-7f0654021000 rw-p 00000000 00:00 0 
7f0654021000-7f0658000000 ---p 00000000 00:00 0 
7f0658000000-7f0658021000 rw-p 00000000 00:00 0 
7f0658021000-7f065c000000 ---p 00000000 00:00 0 
7f065c000000-7f065c021000 rw-p 00000000 00:00 0 
7f065c021000-7f0660000000 ---p 00000000 00:00 0 
7f0660000000-7f0660021000 rw-p 00000000 00:00 0 
7f0660021000-7f0664000000 ---p 00000000 00:00 0 
7f0664000000-7f0664001000 r--s 00000000 08:01 4333864                    /var/cache/fontconfig/0bd3dc0958fa2205aaaa8ebb13e2872b-le64.cache-4
7f0664001000-7f0664003000 r--s 00000000 08:01 4333773                    /var/cache/fontconfig/4b14b093aebc79c320de5e86ae1d3314-le64.cache-4
7f0664003000-7f0664004000 r--s 00000000 08:01 4333766                    /var/cache/fontconfig/3f7329c5293ffd510edef78f73874cfd-le64.cache-4
7f0664004000-7f0664010000 r--s 00000000 08:01 4333755                    /var/cache/fontconfig/d589a48862398ed80a3d6066f4f56f4c-le64.cache-4
7f0664010000-7f0664017000 r--s 00000000 08:01 4333498                    /var/cache/fontconfig/53d14c92082a93e67d5078324eb314ca-le64.cache-4
7f066402f000-7f0664040000 r-xp 00000000 08:01 5512633                    /usr/lib/x86_64-linux-gnu/libXext.so.6.4.0
7f0664040000-7f066423f000 ---p 00011000 08:01 5512633                    /usr/lib/x86_64-linux-gnu/libXext.so.6.4.0
7f066423f000-7f0664240000 r--p 00010000 08:01 5512633                    /usr/lib/x86_64-linux-gnu/libXext.so.6.4.0
7f0664240000-7f0664241000 rw-p 00011000 08:01 5512633                    /usr/lib/x86_64-linux-gnu/libXext.so.6.4.0
7f0664241000-7f0664295000 r-xp 00000000 08:01 6164785                    /usr/lib/jvm/java-8-openjdk-amd64/jre/lib/amd64/libawt_xawt.so
7f0664295000-7f0664494000 ---p 00054000 08:01 6164785                    /usr/lib/jvm/java-8-openjdk-amd64/jre/lib/amd64/libawt_xawt.so
7f0664494000-7f0664495000 r--p 00053000 08:01 6164785                    /usr/lib/jvm/java-8-openjdk-amd64/jre/lib/amd64/libawt_xawt.so
7f0664495000-7f0664498000 rw-p 00054000 08:01 6164785                    /usr/lib/jvm/java-8-openjdk-amd64/jre/lib/amd64/libawt_xawt.so
7f0664498000-7f0664499000 rw-p 00000000 00:00 0 
7f0664499000-7f0664539000 r-xp 00000000 08:01 6164783                    /usr/lib/jvm/java-8-openjdk-amd64/jre/lib/amd64/libawt.so
7f0664539000-7f0664739000 ---p 000a0000 08:01 6164783                    /usr/lib/jvm/java-8-openjdk-amd64/jre/lib/amd64/libawt.so
7f0664739000-7f066473a000 r--p 000a0000 08:01 6164783                    /usr/lib/jvm/java-8-openjdk-amd64/jre/lib/amd64/libawt.so
7f066473a000-7f0664745000 rw-p 000a1000 08:01 6164783                    /usr/lib/jvm/java-8-openjdk-amd64/jre/lib/amd64/libawt.so
7f0664745000-7f066496a000 rw-p 00000000 00:00 0 
7f066496a000-7f066496d000 ---p 00000000 00:00 0 
7f066496d000-7f0664a6b000 rw-p 00000000 00:00 0 
7f0664a6b000-7f0664a7f000 r-xp 00000000 08:01 7077912                    /lib/x86_64-linux-gnu/libresolv-2.24.so
7f0664a7f000-7f0664c7e000 ---p 00014000 08:01 7077912                    /lib/x86_64-linux-gnu/libresolv-2.24.so
7f0664c7e000-7f0664c7f000 r--p 00013000 08:01 7077912                    /lib/x86_64-linux-gnu/libresolv-2.24.so
7f0664c7f000-7f0664c80000 rw-p 00014000 08:01 7077912                    /lib/x86_64-linux-gnu/libresolv-2.24.so
7f0664c80000-7f0664c82000 rw-p 00000000 00:00 0 
7f0664c82000-7f0664c87000 r-xp 00000000 08:01 7077905                    /lib/x86_64-linux-gnu/libnss_dns-2.24.so
7f0664c87000-7f0664e86000 ---p 00005000 08:01 7077905                    /lib/x86_64-linux-gnu/libnss_dns-2.24.so
7f0664e86000-7f0664e87000 r--p 00004000 08:01 7077905                    /lib/x86_64-linux-gnu/libnss_dns-2.24.so
7f0664e87000-7f0664e88000 rw-p 00005000 08:01 7077905                    /lib/x86_64-linux-gnu/libnss_dns-2.24.so
7f0664e88000-7f0664e8a000 r-xp 00000000 08:01 7079681                    /lib/x86_64-linux-gnu/libnss_mdns4_minimal.so.2
7f0664e8a000-7f0665089000 ---p 00002000 08:01 7079681                    /lib/x86_64-linux-gnu/libnss_mdns4_minimal.so.2
7f0665089000-7f066508a000 r--p 00001000 08:01 7079681                    /lib/x86_64-linux-gnu/libnss_mdns4_minimal.so.2
7f066508a000-7f066508b000 rw-p 00002000 08:01 7079681                    /lib/x86_64-linux-gnu/libnss_mdns4_minimal.so.2
7f066508b000-7f066508f000 r--s 00000000 08:01 4328780                    /var/cache/fontconfig/246184dc75a16901ca37d96895904249-le64.cache-4
7f066508f000-7f0665091000 r--s 00000000 08:01 4327930                    /var/cache/fontconfig/62f91419b9ebdb6975e7e41ab6412357-le64.cache-4
7f0665091000-7f066509e000 r--s 00000000 08:01 4335362                    /var/cache/fontconfig/e13b20fdb08344e0e664864cc2ede53d-le64.cache-4
7f06650a7000-7f06650aa000 ---p 00000000 00:00 0 
7f06650aa000-7f06653a8000 rw-p 00000000 00:00 0 
7f06653a8000-7f06655a8000 rw-p 00000000 00:00 0 
7f06655a8000-7f06655d0000 r-xp 00000000 08:01 6164815                    /usr/lib/jvm/java-8-openjdk-amd64/jre/lib/amd64/libsunec.so
7f06655d0000-7f06657d0000 ---p 00028000 08:01 6164815                    /usr/lib/jvm/java-8-openjdk-amd64/jre/lib/amd64/libsunec.so
7f06657d0000-7f06657d4000 r--p 00028000 08:01 6164815                    /usr/lib/jvm/java-8-openjdk-amd64/jre/lib/amd64/libsunec.so
7f06657d4000-7f06657d5000 rw-p 0002c000 08:01 6164815                    /usr/lib/jvm/java-8-openjdk-amd64/jre/lib/amd64/libsunec.so
7f06657d5000-7f06657da000 r--s 0009a000 08:01 6164850                    /usr/lib/jvm/java-8-openjdk-amd64/jre/lib/jsse.jar
7f06657da000-7f06659da000 rw-p 00000000 00:00 0 
7f06659da000-7f06659dd000 r--s 00015000 08:01 6164848                    /usr/lib/jvm/java-8-openjdk-amd64/jre/lib/jce.jar
7f06659dd000-7f0665bdd000 rw-p 00000000 00:00 0 
7f0665bdd000-7f0665ddd000 rw-p 00000000 00:00 0 
7f0665ddd000-7f0665dee000 r-xp 00000000 08:01 6164811                    /usr/lib/jvm/java-8-openjdk-amd64/jre/lib/amd64/libnio.so
7f0665dee000-7f0665fee000 ---p 00011000 08:01 6164811                    /usr/lib/jvm/java-8-openjdk-amd64/jre/lib/amd64/libnio.so
7f0665fee000-7f0665fef000 r--p 00011000 08:01 6164811                    /usr/lib/jvm/java-8-openjdk-amd64/jre/lib/amd64/libnio.so
7f0665fef000-7f0665ff0000 rw-p 00012000 08:01 6164811                    /usr/lib/jvm/java-8-openjdk-amd64/jre/lib/amd64/libnio.so
7f0665ff0000-7f06661f0000 rw-p 00000000 00:00 0 
7f06661f0000-7f0666207000 r-xp 00000000 08:01 6164810                    /usr/lib/jvm/java-8-openjdk-amd64/jre/lib/amd64/libnet.so
7f0666207000-7f0666406000 ---p 00017000 08:01 6164810                    /usr/lib/jvm/java-8-openjdk-amd64/jre/lib/amd64/libnet.so
7f0666406000-7f0666407000 r--p 00016000 08:01 6164810                    /usr/lib/jvm/java-8-openjdk-amd64/jre/lib/amd64/libnet.so
7f0666407000-7f0666408000 rw-p 00017000 08:01 6164810                    /usr/lib/jvm/java-8-openjdk-amd64/jre/lib/amd64/libnet.so
7f0666408000-7f0666411000 r-xp 00000000 08:01 6164808                    /usr/lib/jvm/java-8-openjdk-amd64/jre/lib/amd64/libmanagement.so
7f0666411000-7f0666610000 ---p 00009000 08:01 6164808                    /usr/lib/jvm/java-8-openjdk-amd64/jre/lib/amd64/libmanagement.so
7f0666610000-7f0666611000 r--p 00008000 08:01 6164808                    /usr/lib/jvm/java-8-openjdk-amd64/jre/lib/amd64/libmanagement.so
7f0666611000-7f0666612000 rw-p 00009000 08:01 6164808                    /usr/lib/jvm/java-8-openjdk-amd64/jre/lib/amd64/libmanagement.so
7f0666612000-7f0666615000 r--s 00012000 08:01 2889758                    /home/floris/.m2/repository/org/knowm/xchange/xchange-bitfinex/4.3.0/xchange-bitfinex-4.3.0.jar
7f0666615000-7f0666619000 r--s 00041000 08:01 4066040                    /home/floris/.m2/repository/com/fasterxml/jackson/core/jackson-core/2.8.6/jackson-core-2.8.6.jar
7f0666619000-7f066661c000 r--s 0000b000 08:01 3021270                    /home/floris/.m2/repository/com/fasterxml/jackson/core/jackson-annotations/2.8.0/jackson-annotations-2.8.0.jar
7f066661c000-7f066662d000 r--s 0011d000 08:01 4066038                    /home/floris/.m2/repository/com/fasterxml/jackson/core/jackson-databind/2.8.6/jackson-databind-2.8.6.jar
7f066662d000-7f066666c000 r--s 0033f000 08:01 4066036                    /home/floris/.m2/repository/io/netty/netty-all/4.1.11.Final/netty-all-4.1.11.Final.jar
7f066666c000-7f066666e000 r--s 00002000 08:01 4066380                    /home/floris/.m2/repository/info/bitrich/xchange-stream/service-netty/4.3.0-SNAPSHOT/service-netty-4.3.0-SNAPSHOT.jar
7f066666e000-7f0666670000 r--s 00004000 08:01 4066165                    /home/floris/.m2/repository/info/bitrich/xchange-stream/xchange-bitfinex/4.3.0-SNAPSHOT/xchange-bitfinex-4.3.0-SNAPSHOT.jar
7f0666670000-7f0666671000 r--s 00000000 08:01 1052369                    /home/floris/.m2/repository/org/reactivestreams/reactive-streams/1.0.0/reactive-streams-1.0.0.jar
7f0666671000-7f066669d000 r--s 001b9000 08:01 3806205                    /home/floris/.m2/repository/io/reactivex/rxjava2/rxjava/2.0.4/rxjava-2.0.4.jar
7f066669d000-7f066669f000 r--s 0000a000 08:01 657594                     /home/floris/.m2/repository/commons-codec/commons-codec/1.3/commons-codec-1.3.jar
7f066669f000-7f06666a2000 r--s 00009000 08:01 1181181                    /home/floris/.m2/repository/oauth/signpost/signpost-core/1.2.1.2/signpost-core-1.2.1.2.jar
7f06666a2000-7f06666a3000 r--s 00004000 08:01 1181179                    /home/floris/.m2/repository/net/iharder/base64/2.3.9/base64-2.3.9.jar
7f06666a3000-7f06666a5000 r--s 00003000 08:01 2889756                    /home/floris/.m2/repository/com/google/code/findbugs/jsr305/3.0.2/jsr305-3.0.2.jar
7f06666a5000-7f06666a9000 r--s 0001c000 08:01 2889754                    /home/floris/.m2/repository/javax/ws/rs/javax.ws.rs-api/2.1/javax.ws.rs-api-2.1.jar
7f06666a9000-7f06666ab000 r--s 0000e000 08:01 2889748                    /home/floris/.m2/repository/com/github/mmazi/rescu/2.0.1/rescu-2.0.1.jar
7f06666ab000-7f06666b0000 r--s 0001f000 08:01 2757825                    /home/floris/.m2/repository/org/knowm/xchange/xchange-core/4.3.0/xchange-core-4.3.0.jar
7f06666b0000-7f06666b1000 r--s 00000000 08:01 4066378                    /home/floris/.m2/repository/info/bitrich/xchange-stream/service-core/4.3.0-SNAPSHOT/service-core-4.3.0-SNAPSHOT.jar
7f06666b1000-7f06666b3000 r--s 00000000 08:01 4066377                    /home/floris/.m2/repository/info/bitrich/xchange-stream/xchange-stream-core/4.3.0-SNAPSHOT/xchange-stream-core-4.3.0-SNAPSHOT.jar
7f06666b3000-7f06666da000 r--s 001f6000 08:01 1180984                    /home/floris/.m2/repository/org/apache/commons/commons-math3/3.6.1/commons-math3-3.6.1.jar
7f06666da000-7f06666dc000 r--s 00007000 08:01 3934414                    /home/floris/git/serenity/lib/grafica.jar
7f06666dc000-7f06666e2000 r--s 000f3000 08:01 1318600                    /home/floris/.m2/repository/org/processing/core/3.3.6/core-3.3.6.jar
7f06666e2000-7f06666e5000 r--s 00018000 08:01 4066210                    /home/floris/.m2/repository/org/java-websocket/Java-WebSocket/1.3.6/Java-WebSocket-1.3.6.jar
7f06666e5000-7f06666eb000 r--s 00033000 08:01 1049851                    /home/floris/.m2/repository/com/google/code/gson/gson/2.6.2/gson-2.6.2.jar
7f06666eb000-7f06666ef000 r--s 00031000 08:01 3674890                    /home/floris/.m2/repository/commons-io/commons-io/2.6/commons-io-2.6.jar
7f06666ef000-7f06666f1000 r--s 00009000 08:01 657474                     /home/floris/.m2/repository/org/slf4j/slf4j-api/1.7.24/slf4j-api-1.7.24.jar
7f06666f1000-7f06666f3000 r--s 0000d000 08:01 657470                     /home/floris/.m2/repository/org/apache/logging/log4j/log4j-1.2-api/2.8.2/log4j-1.2-api-2.8.2.jar
7f06666f3000-7f066670f000 r--s 0013c000 08:01 656438                     /home/floris/.m2/repository/org/apache/logging/log4j/log4j-core/2.8.2/log4j-core-2.8.2.jar
7f066670f000-7f066673b000 r--s 00207000 08:01 920624                     /home/floris/.m2/repository/com/google/guava/guava/19.0-rc3/guava-19.0-rc3.jar
7f066673b000-7f066674e000 r--s 00346000 08:01 6164854                    /usr/lib/jvm/java-8-openjdk-amd64/jre/lib/resources.jar
7f066674e000-7f066674f000 ---p 00000000 00:00 0 
7f066674f000-7f066684f000 rw-p 00000000 00:00 0 
7f066684f000-7f0666852000 ---p 00000000 00:00 0 
7f0666852000-7f0666950000 rw-p 00000000 00:00 0 
7f0666950000-7f0666953000 ---p 00000000 00:00 0 
7f0666953000-7f0666a51000 rw-p 00000000 00:00 0 
7f0666a51000-7f0666a54000 ---p 00000000 00:00 0 
7f0666a54000-7f0666b52000 rw-p 00000000 00:00 0 
7f0666b52000-7f0666b55000 ---p 00000000 00:00 0 
7f0666b55000-7f0666c53000 rw-p 00000000 00:00 0 
7f0666c53000-7f0666c56000 ---p 00000000 00:00 0 
7f0666c56000-7f0666d54000 rw-p 00000000 00:00 0 
7f0666d54000-7f0666d57000 ---p 00000000 00:00 0 
7f0666d57000-7f0666e55000 rw-p 00000000 00:00 0 
7f0666e55000-7f0666ff0000 r--p 00000000 08:01 5505318                    /usr/lib/locale/locale-archive
7f0666ff0000-7f0666ff3000 ---p 00000000 00:00 0 
7f0666ff3000-7f06670f1000 rw-p 00000000 00:00 0 
7f06670f1000-7f06670f4000 ---p 00000000 00:00 0 
7f06670f4000-7f06671f2000 rw-p 00000000 00:00 0 
7f06671f2000-7f06671f3000 ---p 00000000 00:00 0 
7f06671f3000-7f0668000000 rw-p 00000000 00:00 0 
7f0668000000-7f0668021000 rw-p 00000000 00:00 0 
7f0668021000-7f066c000000 ---p 00000000 00:00 0 
7f066c000000-7f066c005000 r--s 00033000 08:01 656436                     /home/floris/.m2/repository/org/apache/logging/log4j/log4j-api/2.8.2/log4j-api-2.8.2.jar
7f066c005000-7f066c009000 r--s 0000f000 08:01 1180023                    /home/floris/.m2/repository/org/eclipse/xtend/org.eclipse.xtend.lib.macro/2.12.0/org.eclipse.xtend.lib.macro-2.12.0.jar
7f066c009000-7f066c024000 r--s 001d6000 08:01 6164834                    /usr/lib/jvm/java-8-openjdk-amd64/jre/lib/ext/nashorn.jar
7f066c024000-7f066c03f000 r--s 00394000 08:01 6164829                    /usr/lib/jvm/java-8-openjdk-amd64/jre/lib/ext/cldrdata.jar
7f066c03f000-7f066cfc4000 rw-p 00000000 00:00 0 
7f066cfc4000-7f066d193000 r--s 03c21000 08:01 6164855                    /usr/lib/jvm/java-8-openjdk-amd64/jre/lib/rt.jar
7f066d193000-7f066ea13000 rw-p 00000000 00:00 0 
7f066ea13000-7f066ea14000 ---p 00000000 00:00 0 
7f066ea14000-7f066eb14000 rw-p 00000000 00:00 0 
7f066eb14000-7f066eb15000 ---p 00000000 00:00 0 
7f066eb15000-7f066ec15000 rw-p 00000000 00:00 0 
7f066ec15000-7f066ec16000 ---p 00000000 00:00 0 
7f066ec16000-7f066ed16000 rw-p 00000000 00:00 0 
7f066ed16000-7f066ed17000 ---p 00000000 00:00 0 
7f066ed17000-7f066ee17000 rw-p 00000000 00:00 0 
7f066ee17000-7f066ee18000 ---p 00000000 00:00 0 
7f066ee18000-7f066ef18000 rw-p 00000000 00:00 0 
7f066ef18000-7f066ef19000 ---p 00000000 00:00 0 
7f066ef19000-7f066f019000 rw-p 00000000 00:00 0 
7f066f019000-7f066f01a000 ---p 00000000 00:00 0 
7f066f01a000-7f066f11a000 rw-p 00000000 00:00 0 
7f066f11a000-7f066f11b000 ---p 00000000 00:00 0 
7f066f11b000-7f066fc90000 rw-p 00000000 00:00 0 
7f066fc90000-7f06705b0000 rw-p 00000000 00:00 0 
7f06705b0000-7f0670704000 ---p 00000000 00:00 0 
7f0670704000-7f0670a44000 rw-p 00000000 00:00 0 
7f0670a44000-7f0670c3f000 ---p 00000000 00:00 0 
7f0670c3f000-7f0670c69000 rw-p 00000000 00:00 0 
7f0670c69000-7f0671000000 ---p 00000000 00:00 0 
7f0671000000-7f0671a10000 rwxp 00000000 00:00 0 
7f0671a10000-7f0680000000 ---p 00000000 00:00 0 
7f0680000000-7f0680c65000 rw-p 00000000 00:00 0 
7f0680c65000-7f0684000000 ---p 00000000 00:00 0 
7f0684000000-7f0684001000 r--s 00005000 08:01 657472                     /home/floris/.m2/repository/org/apache/logging/log4j/log4j-slf4j-impl/2.8.2/log4j-slf4j-impl-2.8.2.jar
7f0684001000-7f0684006000 r--s 00024000 08:01 1179733                    /home/floris/.m2/repository/org/eclipse/xtend/org.eclipse.xtend.lib/2.12.0/org.eclipse.xtend.lib-2.12.0.jar
7f0684006000-7f068400b000 r--s 002f9000 08:01 6164821                    /usr/lib/jvm/java-8-openjdk-amd64/jre/lib/charsets.jar
7f068400b000-7f0684013000 r-xp 00000000 08:01 6164818                    /usr/lib/jvm/java-8-openjdk-amd64/jre/lib/amd64/libzip.so
7f0684013000-7f0684212000 ---p 00008000 08:01 6164818                    /usr/lib/jvm/java-8-openjdk-amd64/jre/lib/amd64/libzip.so
7f0684212000-7f0684213000 r--p 00007000 08:01 6164818                    /usr/lib/jvm/java-8-openjdk-amd64/jre/lib/amd64/libzip.so
7f0684213000-7f0684214000 rw-p 00008000 08:01 6164818                    /usr/lib/jvm/java-8-openjdk-amd64/jre/lib/amd64/libzip.so
7f0684214000-7f068421e000 r-xp 00000000 08:01 7077906                    /lib/x86_64-linux-gnu/libnss_files-2.24.so
7f068421e000-7f068441e000 ---p 0000a000 08:01 7077906                    /lib/x86_64-linux-gnu/libnss_files-2.24.so
7f068441e000-7f068441f000 r--p 0000a000 08:01 7077906                    /lib/x86_64-linux-gnu/libnss_files-2.24.so
7f068441f000-7f0684420000 rw-p 0000b000 08:01 7077906                    /lib/x86_64-linux-gnu/libnss_files-2.24.so
7f0684420000-7f0684426000 rw-p 00000000 00:00 0 
7f0684426000-7f0684431000 r-xp 00000000 08:01 7077908                    /lib/x86_64-linux-gnu/libnss_nis-2.24.so
7f0684431000-7f0684630000 ---p 0000b000 08:01 7077908                    /lib/x86_64-linux-gnu/libnss_nis-2.24.so
7f0684630000-7f0684631000 r--p 0000a000 08:01 7077908                    /lib/x86_64-linux-gnu/libnss_nis-2.24.so
7f0684631000-7f0684632000 rw-p 0000b000 08:01 7077908                    /lib/x86_64-linux-gnu/libnss_nis-2.24.so
7f0684632000-7f0684646000 r-xp 00000000 08:01 7077903                    /lib/x86_64-linux-gnu/libnsl-2.24.so
7f0684646000-7f0684846000 ---p 00014000 08:01 7077903                    /lib/x86_64-linux-gnu/libnsl-2.24.so
7f0684846000-7f0684847000 r--p 00014000 08:01 7077903                    /lib/x86_64-linux-gnu/libnsl-2.24.so
7f0684847000-7f0684848000 rw-p 00015000 08:01 7077903                    /lib/x86_64-linux-gnu/libnsl-2.24.so
7f0684848000-7f068484a000 rw-p 00000000 00:00 0 
7f068484a000-7f0684851000 r-xp 00000000 08:01 7077904                    /lib/x86_64-linux-gnu/libnss_compat-2.24.so
7f0684851000-7f0684a50000 ---p 00007000 08:01 7077904                    /lib/x86_64-linux-gnu/libnss_compat-2.24.so
7f0684a50000-7f0684a51000 r--p 00006000 08:01 7077904                    /lib/x86_64-linux-gnu/libnss_compat-2.24.so
7f0684a51000-7f0684a52000 rw-p 00007000 08:01 7077904                    /lib/x86_64-linux-gnu/libnss_compat-2.24.so
7f0684a52000-7f0684a7f000 r-xp 00000000 08:01 6164795                    /usr/lib/jvm/java-8-openjdk-amd64/jre/lib/amd64/libjava.so
7f0684a7f000-7f0684c7e000 ---p 0002d000 08:01 6164795                    /usr/lib/jvm/java-8-openjdk-amd64/jre/lib/amd64/libjava.so
7f0684c7e000-7f0684c7f000 r--p 0002c000 08:01 6164795                    /usr/lib/jvm/java-8-openjdk-amd64/jre/lib/amd64/libjava.so
7f0684c7f000-7f0684c81000 rw-p 0002d000 08:01 6164795                    /usr/lib/jvm/java-8-openjdk-amd64/jre/lib/amd64/libjava.so
7f0684c81000-7f0684c90000 r-xp 00000000 08:01 6164817                    /usr/lib/jvm/java-8-openjdk-amd64/jre/lib/amd64/libverify.so
7f0684c90000-7f0684e90000 ---p 0000f000 08:01 6164817                    /usr/lib/jvm/java-8-openjdk-amd64/jre/lib/amd64/libverify.so
7f0684e90000-7f0684e92000 r--p 0000f000 08:01 6164817                    /usr/lib/jvm/java-8-openjdk-amd64/jre/lib/amd64/libverify.so
7f0684e92000-7f0684e93000 rw-p 00011000 08:01 6164817                    /usr/lib/jvm/java-8-openjdk-amd64/jre/lib/amd64/libverify.so
7f0684e93000-7f0684e9a000 r-xp 00000000 08:01 7077913                    /lib/x86_64-linux-gnu/librt-2.24.so
7f0684e9a000-7f0685099000 ---p 00007000 08:01 7077913                    /lib/x86_64-linux-gnu/librt-2.24.so
7f0685099000-7f068509a000 r--p 00006000 08:01 7077913                    /lib/x86_64-linux-gnu/librt-2.24.so
7f068509a000-7f068509b000 rw-p 00007000 08:01 7077913                    /lib/x86_64-linux-gnu/librt-2.24.so
7f068509b000-7f06850b1000 r-xp 00000000 08:01 7077892                    /lib/x86_64-linux-gnu/libgcc_s.so.1
7f06850b1000-7f06852b0000 ---p 00016000 08:01 7077892                    /lib/x86_64-linux-gnu/libgcc_s.so.1
7f06852b0000-7f06852b1000 r--p 00015000 08:01 7077892                    /lib/x86_64-linux-gnu/libgcc_s.so.1
7f06852b1000-7f06852b2000 rw-p 00016000 08:01 7077892                    /lib/x86_64-linux-gnu/libgcc_s.so.1
7f06852b2000-7f06853b5000 r-xp 00000000 08:01 7077900                    /lib/x86_64-linux-gnu/libm-2.24.so
7f06853b5000-7f06855b4000 ---p 00103000 08:01 7077900                    /lib/x86_64-linux-gnu/libm-2.24.so
7f06855b4000-7f06855b5000 r--p 00102000 08:01 7077900                    /lib/x86_64-linux-gnu/libm-2.24.so
7f06855b5000-7f06855b6000 rw-p 00103000 08:01 7077900                    /lib/x86_64-linux-gnu/libm-2.24.so
7f06855b6000-7f0685728000 r-xp 00000000 08:01 5510674                    /usr/lib/x86_64-linux-gnu/libstdc++.so.6.0.22
7f0685728000-7f0685928000 ---p 00172000 08:01 5510674                    /usr/lib/x86_64-linux-gnu/libstdc++.so.6.0.22
7f0685928000-7f0685932000 r--p 00172000 08:01 5510674                    /usr/lib/x86_64-linux-gnu/libstdc++.so.6.0.22
7f0685932000-7f0685934000 rw-p 0017c000 08:01 5510674                    /usr/lib/x86_64-linux-gnu/libstdc++.so.6.0.22
7f0685934000-7f0685938000 rw-p 00000000 00:00 0 
7f0685938000-7f068658c000 r-xp 00000000 08:01 6164820                    /usr/lib/jvm/java-8-openjdk-amd64/jre/lib/amd64/server/libjvm.so
7f068658c000-7f068678b000 ---p 00c54000 08:01 6164820                    /usr/lib/jvm/java-8-openjdk-amd64/jre/lib/amd64/server/libjvm.so
7f068678b000-7f068681e000 r--p 00c53000 08:01 6164820                    /usr/lib/jvm/java-8-openjdk-amd64/jre/lib/amd64/server/libjvm.so
7f068681e000-7f0686847000 rw-p 00ce6000 08:01 6164820                    /usr/lib/jvm/java-8-openjdk-amd64/jre/lib/amd64/server/libjvm.so
7f0686847000-7f0686877000 rw-p 00000000 00:00 0 
7f0686877000-7f0686a0c000 r-xp 00000000 08:01 7077896                    /lib/x86_64-linux-gnu/libc-2.24.so
7f0686a0c000-7f0686c0c000 ---p 00195000 08:01 7077896                    /lib/x86_64-linux-gnu/libc-2.24.so
7f0686c0c000-7f0686c10000 r--p 00195000 08:01 7077896                    /lib/x86_64-linux-gnu/libc-2.24.so
7f0686c10000-7f0686c12000 rw-p 00199000 08:01 7077896                    /lib/x86_64-linux-gnu/libc-2.24.so
7f0686c12000-7f0686c16000 rw-p 00000000 00:00 0 
7f0686c16000-7f0686c19000 r-xp 00000000 08:01 7077899                    /lib/x86_64-linux-gnu/libdl-2.24.so
7f0686c19000-7f0686e18000 ---p 00003000 08:01 7077899                    /lib/x86_64-linux-gnu/libdl-2.24.so
7f0686e18000-7f0686e19000 r--p 00002000 08:01 7077899                    /lib/x86_64-linux-gnu/libdl-2.24.so
7f0686e19000-7f0686e1a000 rw-p 00003000 08:01 7077899                    /lib/x86_64-linux-gnu/libdl-2.24.so
7f0686e1a000-7f0686e27000 r-xp 00000000 08:01 6164778                    /usr/lib/jvm/java-8-openjdk-amd64/jre/lib/amd64/jli/libjli.so
7f0686e27000-7f0687027000 ---p 0000d000 08:01 6164778                    /usr/lib/jvm/java-8-openjdk-amd64/jre/lib/amd64/jli/libjli.so
7f0687027000-7f0687028000 r--p 0000d000 08:01 6164778                    /usr/lib/jvm/java-8-openjdk-amd64/jre/lib/amd64/jli/libjli.so
7f0687028000-7f0687029000 rw-p 0000e000 08:01 6164778                    /usr/lib/jvm/java-8-openjdk-amd64/jre/lib/amd64/jli/libjli.so
7f0687029000-7f0687042000 r-xp 00000000 08:01 7077978                    /lib/x86_64-linux-gnu/libz.so.1.2.8
7f0687042000-7f0687241000 ---p 00019000 08:01 7077978                    /lib/x86_64-linux-gnu/libz.so.1.2.8
7f0687241000-7f0687242000 r--p 00018000 08:01 7077978                    /lib/x86_64-linux-gnu/libz.so.1.2.8
7f0687242000-7f0687243000 rw-p 00019000 08:01 7077978                    /lib/x86_64-linux-gnu/libz.so.1.2.8
7f0687243000-7f068725b000 r-xp 00000000 08:01 7077911                    /lib/x86_64-linux-gnu/libpthread-2.24.so
7f068725b000-7f068745a000 ---p 00018000 08:01 7077911                    /lib/x86_64-linux-gnu/libpthread-2.24.so
7f068745a000-7f068745b000 r--p 00017000 08:01 7077911                    /lib/x86_64-linux-gnu/libpthread-2.24.so
7f068745b000-7f068745c000 rw-p 00018000 08:01 7077911                    /lib/x86_64-linux-gnu/libpthread-2.24.so
7f068745c000-7f0687460000 rw-p 00000000 00:00 0 
7f0687460000-7f0687483000 r-xp 00000000 08:01 7077891                    /lib/x86_64-linux-gnu/ld-2.24.so
7f0687483000-7f0687487000 r--s 00021000 08:01 1180021                    /home/floris/.m2/repository/org/eclipse/xtext/org.eclipse.xtext.xbase.lib/2.12.0/org.eclipse.xtext.xbase.lib-2.12.0.jar
7f0687487000-7f068748a000 r--s 00015000 08:01 6164848                    /usr/lib/jvm/java-8-openjdk-amd64/jre/lib/jce.jar
7f068748a000-7f068748f000 r--s 0009a000 08:01 6164850                    /usr/lib/jvm/java-8-openjdk-amd64/jre/lib/jsse.jar
7f068748f000-7f0687490000 r--s 0000a000 08:01 6164832                    /usr/lib/jvm/java-8-openjdk-amd64/jre/lib/ext/jaccess.jar
7f0687490000-7f0687492000 r--s 00008000 08:01 6164835                    /usr/lib/jvm/java-8-openjdk-amd64/jre/lib/ext/sunec.jar
7f0687492000-7f068749c000 r--s 00116000 08:01 6164833                    /usr/lib/jvm/java-8-openjdk-amd64/jre/lib/ext/localedata.jar
7f068749c000-7f0687561000 rw-p 00000000 00:00 0 
7f0687561000-7f0687564000 ---p 00000000 00:00 0 
7f0687564000-7f0687664000 rw-p 00000000 00:00 0 
7f0687664000-7f0687665000 r--s 00010000 08:01 6164838                    /usr/lib/jvm/java-8-openjdk-amd64/jre/lib/ext/zipfs.jar
7f0687665000-7f0687669000 r--s 00037000 08:01 6164837                    /usr/lib/jvm/java-8-openjdk-amd64/jre/lib/ext/sunpkcs11.jar
7f0687669000-7f068766c000 r--s 0000f000 08:01 6164831                    /usr/lib/jvm/java-8-openjdk-amd64/jre/lib/ext/icedtea-sound.jar
7f068766c000-7f0687672000 r--s 0003a000 08:01 6164836                    /usr/lib/jvm/java-8-openjdk-amd64/jre/lib/ext/sunjce_provider.jar
7f0687672000-7f0687674000 r--s 00007000 08:01 5901568                    /usr/share/java/java-atk-wrapper.jar
7f0687674000-7f0687676000 r--s 00001000 08:01 6164830                    /usr/lib/jvm/java-8-openjdk-amd64/jre/lib/ext/dnsns.jar
7f0687676000-7f068767e000 rw-s 00000000 08:01 2359953                    /tmp/hsperfdata_floris/10150
7f068767e000-7f068767f000 rw-p 00000000 00:00 0 
7f068767f000-7f0687680000 ---p 00000000 00:00 0 
7f0687680000-7f0687683000 rw-p 00000000 00:00 0 
7f0687683000-7f0687684000 r--p 00023000 08:01 7077891                    /lib/x86_64-linux-gnu/ld-2.24.so
7f0687684000-7f0687685000 rw-p 00024000 08:01 7077891                    /lib/x86_64-linux-gnu/ld-2.24.so
7f0687685000-7f0687686000 rw-p 00000000 00:00 0 
7ffc0645d000-7ffc0647f000 rw-p 00000000 00:00 0                          [stack]
7ffc064a3000-7ffc064a5000 r--p 00000000 00:00 0                          [vvar]
7ffc064a5000-7ffc064a7000 r-xp 00000000 00:00 0                          [vdso]
ffffffffff600000-ffffffffff601000 r-xp 00000000 00:00 0                  [vsyscall]

VM Arguments:
jvm_args: -Dfile.encoding=UTF-8 
java_command: com.sirolf2009.serenity.sketches.OrderbookVolume
java_class_path (initial): /usr/lib/jvm/java-8-openjdk-amd64/jre/lib/resources.jar:/usr/lib/jvm/java-8-openjdk-amd64/jre/lib/rt.jar:/usr/lib/jvm/java-8-openjdk-amd64/jre/lib/jsse.jar:/usr/lib/jvm/java-8-openjdk-amd64/jre/lib/jce.jar:/usr/lib/jvm/java-8-openjdk-amd64/jre/lib/charsets.jar:/usr/lib/jvm/java-8-openjdk-amd64/jre/lib/ext/dnsns.jar:/usr/lib/jvm/java-8-openjdk-amd64/jre/lib/ext/java-atk-wrapper.jar:/usr/lib/jvm/java-8-openjdk-amd64/jre/lib/ext/sunjce_provider.jar:/usr/lib/jvm/java-8-openjdk-amd64/jre/lib/ext/icedtea-sound.jar:/usr/lib/jvm/java-8-openjdk-amd64/jre/lib/ext/cldrdata.jar:/usr/lib/jvm/java-8-openjdk-amd64/jre/lib/ext/localedata.jar:/usr/lib/jvm/java-8-openjdk-amd64/jre/lib/ext/nashorn.jar:/usr/lib/jvm/java-8-openjdk-amd64/jre/lib/ext/sunpkcs11.jar:/usr/lib/jvm/java-8-openjdk-amd64/jre/lib/ext/zipfs.jar:/usr/lib/jvm/java-8-openjdk-amd64/jre/lib/ext/sunec.jar:/usr/lib/jvm/java-8-openjdk-amd64/jre/lib/ext/jaccess.jar:/home/floris/git/serenity/target/classes:/home/floris/.m2/repository/org/eclipse/xtend/org.eclipse.xtend.lib/2.12.0/org.eclipse.xtend.lib-2.12.0.jar:/home/floris/.m2/repository/org/eclipse/xtext/org.eclipse.xtext.xbase.lib/2.12.0/org.eclipse.xtext.xbase.lib-2.12.0.jar:/home/floris/.m2/repository/com/google/guava/guava/19.0-rc3/guava-19.0-rc3.jar:/home/floris/.m2/repository/org/eclipse/xtend/org.eclipse.xtend.lib.macro/2.12.0/org.eclipse.xtend.lib.macro-2.12.0.jar:/home/floris/.m2/repository/org/apache/logging/log4j/log4j-api/2.8.2/log4j-api-2.8.2.jar:/home/floris/.m2/repository/org/apache/logging/log4j/log4j-core/2.8.2/log4j-core-2.8.2.jar:/home/floris/.m2/repository/org/apache/logging/log4j/log4j-1.2-api/2.8.2/log4j-1.2-api-2.8.2.jar:/home/floris/.m2/repository/org/apache/logging/log4j/log4j-slf4j-impl/2.8.2/log4j-slf4j-impl-2.8.2.jar:/home/floris/.m2/repository/org/slf4j/slf4j-api/1.7.24/slf4j-api-1.7.24.jar:/home/floris/.m2/repository/commons-io/commons-io/2.6/commons-io-2.6.jar:/home/floris/.m2/repository/com/google/code/gson/gso
Launcher Type: SUN_STANDARD

Environment Variables:
JAVA_HOME=/usr/lib/jvm/java-8-oracle
PATH=/usr/local/bin:/usr/bin:/bin:/usr/local/games:/usr/games:/usr/lib/jvm/java-8-oracle/bin:/usr/lib/jvm/java-8-oracle/db/bin:/usr/lib/jvm/java-8-oracle/jre/bin
USERNAME=floris
SHELL=/bin/bash
DISPLAY=:1

Signal Handlers:
SIGSEGV: [libjvm.so+0xa6bed0], sa_mask[0]=11111111011111111101111111111110, sa_flags=SA_RESTART|SA_SIGINFO
SIGBUS: [libjvm.so+0xa6bed0], sa_mask[0]=11111111011111111101111111111110, sa_flags=SA_RESTART|SA_SIGINFO
SIGFPE: [libjvm.so+0x8b6390], sa_mask[0]=11111111011111111101111111111110, sa_flags=SA_RESTART|SA_SIGINFO
SIGPIPE: [libjvm.so+0x8b6390], sa_mask[0]=11111111011111111101111111111110, sa_flags=SA_RESTART|SA_SIGINFO
SIGXFSZ: [libjvm.so+0x8b6390], sa_mask[0]=11111111011111111101111111111110, sa_flags=SA_RESTART|SA_SIGINFO
SIGILL: [libjvm.so+0x8b6390], sa_mask[0]=11111111011111111101111111111110, sa_flags=SA_RESTART|SA_SIGINFO
SIGUSR1: SIG_DFL, sa_mask[0]=00000000000000000000000000000000, sa_flags=none
SIGUSR2: [libjvm.so+0x8b6240], sa_mask[0]=00100000000000000000000000000000, sa_flags=SA_RESTART|SA_SIGINFO
SIGHUP: [libjvm.so+0x8b66f0], sa_mask[0]=11111111011111111101111111111110, sa_flags=SA_RESTART|SA_SIGINFO
SIGINT: [libjvm.so+0x8b66f0], sa_mask[0]=11111111011111111101111111111110, sa_flags=SA_RESTART|SA_SIGINFO
SIGTERM: [libjvm.so+0x8b66f0], sa_mask[0]=11111111011111111101111111111110, sa_flags=SA_RESTART|SA_SIGINFO
SIGQUIT: [libjvm.so+0x8b66f0], sa_mask[0]=11111111011111111101111111111110, sa_flags=SA_RESTART|SA_SIGINFO


---------------  S Y S T E M  ---------------

OS:PRETTY_NAME="Debian GNU/Linux 9 (stretch)"
NAME="Debian GNU/Linux"
VERSION_ID="9"
VERSION="9 (stretch)"
ID=debian
HOME_URL="https://www.debian.org/"
SUPPORT_URL="https://www.debian.org/support"
BUG_REPORT_URL="https://bugs.debian.org/"

uname:Linux 4.9.0-4-amd64 #1 SMP Debian 4.9.51-1 (2017-09-28) x86_64
libc:glibc 2.24 NPTL 2.24 
rlimit: STACK 8192k, CORE 0k, NPROC 128377, NOFILE 1048576, AS infinity
load average:1.25 1.02 0.92

/proc/meminfo:
MemTotal:       32887968 kB
MemFree:        13254892 kB
MemAvailable:   16721484 kB
Buffers:          231456 kB
Cached:          3565448 kB
SwapCached:            0 kB
Active:         16412976 kB
Inactive:        2482432 kB
Active(anon):   15099560 kB
Inactive(anon):    91472 kB
Active(file):    1313416 kB
Inactive(file):  2390960 kB
Unevictable:         124 kB
Mlocked:             124 kB
SwapTotal:      33488892 kB
SwapFree:       33488892 kB
Dirty:               224 kB
Writeback:             0 kB
AnonPages:      15092768 kB
Mapped:           574896 kB
Shmem:             92528 kB
Slab:             294536 kB
SReclaimable:     227820 kB
SUnreclaim:        66716 kB
KernelStack:       18960 kB
PageTables:        69504 kB
NFS_Unstable:          0 kB
Bounce:                0 kB
WritebackTmp:          0 kB
CommitLimit:    49932876 kB
Committed_AS:   26656188 kB
VmallocTotal:   34359738367 kB
VmallocUsed:           0 kB
VmallocChunk:          0 kB
HardwareCorrupted:     0 kB
AnonHugePages:         0 kB
ShmemHugePages:        0 kB
ShmemPmdMapped:        0 kB
HugePages_Total:       0
HugePages_Free:        0
HugePages_Rsvd:        0
HugePages_Surp:        0
Hugepagesize:       2048 kB
DirectMap4k:      577456 kB
DirectMap2M:    16136192 kB
DirectMap1G:    16777216 kB


CPU:total 8 (initial active 8) (4 cores per cpu, 2 threads per core) family 6 model 60 stepping 3, cmov, cx8, fxsr, mmx, sse, sse2, sse3, ssse3, sse4.1, sse4.2, popcnt, avx, avx2, aes, clmul, erms, lzcnt, ht, tsc, tscinvbit, bmi1, bmi2

/proc/cpuinfo:
processor	: 0
vendor_id	: GenuineIntel
cpu family	: 6
model		: 60
model name	: Intel(R) Core(TM) i7-4770K CPU @ 3.50GHz
stepping	: 3
microcode	: 0x22
cpu MHz		: 3700.378
cache size	: 8192 KB
physical id	: 0
siblings	: 8
core id		: 0
cpu cores	: 4
apicid		: 0
initial apicid	: 0
fpu		: yes
fpu_exception	: yes
cpuid level	: 13
wp		: yes
flags		: fpu vme de pse tsc msr pae mce cx8 apic sep mtrr pge mca cmov pat pse36 clflush dts acpi mmx fxsr sse sse2 ss ht tm pbe syscall nx pdpe1gb rdtscp lm constant_tsc arch_perfmon pebs bts rep_good nopl xtopology nonstop_tsc aperfmperf eagerfpu pni pclmulqdq dtes64 monitor ds_cpl vmx est tm2 ssse3 sdbg fma cx16 xtpr pdcm pcid sse4_1 sse4_2 movbe popcnt tsc_deadline_timer aes xsave avx f16c rdrand lahf_lm abm epb tpr_shadow vnmi flexpriority ept vpid fsgsbase tsc_adjust bmi1 avx2 smep bmi2 erms invpcid xsaveopt dtherm ida arat pln pts
bugs		:
bogomips	: 6999.39
clflush size	: 64
cache_alignment	: 64
address sizes	: 39 bits physical, 48 bits virtual
power management:

processor	: 1
vendor_id	: GenuineIntel
cpu family	: 6
model		: 60
model name	: Intel(R) Core(TM) i7-4770K CPU @ 3.50GHz
stepping	: 3
microcode	: 0x22
cpu MHz		: 3731.994
cache size	: 8192 KB
physical id	: 0
siblings	: 8
core id		: 1
cpu cores	: 4
apicid		: 2
initial apicid	: 2
fpu		: yes
fpu_exception	: yes
cpuid level	: 13
wp		: yes
flags		: fpu vme de pse tsc msr pae mce cx8 apic sep mtrr pge mca cmov pat pse36 clflush dts acpi mmx fxsr sse sse2 ss ht tm pbe syscall nx pdpe1gb rdtscp lm constant_tsc arch_perfmon pebs bts rep_good nopl xtopology nonstop_tsc aperfmperf eagerfpu pni pclmulqdq dtes64 monitor ds_cpl vmx est tm2 ssse3 sdbg fma cx16 xtpr pdcm pcid sse4_1 sse4_2 movbe popcnt tsc_deadline_timer aes xsave avx f16c rdrand lahf_lm abm epb tpr_shadow vnmi flexpriority ept vpid fsgsbase tsc_adjust bmi1 avx2 smep bmi2 erms invpcid xsaveopt dtherm ida arat pln pts
bugs		:
bogomips	: 7000.30
clflush size	: 64
cache_alignment	: 64
address sizes	: 39 bits physical, 48 bits virtual
power management:

processor	: 2
vendor_id	: GenuineIntel
cpu family	: 6
model		: 60
model name	: Intel(R) Core(TM) i7-4770K CPU @ 3.50GHz
stepping	: 3
microcode	: 0x22
cpu MHz		: 3668.334
cache size	: 8192 KB
physical id	: 0
siblings	: 8
core id		: 2
cpu cores	: 4
apicid		: 4
initial apicid	: 4
fpu		: yes
fpu_exception	: yes
cpuid level	: 13
wp		: yes
flags		: fpu vme de pse tsc msr pae mce cx8 apic sep mtrr pge mca cmov pat pse36 clflush dts acpi mmx fxsr sse sse2 ss ht tm pbe syscall nx pdpe1gb rdtscp lm constant_tsc arch_perfmon pebs bts rep_good nopl xtopology nonstop_tsc aperfmperf eagerfpu pni pclmulqdq dtes64 monitor ds_cpl vmx est tm2 ssse3 sdbg fma cx16 xtpr pdcm pcid sse4_1 sse4_2 movbe popcnt tsc_deadline_timer aes xsave avx f16c rdrand lahf_lm abm epb tpr_shadow vnmi flexpriority ept vpid fsgsbase tsc_adjust bmi1 avx2 smep bmi2 erms invpcid xsaveopt dtherm ida arat pln pts
bugs		:
bogomips	: 7000.33
clflush size	: 64
cache_alignment	: 64
address sizes	: 39 bits physical, 48 bits virtual
power management:

processor	: 3
vendor_id	: GenuineIntel
cpu family	: 6
model		: 60
model name	: Intel(R) Core(TM) i7-4770K CPU @ 3.50GHz
stepping	: 3
microcode	: 0x22
cpu MHz		: 3694.610
cache size	: 8192 KB
physical id	: 0
siblings	: 8
core id		: 3
cpu cores	: 4
apicid		: 6
initial apicid	: 6
fpu		: yes
fpu_exception	: yes
cpuid level	: 13
wp		: yes
flags		: fpu vme de pse tsc msr pae mce cx8 apic sep mtrr pge mca cmov pat pse36 clflush dts acpi mmx fxsr sse sse2 ss ht tm pbe syscall nx pdpe1gb rdtscp lm constant_tsc arch_perfmon pebs bts rep_good nopl xtopology nonstop_tsc aperfmperf eagerfpu pni pclmulqdq dtes64 monitor ds_cpl vmx est tm2 ssse3 sdbg fma cx16 xtpr pdcm pcid sse4_1 sse4_2 movbe popcnt tsc_deadline_timer aes xsave avx f16c rdrand lahf_lm abm epb tpr_shadow vnmi flexpriority ept vpid fsgsbase tsc_adjust bmi1 avx2 smep bmi2 erms invpcid xsaveopt dtherm ida arat pln pts
bugs		:
bogomips	: 7000.30
clflush size	: 64
cache_alignment	: 64
address sizes	: 39 bits physical, 48 bits virtual
power management:

processor	: 4
vendor_id	: GenuineIntel
cpu family	: 6
model		: 60
model name	: Intel(R) Core(TM) i7-4770K CPU @ 3.50GHz
stepping	: 3
microcode	: 0x22
cpu MHz		: 3738.403
cache size	: 8192 KB
physical id	: 0
siblings	: 8
core id		: 0
cpu cores	: 4
apicid		: 1
initial apicid	: 1
fpu		: yes
fpu_exception	: yes
cpuid level	: 13
wp		: yes
flags		: fpu vme de pse tsc msr pae mce cx8 apic sep mtrr pge mca cmov pat pse36 clflush dts acpi mmx fxsr sse sse2 ss ht tm pbe syscall nx pdpe1gb rdtscp lm constant_tsc arch_perfmon pebs bts rep_good nopl xtopology nonstop_tsc aperfmperf eagerfpu pni pclmulqdq dtes64 monitor ds_cpl vmx est tm2 ssse3 sdbg fma cx16 xtpr pdcm pcid sse4_1 sse4_2 movbe popcnt tsc_deadline_timer aes xsave avx f16c rdrand lahf_lm abm epb tpr_shadow vnmi flexpriority ept vpid fsgsbase tsc_adjust bmi1 avx2 smep bmi2 erms invpcid xsaveopt dtherm ida arat pln pts
bugs		:
bogomips	: 7000.68
clflush size	: 64
cache_alignment	: 64
address sizes	: 39 bits physical, 48 bits virtual
power management:

processor	: 5
vendor_id	: GenuineIntel
cpu family	: 6
model		: 60
model name	: Intel(R) Core(TM) i7-4770K CPU @ 3.50GHz
stepping	: 3
microcode	: 0x22
cpu MHz		: 3712.768
cache size	: 8192 KB
physical id	: 0
siblings	: 8
core id		: 1
cpu cores	: 4
apicid		: 3
initial apicid	: 3
fpu		: yes
fpu_exception	: yes
cpuid level	: 13
wp		: yes
flags		: fpu vme de pse tsc msr pae mce cx8 apic sep mtrr pge mca cmov pat pse36 clflush dts acpi mmx fxsr sse sse2 ss ht tm pbe syscall nx pdpe1gb rdtscp lm constant_tsc arch_perfmon pebs bts rep_good nopl xtopology nonstop_tsc aperfmperf eagerfpu pni pclmulqdq dtes64 monitor ds_cpl vmx est tm2 ssse3 sdbg fma cx16 xtpr pdcm pcid sse4_1 sse4_2 movbe popcnt tsc_deadline_timer aes xsave avx f16c rdrand lahf_lm abm epb tpr_shadow vnmi flexpriority ept vpid fsgsbase tsc_adjust bmi1 avx2 smep bmi2 erms invpcid xsaveopt dtherm ida arat pln pts
bugs		:
bogomips	: 7000.36
clflush size	: 64
cache_alignment	: 64
address sizes	: 39 bits physical, 48 bits virtual
power management:

processor	: 6
vendor_id	: GenuineIntel
cpu family	: 6
model		: 60
model name	: Intel(R) Core(TM) i7-4770K CPU @ 3.50GHz
stepping	: 3
microcode	: 0x22
cpu MHz		: 3686.492
cache size	: 8192 KB
physical id	: 0
siblings	: 8
core id		: 2
cpu cores	: 4
apicid		: 5
initial apicid	: 5
fpu		: yes
fpu_exception	: yes
cpuid level	: 13
wp		: yes
flags		: fpu vme de pse tsc msr pae mce cx8 apic sep mtrr pge mca cmov pat pse36 clflush dts acpi mmx fxsr sse sse2 ss ht tm pbe syscall nx pdpe1gb rdtscp lm constant_tsc arch_perfmon pebs bts rep_good nopl xtopology nonstop_tsc aperfmperf eagerfpu pni pclmulqdq dtes64 monitor ds_cpl vmx est tm2 ssse3 sdbg fma cx16 xtpr pdcm pcid sse4_1 sse4_2 movbe popcnt tsc_deadline_timer aes xsave avx f16c rdrand lahf_lm abm epb tpr_shadow vnmi flexpriority ept vpid fsgsbase tsc_adjust bmi1 avx2 smep bmi2 erms invpcid xsaveopt dtherm ida arat pln pts
bugs		:
bogomips	: 7000.35
clflush size	: 64
cache_alignment	: 64
address sizes	: 39 bits physical, 48 bits virtual
power management:

processor	: 7
vendor_id	: GenuineIntel
cpu family	: 6
model		: 60
model name	: Intel(R) Core(TM) i7-4770K CPU @ 3.50GHz
stepping	: 3
microcode	: 0x22
cpu MHz		: 3806.762
cache size	: 8192 KB
physical id	: 0
siblings	: 8
core id		: 3
cpu cores	: 4
apicid		: 7
initial apicid	: 7
fpu		: yes
fpu_exception	: yes
cpuid level	: 13
wp		: yes
flags		: fpu vme de pse tsc msr pae mce cx8 apic sep mtrr pge mca cmov pat pse36 clflush dts acpi mmx fxsr sse sse2 ss ht tm pbe syscall nx pdpe1gb rdtscp lm constant_tsc arch_perfmon pebs bts rep_good nopl xtopology nonstop_tsc aperfmperf eagerfpu pni pclmulqdq dtes64 monitor ds_cpl vmx est tm2 ssse3 sdbg fma cx16 xtpr pdcm pcid sse4_1 sse4_2 movbe popcnt tsc_deadline_timer aes xsave avx f16c rdrand lahf_lm abm epb tpr_shadow vnmi flexpriority ept vpid fsgsbase tsc_adjust bmi1 avx2 smep bmi2 erms invpcid xsaveopt dtherm ida arat pln pts
bugs		:
bogomips	: 7000.34
clflush size	: 64
cache_alignment	: 64
address sizes	: 39 bits physical, 48 bits virtual
power management:



Memory: 4k page, physical 32887968k(13254892k free), swap 33488892k(33488892k free)

vm_info: OpenJDK 64-Bit Server VM (25.151-b12) for linux-amd64 JRE (1.8.0_151-8u151-b12-1~deb9u1-b12), built on Nov  1 2017 14:17:57 by "pbuilder" with gcc 6.3.0 20170516

time: Fri Nov 24 13:02:05 2017
elapsed time: 5 seconds (0d 0h 0m 5s)

